Using pre-set license
Built from '2020.2/release' branch; Version is '2020.2.1f1 (270dd8c3da1c) revision 2559448'; Using compiler version '192528614'; Build Type 'Release'
OS: 'Windows 10  (10.0.0) 64bit' Language: 'en' Physical Memory: 16326 MB
BatchMode: 1, IsHumanControllingUs: 0, StartBugReporterOnCrash: 0, Is64bit: 1, IsPro: 0

 COMMAND LINE ARGUMENTS:
D:\Program Files (x86)\UnityEditors\2020.2.1f1\Editor\Unity.exe
-adb2
-batchMode
-noUpm
-name
AssetImportWorker0
-projectPath
D:/NatWa/GitHubRepositories/Mobile-Game-ios/Android Game
-logFile
Logs/AssetImportWorker0.log
-srvPort
54357
Successfully changed project path to: D:/NatWa/GitHubRepositories/Mobile-Game-ios/Android Game
D:/NatWa/GitHubRepositories/Mobile-Game-ios/Android Game
Using Asset Import Pipeline V2.
Refreshing native plugins compatible for Editor in 80.48 ms, found 1 plugins.
Preloading 0 native plugins for Editor in 0.00 ms.
Initialize engine version: 2020.2.1f1 (270dd8c3da1c)
[Subsystems] Discovering subsystems at path D:/Program Files (x86)/UnityEditors/2020.2.1f1/Editor/Data/Resources/UnitySubsystems
[Subsystems] Discovering subsystems at path D:/NatWa/GitHubRepositories/Mobile-Game-ios/Android Game/Assets
GfxDevice: creating device client; threaded=0
Direct3D:
    Version:  Direct3D 11.0 [level 11.1]
    Renderer: NVIDIA GeForce GTX 1080 Ti (ID=0x1b06)
    Vendor:   
    VRAM:     11127 MB
    Driver:   30.0.14.7141
Shader 'Universal Render Pipeline/Particles/Lit': fallback shader 'Universal Render Pipeline/Particles/SimpleLit' not found
Initialize mono
Mono path[0] = 'D:/Program Files (x86)/UnityEditors/2020.2.1f1/Editor/Data/Managed'
Mono path[1] = 'D:/Program Files (x86)/UnityEditors/2020.2.1f1/Editor/Data/MonoBleedingEdge/lib/mono/unityjit'
Mono config path = 'D:/Program Files (x86)/UnityEditors/2020.2.1f1/Editor/Data/MonoBleedingEdge/etc'
Using monoOptions --debugger-agent=transport=dt_socket,embedding=1,server=y,suspend=n,address=127.0.0.1:56192
Begin MonoManager ReloadAssembly
Registering precompiled unity dll's ...
Register platform support module: D:/Program Files (x86)/UnityEditors/2020.2.1f1/Editor/Data/PlaybackEngines/WindowsStandaloneSupport/UnityEditor.WindowsStandalone.Extensions.dll
Registered in 0.003310 seconds.
Native extension for WindowsStandalone target not found
Refreshing native plugins compatible for Editor in 67.34 ms, found 1 plugins.
Preloading 0 native plugins for Editor in 0.00 ms.
Invoked RoslynAnalysisRunner static constructor.
RoslynAnalysisRunner will not be running.
RoslynAnalysisRunner has terminated.
Mono: successfully reloaded assembly
- Completed reload, in  2.300 seconds
Platform modules already initialized, skipping
Registering precompiled user dll's ...
Registered in 0.003407 seconds.
Begin MonoManager ReloadAssembly
Error: Could not load signature of Unity.Android.Logcat.AndroidLogcat:.ctor due to: Could not load file or assembly 'UnityEditor.Android.Extensions, Version=1.0.0.0, Culture=neutral, PublicKeyToken=null' or one of its dependencies. assembly:UnityEditor.Android.Extensions, Version=1.0.0.0, Culture=neutral, PublicKeyToken=null type:<unknown type> member:(null) signature:<none>
0x00007ff6eb768c8c (Unity) StackWalker::GetCurrentCallstack
0x00007ff6eb771069 (Unity) StackWalker::ShowCallstack
0x00007ff6ecc4564c (Unity) GetStacktrace
0x00007ff6edd04803 (Unity) DebugStringToFile
0x00007ff6eb58f87b (Unity) ScanForAttributesAndInterfaceImplementations
0x00007ff6eb5a2fba (Unity) MonoManager::EndReloadAssembly
0x00007ff6eb5aa339 (Unity) MonoManager::ReloadAssembly
0x00007ff6ec9543a1 (Unity) LoadDomainAndUserAssemblies
0x00007ff6ec95484e (Unity) LoadUserAssemblies
0x00007ff6ec2dd736 (Unity) Application::InitializeProject
0x00007ff6ecc52be2 (Unity) WinMain
0x00007ff6eea98fc6 (Unity) __scrt_common_main_seh
0x00007ffde36e7c24 (KERNEL32) BaseThreadInitThunk
0x00007ffde434d721 (ntdll) RtlUserThreadStart

Unloading broken assembly Library/ScriptAssemblies/Unity.Mobile.AndroidLogcat.Editor.dll, this assembly can cause crashes in the runtime
0x00007ff6eb768c8c (Unity) StackWalker::GetCurrentCallstack
0x00007ff6eb771069 (Unity) StackWalker::ShowCallstack
0x00007ff6ecc4564c (Unity) GetStacktrace
0x00007ff6edd04803 (Unity) DebugStringToFile
0x00007ff6eb5abf10 (Unity) MonoManager::SetupLoadedEditorAssemblies
0x00007ff6eb5a330c (Unity) MonoManager::EndReloadAssembly
0x00007ff6eb5aa339 (Unity) MonoManager::ReloadAssembly
0x00007ff6ec9543a1 (Unity) LoadDomainAndUserAssemblies
0x00007ff6ec95484e (Unity) LoadUserAssemblies
0x00007ff6ec2dd736 (Unity) Application::InitializeProject
0x00007ff6ecc52be2 (Unity) WinMain
0x00007ff6eea98fc6 (Unity) __scrt_common_main_seh
0x00007ffde36e7c24 (KERNEL32) BaseThreadInitThunk
0x00007ffde434d721 (ntdll) RtlUserThreadStart

Native extension for WindowsStandalone target not found
Refreshing native plugins compatible for Editor in 72.15 ms, found 1 plugins.
Preloading 0 native plugins for Editor in 0.00 ms.
Invoked RoslynAnalysisRunner static constructor.
RoslynAnalysisRunner will not be running.
RoslynAnalysisRunner has terminated.
Mono: successfully reloaded assembly
- Completed reload, in  1.679 seconds
Platform modules already initialized, skipping
========================================================================
Worker process is ready to serve import requests
Shader 'Universal Render Pipeline/Particles/Lit': fallback shader 'Universal Render Pipeline/Particles/SimpleLit' not found
Launched and connected shader compiler UnityShaderCompiler.exe after 0.05 seconds
Refreshing native plugins compatible for Editor in 0.78 ms, found 1 plugins.
Preloading 0 native plugins for Editor in 0.00 ms.
Unloading 3268 Unused Serialized files (Serialized files now loaded: 0)
System memory in use before: 147.0 MB.
System memory in use after: 147.2 MB.

Unloading 33 unused Assets to reduce memory usage. Loaded Objects now: 3710.
Total: 1.993300 ms (FindLiveObjects: 0.260900 ms CreateObjectMapping: 0.105600 ms MarkObjects: 1.604100 ms  DeleteObjects: 0.021900 ms)

========================================================================
Received Import Request.
  path: Assets/Building Blocks/Spring/Ground.prefab
  artifactKey: Guid(928f8b03d1fbbfc4992950143a62c662) Importer(815301076,1909f56bfc062723c751e8b465ee728b)
Start importing Assets/Building Blocks/Spring/Ground.prefab using Guid(928f8b03d1fbbfc4992950143a62c662) Importer(815301076,1909f56bfc062723c751e8b465ee728b)  -> (artifact id: 'd2d27e08fd658ef0f191ac60b4724fc2') in 0.398662 seconds
  Import took 0.403822 seconds .

========================================================================
Received Prepare
Registering precompiled user dll's ...
Registered in 0.003303 seconds.
Begin MonoManager ReloadAssembly
Error: Could not load signature of Unity.Android.Logcat.AndroidLogcat:.ctor due to: Could not load file or assembly 'UnityEditor.Android.Extensions, Version=1.0.0.0, Culture=neutral, PublicKeyToken=null' or one of its dependencies. assembly:UnityEditor.Android.Extensions, Version=1.0.0.0, Culture=neutral, PublicKeyToken=null type:<unknown type> member:(null) signature:<none>
0x00007ff6eb768c8c (Unity) StackWalker::GetCurrentCallstack
0x00007ff6eb771069 (Unity) StackWalker::ShowCallstack
0x00007ff6ecc4564c (Unity) GetStacktrace
0x00007ff6edd04803 (Unity) DebugStringToFile
0x00007ff6eb58f87b (Unity) ScanForAttributesAndInterfaceImplementations
0x00007ff6eb5a2fba (Unity) MonoManager::EndReloadAssembly
0x00007ff6eb5aa339 (Unity) MonoManager::ReloadAssembly
0x00007ff6ec9543a1 (Unity) LoadDomainAndUserAssemblies
0x00007ff6ec95484e (Unity) LoadUserAssemblies
0x00007ff6ecd77f88 (Unity) <lambda_7a4e346ad56c093be607e8c3dc54f69c>::operator()
0x00007ff6ece420d2 (Unity) asio::detail::completion_handler<core::mutable_function<void __cdecl(void)> >::do_complete
0x00007ff6ece44230 (Unity) asio::detail::win_iocp_io_service::do_one
0x00007ff6ece479be (Unity) asio::io_service::run
0x00007ff6ecdbdd50 (Unity) RunAssetImportWorkerClientV2
0x00007ff6ecdbdda0 (Unity) RunAssetImporterV2
0x00007ff6ec2dd73b (Unity) Application::InitializeProject
0x00007ff6ecc52be2 (Unity) WinMain
0x00007ff6eea98fc6 (Unity) __scrt_common_main_seh
0x00007ffde36e7c24 (KERNEL32) BaseThreadInitThunk
0x00007ffde434d721 (ntdll) RtlUserThreadStart

Unloading broken assembly Library/ScriptAssemblies/Unity.Mobile.AndroidLogcat.Editor.dll, this assembly can cause crashes in the runtime
0x00007ff6eb768c8c (Unity) StackWalker::GetCurrentCallstack
0x00007ff6eb771069 (Unity) StackWalker::ShowCallstack
0x00007ff6ecc4564c (Unity) GetStacktrace
0x00007ff6edd04803 (Unity) DebugStringToFile
0x00007ff6eb5abf10 (Unity) MonoManager::SetupLoadedEditorAssemblies
0x00007ff6eb5a330c (Unity) MonoManager::EndReloadAssembly
0x00007ff6eb5aa339 (Unity) MonoManager::ReloadAssembly
0x00007ff6ec9543a1 (Unity) LoadDomainAndUserAssemblies
0x00007ff6ec95484e (Unity) LoadUserAssemblies
0x00007ff6ecd77f88 (Unity) <lambda_7a4e346ad56c093be607e8c3dc54f69c>::operator()
0x00007ff6ece420d2 (Unity) asio::detail::completion_handler<core::mutable_function<void __cdecl(void)> >::do_complete
0x00007ff6ece44230 (Unity) asio::detail::win_iocp_io_service::do_one
0x00007ff6ece479be (Unity) asio::io_service::run
0x00007ff6ecdbdd50 (Unity) RunAssetImportWorkerClientV2
0x00007ff6ecdbdda0 (Unity) RunAssetImporterV2
0x00007ff6ec2dd73b (Unity) Application::InitializeProject
0x00007ff6ecc52be2 (Unity) WinMain
0x00007ff6eea98fc6 (Unity) __scrt_common_main_seh
0x00007ffde36e7c24 (KERNEL32) BaseThreadInitThunk
0x00007ffde434d721 (ntdll) RtlUserThreadStart

Native extension for WindowsStandalone target not found
Refreshing native plugins compatible for Editor in 0.80 ms, found 1 plugins.
Preloading 0 native plugins for Editor in 0.00 ms.
Invoked RoslynAnalysisRunner static constructor.
RoslynAnalysisRunner will not be running.
RoslynAnalysisRunner has terminated.
Mono: successfully reloaded assembly
- Completed reload, in  1.278 seconds
Platform modules already initialized, skipping
Shader 'Universal Render Pipeline/Particles/Lit': fallback shader 'Universal Render Pipeline/Particles/SimpleLit' not found
Refreshing native plugins compatible for Editor in 0.80 ms, found 1 plugins.
Preloading 0 native plugins for Editor in 0.00 ms.
Unloading 3113 Unused Serialized files (Serialized files now loaded: 0)
System memory in use before: 142.8 MB.
System memory in use after: 143.1 MB.

Unloading 22 unused Assets to reduce memory usage. Loaded Objects now: 3759.
Total: 2.647000 ms (FindLiveObjects: 0.348100 ms CreateObjectMapping: 0.171400 ms MarkObjects: 2.105600 ms  DeleteObjects: 0.021000 ms)

========================================================================
Received Prepare
Registering precompiled user dll's ...
Registered in 0.003312 seconds.
Begin MonoManager ReloadAssembly
Error: Could not load signature of Unity.Android.Logcat.AndroidLogcat:.ctor due to: Could not load file or assembly 'UnityEditor.Android.Extensions, Version=1.0.0.0, Culture=neutral, PublicKeyToken=null' or one of its dependencies. assembly:UnityEditor.Android.Extensions, Version=1.0.0.0, Culture=neutral, PublicKeyToken=null type:<unknown type> member:(null) signature:<none>
0x00007ff6eb768c8c (Unity) StackWalker::GetCurrentCallstack
0x00007ff6eb771069 (Unity) StackWalker::ShowCallstack
0x00007ff6ecc4564c (Unity) GetStacktrace
0x00007ff6edd04803 (Unity) DebugStringToFile
0x00007ff6eb58f87b (Unity) ScanForAttributesAndInterfaceImplementations
0x00007ff6eb5a2fba (Unity) MonoManager::EndReloadAssembly
0x00007ff6eb5aa339 (Unity) MonoManager::ReloadAssembly
0x00007ff6ec9543a1 (Unity) LoadDomainAndUserAssemblies
0x00007ff6ec95484e (Unity) LoadUserAssemblies
0x00007ff6ecd77f88 (Unity) <lambda_7a4e346ad56c093be607e8c3dc54f69c>::operator()
0x00007ff6ece420d2 (Unity) asio::detail::completion_handler<core::mutable_function<void __cdecl(void)> >::do_complete
0x00007ff6ece44230 (Unity) asio::detail::win_iocp_io_service::do_one
0x00007ff6ece479be (Unity) asio::io_service::run
0x00007ff6ecdbdd50 (Unity) RunAssetImportWorkerClientV2
0x00007ff6ecdbdda0 (Unity) RunAssetImporterV2
0x00007ff6ec2dd73b (Unity) Application::InitializeProject
0x00007ff6ecc52be2 (Unity) WinMain
0x00007ff6eea98fc6 (Unity) __scrt_common_main_seh
0x00007ffde36e7c24 (KERNEL32) BaseThreadInitThunk
0x00007ffde434d721 (ntdll) RtlUserThreadStart

Unloading broken assembly Library/ScriptAssemblies/Unity.Mobile.AndroidLogcat.Editor.dll, this assembly can cause crashes in the runtime
0x00007ff6eb768c8c (Unity) StackWalker::GetCurrentCallstack
0x00007ff6eb771069 (Unity) StackWalker::ShowCallstack
0x00007ff6ecc4564c (Unity) GetStacktrace
0x00007ff6edd04803 (Unity) DebugStringToFile
0x00007ff6eb5abf10 (Unity) MonoManager::SetupLoadedEditorAssemblies
0x00007ff6eb5a330c (Unity) MonoManager::EndReloadAssembly
0x00007ff6eb5aa339 (Unity) MonoManager::ReloadAssembly
0x00007ff6ec9543a1 (Unity) LoadDomainAndUserAssemblies
0x00007ff6ec95484e (Unity) LoadUserAssemblies
0x00007ff6ecd77f88 (Unity) <lambda_7a4e346ad56c093be607e8c3dc54f69c>::operator()
0x00007ff6ece420d2 (Unity) asio::detail::completion_handler<core::mutable_function<void __cdecl(void)> >::do_complete
0x00007ff6ece44230 (Unity) asio::detail::win_iocp_io_service::do_one
0x00007ff6ece479be (Unity) asio::io_service::run
0x00007ff6ecdbdd50 (Unity) RunAssetImportWorkerClientV2
0x00007ff6ecdbdda0 (Unity) RunAssetImporterV2
0x00007ff6ec2dd73b (Unity) Application::InitializeProject
0x00007ff6ecc52be2 (Unity) WinMain
0x00007ff6eea98fc6 (Unity) __scrt_common_main_seh
0x00007ffde36e7c24 (KERNEL32) BaseThreadInitThunk
0x00007ffde434d721 (ntdll) RtlUserThreadStart

Native extension for WindowsStandalone target not found
Refreshing native plugins compatible for Editor in 0.79 ms, found 1 plugins.
Preloading 0 native plugins for Editor in 0.00 ms.
Invoked RoslynAnalysisRunner static constructor.
RoslynAnalysisRunner will not be running.
RoslynAnalysisRunner has terminated.
Mono: successfully reloaded assembly
- Completed reload, in  0.947 seconds
Platform modules already initialized, skipping
Shader 'Universal Render Pipeline/Particles/Lit': fallback shader 'Universal Render Pipeline/Particles/SimpleLit' not found
Refreshing native plugins compatible for Editor in 0.79 ms, found 1 plugins.
Preloading 0 native plugins for Editor in 0.00 ms.
Unloading 3114 Unused Serialized files (Serialized files now loaded: 0)
System memory in use before: 143.9 MB.
System memory in use after: 144.1 MB.

Unloading 22 unused Assets to reduce memory usage. Loaded Objects now: 3762.
Total: 3.508200 ms (FindLiveObjects: 0.282800 ms CreateObjectMapping: 0.164000 ms MarkObjects: 3.027700 ms  DeleteObjects: 0.032600 ms)

========================================================================
Received Import Request.
  Time since last request: 669.149704 seconds.
  path: Assets/Building Blocks/Spring/Roof.prefab
  artifactKey: Guid(355719d842134c34bb35e2752c89d8e7) Importer(815301076,1909f56bfc062723c751e8b465ee728b)
Start importing Assets/Building Blocks/Spring/Roof.prefab using Guid(355719d842134c34bb35e2752c89d8e7) Importer(815301076,1909f56bfc062723c751e8b465ee728b)  -> (artifact id: '3bbfdd8b05ec58b3f30e659c752c0c2c') in 0.150494 seconds
  Import took 0.155984 seconds .

========================================================================
Received Import Request.
  Time since last request: 0.004538 seconds.
  path: Assets/Building Blocks/Spring/Roof.prefab
  artifactKey: Guid(355719d842134c34bb35e2752c89d8e7) Importer(815301076,1909f56bfc062723c751e8b465ee728b)
Start importing Assets/Building Blocks/Spring/Roof.prefab using Guid(355719d842134c34bb35e2752c89d8e7) Importer(815301076,1909f56bfc062723c751e8b465ee728b)  -> (artifact id: '3bbfdd8b05ec58b3f30e659c752c0c2c') in 0.026614 seconds
  Import took 0.031814 seconds .

========================================================================
Received Import Request.
  Time since last request: 16.968972 seconds.
  path: Assets/Building Blocks/Spring/Portal.prefab
  artifactKey: Guid(9d6adfa8259279c4194b8adfb0da747d) Importer(815301076,1909f56bfc062723c751e8b465ee728b)
Start importing Assets/Building Blocks/Spring/Portal.prefab using Guid(9d6adfa8259279c4194b8adfb0da747d) Importer(815301076,1909f56bfc062723c751e8b465ee728b)  -> (artifact id: 'eacdd57ecd681dc701a236e7b6b077a2') in 0.006733 seconds
  Import took 0.011213 seconds .

========================================================================
Received Import Request.
  Time since last request: 0.115058 seconds.
  path: Assets/Building Blocks/Spring/Portal.prefab
  artifactKey: Guid(9d6adfa8259279c4194b8adfb0da747d) Importer(815301076,1909f56bfc062723c751e8b465ee728b)
Start importing Assets/Building Blocks/Spring/Portal.prefab using Guid(9d6adfa8259279c4194b8adfb0da747d) Importer(815301076,1909f56bfc062723c751e8b465ee728b)  -> (artifact id: 'eacdd57ecd681dc701a236e7b6b077a2') in 0.004083 seconds
  Import took 0.008988 seconds .

========================================================================
Received Import Request.
  Time since last request: 0.026845 seconds.
  path: Assets/Building Blocks/Spring/Roof.prefab
  artifactKey: Guid(355719d842134c34bb35e2752c89d8e7) Importer(815301076,1909f56bfc062723c751e8b465ee728b)
Start importing Assets/Building Blocks/Spring/Roof.prefab using Guid(355719d842134c34bb35e2752c89d8e7) Importer(815301076,1909f56bfc062723c751e8b465ee728b)  -> (artifact id: 'fda8cd5571c8d8a6f6618b30d2b1feda') in 0.033660 seconds
  Import took 0.038547 seconds .

========================================================================
Received Import Request.
  Time since last request: 56.774895 seconds.
  path: Assets/Building Blocks/Spring/Roof.prefab
  artifactKey: Guid(355719d842134c34bb35e2752c89d8e7) Importer(815301076,1909f56bfc062723c751e8b465ee728b)
Start importing Assets/Building Blocks/Spring/Roof.prefab using Guid(355719d842134c34bb35e2752c89d8e7) Importer(815301076,1909f56bfc062723c751e8b465ee728b)  -> (artifact id: '281b4b359f3326fcb018454ad5b0b9b2') in 0.026453 seconds
  Import took 0.031539 seconds .

========================================================================
Received Import Request.
  Time since last request: 0.737437 seconds.
  path: Assets/Building Blocks/Spring/Roof.prefab
  artifactKey: Guid(355719d842134c34bb35e2752c89d8e7) Importer(815301076,1909f56bfc062723c751e8b465ee728b)
Start importing Assets/Building Blocks/Spring/Roof.prefab using Guid(355719d842134c34bb35e2752c89d8e7) Importer(815301076,1909f56bfc062723c751e8b465ee728b)  -> (artifact id: '6b00913377a646e1c774c0c9b3354978') in 0.027755 seconds
  Import took 0.032847 seconds .

========================================================================
Received Import Request.
  Time since last request: 0.618655 seconds.
  path: Assets/Building Blocks/Spring/Roof.prefab
  artifactKey: Guid(355719d842134c34bb35e2752c89d8e7) Importer(815301076,1909f56bfc062723c751e8b465ee728b)
Start importing Assets/Building Blocks/Spring/Roof.prefab using Guid(355719d842134c34bb35e2752c89d8e7) Importer(815301076,1909f56bfc062723c751e8b465ee728b)  -> (artifact id: '5210dbfd88cc703403c27ee2329db864') in 0.025474 seconds
  Import took 0.030584 seconds .

========================================================================
Received Import Request.
  Time since last request: 0.344228 seconds.
  path: Assets/Building Blocks/Spring/Roof.prefab
  artifactKey: Guid(355719d842134c34bb35e2752c89d8e7) Importer(815301076,1909f56bfc062723c751e8b465ee728b)
Start importing Assets/Building Blocks/Spring/Roof.prefab using Guid(355719d842134c34bb35e2752c89d8e7) Importer(815301076,1909f56bfc062723c751e8b465ee728b)  -> (artifact id: 'b0baa462a7e7fe2ce0db4d72e5286d72') in 0.025636 seconds
  Import took 0.030398 seconds .

========================================================================
Received Import Request.
  Time since last request: 0.575907 seconds.
  path: Assets/Building Blocks/Spring/Roof.prefab
  artifactKey: Guid(355719d842134c34bb35e2752c89d8e7) Importer(815301076,1909f56bfc062723c751e8b465ee728b)
Start importing Assets/Building Blocks/Spring/Roof.prefab using Guid(355719d842134c34bb35e2752c89d8e7) Importer(815301076,1909f56bfc062723c751e8b465ee728b)  -> (artifact id: '1bf96523ee868ee827a92ff7e7975355') in 0.025279 seconds
  Import took 0.030582 seconds .

========================================================================
Received Import Request.
  Time since last request: 15.591395 seconds.
  path: Assets/Building Blocks/Spring/Roof.prefab
  artifactKey: Guid(355719d842134c34bb35e2752c89d8e7) Importer(815301076,1909f56bfc062723c751e8b465ee728b)
Start importing Assets/Building Blocks/Spring/Roof.prefab using Guid(355719d842134c34bb35e2752c89d8e7) Importer(815301076,1909f56bfc062723c751e8b465ee728b)  -> (artifact id: '8202f287e4e608f80849ec96ba7022f8') in 0.032589 seconds
  Import took 0.037902 seconds .

========================================================================
Received Import Request.
  Time since last request: 223.021816 seconds.
  path: Assets/Building Blocks/Spring/Roof.prefab
  artifactKey: Guid(355719d842134c34bb35e2752c89d8e7) Importer(815301076,1909f56bfc062723c751e8b465ee728b)
Start importing Assets/Building Blocks/Spring/Roof.prefab using Guid(355719d842134c34bb35e2752c89d8e7) Importer(815301076,1909f56bfc062723c751e8b465ee728b)  -> (artifact id: '1c29de6076692396330b59ea1033d9db') in 0.032027 seconds
  Import took 0.037556 seconds .

========================================================================
Received Import Request.
  Time since last request: 18.166284 seconds.
  path: Assets/Building Blocks/Spring/Portal.prefab
  artifactKey: Guid(9d6adfa8259279c4194b8adfb0da747d) Importer(815301076,1909f56bfc062723c751e8b465ee728b)
Start importing Assets/Building Blocks/Spring/Portal.prefab using Guid(9d6adfa8259279c4194b8adfb0da747d) Importer(815301076,1909f56bfc062723c751e8b465ee728b)  -> (artifact id: 'f59e5bbe9131a2772cf5d9faceb2877d') in 0.006299 seconds
  Import took 0.011782 seconds .

========================================================================
Received Import Request.
  Time since last request: 0.000926 seconds.
  path: Assets/Building Blocks/Spring/Portal.prefab
  artifactKey: Guid(9d6adfa8259279c4194b8adfb0da747d) Importer(815301076,1909f56bfc062723c751e8b465ee728b)
Start importing Assets/Building Blocks/Spring/Portal.prefab using Guid(9d6adfa8259279c4194b8adfb0da747d) Importer(815301076,1909f56bfc062723c751e8b465ee728b)  -> (artifact id: 'f59e5bbe9131a2772cf5d9faceb2877d') in 0.005333 seconds
  Import took 0.010408 seconds .

========================================================================
Received Import Request.
  Time since last request: 7.551729 seconds.
  path: Assets/Building Blocks/Spring/Roof.prefab
  artifactKey: Guid(355719d842134c34bb35e2752c89d8e7) Importer(815301076,1909f56bfc062723c751e8b465ee728b)
Start importing Assets/Building Blocks/Spring/Roof.prefab using Guid(355719d842134c34bb35e2752c89d8e7) Importer(815301076,1909f56bfc062723c751e8b465ee728b)  -> (artifact id: '99438404a38fc2e1e4e1029e03cd1081') in 0.025324 seconds
  Import took 0.030039 seconds .

========================================================================
Received Import Request.
  Time since last request: 17.160031 seconds.
  path: Assets/Building Blocks/Spring/Portal.prefab
  artifactKey: Guid(9d6adfa8259279c4194b8adfb0da747d) Importer(815301076,1909f56bfc062723c751e8b465ee728b)
Start importing Assets/Building Blocks/Spring/Portal.prefab using Guid(9d6adfa8259279c4194b8adfb0da747d) Importer(815301076,1909f56bfc062723c751e8b465ee728b)  -> (artifact id: '2eb2662ffb88e35b46a072e36b41e289') in 0.005927 seconds
  Import took 0.011052 seconds .

========================================================================
Received Import Request.
  Time since last request: 0.000151 seconds.
  path: Assets/Building Blocks/Spring/Roof.prefab
  artifactKey: Guid(355719d842134c34bb35e2752c89d8e7) Importer(815301076,1909f56bfc062723c751e8b465ee728b)
Start importing Assets/Building Blocks/Spring/Roof.prefab using Guid(355719d842134c34bb35e2752c89d8e7) Importer(815301076,1909f56bfc062723c751e8b465ee728b)  -> (artifact id: '4db78197baf2cc530f38f69db7516a05') in 0.027975 seconds
  Import took 0.032709 seconds .

========================================================================
Received Import Request.
  Time since last request: 0.000173 seconds.
  path: Assets/Building Blocks/Spring/Portal.prefab
  artifactKey: Guid(9d6adfa8259279c4194b8adfb0da747d) Importer(815301076,1909f56bfc062723c751e8b465ee728b)
Start importing Assets/Building Blocks/Spring/Portal.prefab using Guid(9d6adfa8259279c4194b8adfb0da747d) Importer(815301076,1909f56bfc062723c751e8b465ee728b)  -> (artifact id: '2eb2662ffb88e35b46a072e36b41e289') in 0.006862 seconds
  Import took 0.012240 seconds .

========================================================================
Received Import Request.
  Time since last request: 0.078798 seconds.
  path: Assets/Building Blocks/Spring/Roof.prefab
  artifactKey: Guid(355719d842134c34bb35e2752c89d8e7) Importer(815301076,1909f56bfc062723c751e8b465ee728b)
Start importing Assets/Building Blocks/Spring/Roof.prefab using Guid(355719d842134c34bb35e2752c89d8e7) Importer(815301076,1909f56bfc062723c751e8b465ee728b)  -> (artifact id: '078715ea591fdf21dd1990149aa7300a') in 0.027545 seconds
  Import took 0.033330 seconds .

========================================================================
Received Import Request.
  Time since last request: 0.002076 seconds.
  path: Assets/Building Blocks/Spring/Roof.prefab
  artifactKey: Guid(355719d842134c34bb35e2752c89d8e7) Importer(815301076,1909f56bfc062723c751e8b465ee728b)
Start importing Assets/Building Blocks/Spring/Roof.prefab using Guid(355719d842134c34bb35e2752c89d8e7) Importer(815301076,1909f56bfc062723c751e8b465ee728b)  -> (artifact id: '078715ea591fdf21dd1990149aa7300a') in 0.024305 seconds
  Import took 0.029250 seconds .

========================================================================
Received Import Request.
  Time since last request: 8.404826 seconds.
  path: Assets/Building Blocks/Spring/Roof.prefab
  artifactKey: Guid(355719d842134c34bb35e2752c89d8e7) Importer(815301076,1909f56bfc062723c751e8b465ee728b)
Start importing Assets/Building Blocks/Spring/Roof.prefab using Guid(355719d842134c34bb35e2752c89d8e7) Importer(815301076,1909f56bfc062723c751e8b465ee728b)  -> (artifact id: '6ae048ce964e7cf1688bbee71f69a070') in 0.027420 seconds
  Import took 0.032272 seconds .

========================================================================
Received Import Request.
  Time since last request: 30.157006 seconds.
  path: Assets/Building Blocks/Spring/Portal.prefab
  artifactKey: Guid(9d6adfa8259279c4194b8adfb0da747d) Importer(815301076,1909f56bfc062723c751e8b465ee728b)
Start importing Assets/Building Blocks/Spring/Portal.prefab using Guid(9d6adfa8259279c4194b8adfb0da747d) Importer(815301076,1909f56bfc062723c751e8b465ee728b)  -> (artifact id: '4fff3de17a477ef62c9c98dc0a5ef985') in 0.005956 seconds
  Import took 0.011857 seconds .

========================================================================
Received Prepare
Registering precompiled user dll's ...
Registered in 0.003465 seconds.
Begin MonoManager ReloadAssembly
Error: Could not load signature of Unity.Android.Logcat.AndroidLogcat:.ctor due to: Could not load file or assembly 'UnityEditor.Android.Extensions, Version=1.0.0.0, Culture=neutral, PublicKeyToken=null' or one of its dependencies. assembly:UnityEditor.Android.Extensions, Version=1.0.0.0, Culture=neutral, PublicKeyToken=null type:<unknown type> member:(null) signature:<none>
0x00007ff6eb768c8c (Unity) StackWalker::GetCurrentCallstack
0x00007ff6eb771069 (Unity) StackWalker::ShowCallstack
0x00007ff6ecc4564c (Unity) GetStacktrace
0x00007ff6edd04803 (Unity) DebugStringToFile
0x00007ff6eb58f87b (Unity) ScanForAttributesAndInterfaceImplementations
0x00007ff6eb5a2fba (Unity) MonoManager::EndReloadAssembly
0x00007ff6eb5aa339 (Unity) MonoManager::ReloadAssembly
0x00007ff6ec9543a1 (Unity) LoadDomainAndUserAssemblies
0x00007ff6ec95484e (Unity) LoadUserAssemblies
0x00007ff6ecd77f88 (Unity) <lambda_7a4e346ad56c093be607e8c3dc54f69c>::operator()
0x00007ff6ece420d2 (Unity) asio::detail::completion_handler<core::mutable_function<void __cdecl(void)> >::do_complete
0x00007ff6ece44230 (Unity) asio::detail::win_iocp_io_service::do_one
0x00007ff6ece479be (Unity) asio::io_service::run
0x00007ff6ecdbdd50 (Unity) RunAssetImportWorkerClientV2
0x00007ff6ecdbdda0 (Unity) RunAssetImporterV2
0x00007ff6ec2dd73b (Unity) Application::InitializeProject
0x00007ff6ecc52be2 (Unity) WinMain
0x00007ff6eea98fc6 (Unity) __scrt_common_main_seh
0x00007ffde36e7c24 (KERNEL32) BaseThreadInitThunk
0x00007ffde434d721 (ntdll) RtlUserThreadStart

Unloading broken assembly Library/ScriptAssemblies/Unity.Mobile.AndroidLogcat.Editor.dll, this assembly can cause crashes in the runtime
0x00007ff6eb768c8c (Unity) StackWalker::GetCurrentCallstack
0x00007ff6eb771069 (Unity) StackWalker::ShowCallstack
0x00007ff6ecc4564c (Unity) GetStacktrace
0x00007ff6edd04803 (Unity) DebugStringToFile
0x00007ff6eb5abf10 (Unity) MonoManager::SetupLoadedEditorAssemblies
0x00007ff6eb5a330c (Unity) MonoManager::EndReloadAssembly
0x00007ff6eb5aa339 (Unity) MonoManager::ReloadAssembly
0x00007ff6ec9543a1 (Unity) LoadDomainAndUserAssemblies
0x00007ff6ec95484e (Unity) LoadUserAssemblies
0x00007ff6ecd77f88 (Unity) <lambda_7a4e346ad56c093be607e8c3dc54f69c>::operator()
0x00007ff6ece420d2 (Unity) asio::detail::completion_handler<core::mutable_function<void __cdecl(void)> >::do_complete
0x00007ff6ece44230 (Unity) asio::detail::win_iocp_io_service::do_one
0x00007ff6ece479be (Unity) asio::io_service::run
0x00007ff6ecdbdd50 (Unity) RunAssetImportWorkerClientV2
0x00007ff6ecdbdda0 (Unity) RunAssetImporterV2
0x00007ff6ec2dd73b (Unity) Application::InitializeProject
0x00007ff6ecc52be2 (Unity) WinMain
0x00007ff6eea98fc6 (Unity) __scrt_common_main_seh
0x00007ffde36e7c24 (KERNEL32) BaseThreadInitThunk
0x00007ffde434d721 (ntdll) RtlUserThreadStart

Native extension for WindowsStandalone target not found
Refreshing native plugins compatible for Editor in 0.79 ms, found 1 plugins.
Preloading 0 native plugins for Editor in 0.00 ms.
Invoked RoslynAnalysisRunner static constructor.
RoslynAnalysisRunner will not be running.
RoslynAnalysisRunner has terminated.
Mono: successfully reloaded assembly
- Completed reload, in  0.962 seconds
Platform modules already initialized, skipping
Shader 'Universal Render Pipeline/Particles/Lit': fallback shader 'Universal Render Pipeline/Particles/SimpleLit' not found
Refreshing native plugins compatible for Editor in 0.79 ms, found 1 plugins.
Preloading 0 native plugins for Editor in 0.00 ms.
Unloading 3114 Unused Serialized files (Serialized files now loaded: 0)
System memory in use before: 143.9 MB.
System memory in use after: 144.1 MB.

Unloading 22 unused Assets to reduce memory usage. Loaded Objects now: 3801.
Total: 2.338400 ms (FindLiveObjects: 0.292900 ms CreateObjectMapping: 0.140700 ms MarkObjects: 1.886800 ms  DeleteObjects: 0.017100 ms)

========================================================================
Received Import Request.
  Time since last request: 239.242603 seconds.
  path: Assets/Building Blocks/Spring/Portal.prefab
  artifactKey: Guid(9d6adfa8259279c4194b8adfb0da747d) Importer(815301076,1909f56bfc062723c751e8b465ee728b)
Start importing Assets/Building Blocks/Spring/Portal.prefab using Guid(9d6adfa8259279c4194b8adfb0da747d) Importer(815301076,1909f56bfc062723c751e8b465ee728b)  -> (artifact id: '46edfb4c27e061979bb5e540e8ae3db0') in 0.021857 seconds
  Import took 0.026432 seconds .

========================================================================
Received Import Request.
  Time since last request: 5.655407 seconds.
  path: Assets/Building Blocks/Spring/Portal.prefab
  artifactKey: Guid(9d6adfa8259279c4194b8adfb0da747d) Importer(815301076,1909f56bfc062723c751e8b465ee728b)
Start importing Assets/Building Blocks/Spring/Portal.prefab using Guid(9d6adfa8259279c4194b8adfb0da747d) Importer(815301076,1909f56bfc062723c751e8b465ee728b)  -> (artifact id: 'a7833a56f4599c1061b1ca06cecb8c70') in 0.005308 seconds
  Import took 0.010037 seconds .

========================================================================
Received Import Request.
  Time since last request: 5.879062 seconds.
  path: Assets/Building Blocks/Spring/Portal.prefab
  artifactKey: Guid(9d6adfa8259279c4194b8adfb0da747d) Importer(815301076,1909f56bfc062723c751e8b465ee728b)
Start importing Assets/Building Blocks/Spring/Portal.prefab using Guid(9d6adfa8259279c4194b8adfb0da747d) Importer(815301076,1909f56bfc062723c751e8b465ee728b)  -> (artifact id: '73cf70e1fe4716ea1e9bc3f61e10aaf5') in 0.006495 seconds
  Import took 0.011133 seconds .

========================================================================
Received Import Request.
  Time since last request: 1.158816 seconds.
  path: Assets/Building Blocks/Spring/Portal.prefab
  artifactKey: Guid(9d6adfa8259279c4194b8adfb0da747d) Importer(815301076,1909f56bfc062723c751e8b465ee728b)
Start importing Assets/Building Blocks/Spring/Portal.prefab using Guid(9d6adfa8259279c4194b8adfb0da747d) Importer(815301076,1909f56bfc062723c751e8b465ee728b)  -> (artifact id: 'b0d5ce8f4c8b9019bb1d02a2529531ba') in 0.005885 seconds
  Import took 0.010975 seconds .

========================================================================
Received Import Request.
  Time since last request: 3.532714 seconds.
  path: Assets/Building Blocks/Spring/Portal.prefab
  artifactKey: Guid(9d6adfa8259279c4194b8adfb0da747d) Importer(815301076,1909f56bfc062723c751e8b465ee728b)
Start importing Assets/Building Blocks/Spring/Portal.prefab using Guid(9d6adfa8259279c4194b8adfb0da747d) Importer(815301076,1909f56bfc062723c751e8b465ee728b)  -> (artifact id: 'c1b61cf5674da50fc449042488294350') in 0.005600 seconds
  Import took 0.010437 seconds .

========================================================================
Received Import Request.
  Time since last request: 1.784648 seconds.
  path: Assets/Building Blocks/Spring/Portal.prefab
  artifactKey: Guid(9d6adfa8259279c4194b8adfb0da747d) Importer(815301076,1909f56bfc062723c751e8b465ee728b)
Start importing Assets/Building Blocks/Spring/Portal.prefab using Guid(9d6adfa8259279c4194b8adfb0da747d) Importer(815301076,1909f56bfc062723c751e8b465ee728b)  -> (artifact id: '7757764e9d1be7ad940de3e9d122a9b7') in 0.005679 seconds
  Import took 0.010838 seconds .

========================================================================
Received Import Request.
  Time since last request: 0.948855 seconds.
  path: Assets/Building Blocks/Spring/Portal.prefab
  artifactKey: Guid(9d6adfa8259279c4194b8adfb0da747d) Importer(815301076,1909f56bfc062723c751e8b465ee728b)
Start importing Assets/Building Blocks/Spring/Portal.prefab using Guid(9d6adfa8259279c4194b8adfb0da747d) Importer(815301076,1909f56bfc062723c751e8b465ee728b)  -> (artifact id: '7fb55ee007955adafd1fe4249691d02d') in 0.005781 seconds
  Import took 0.010463 seconds .

========================================================================
Received Import Request.
  Time since last request: 1.058558 seconds.
  path: Assets/Building Blocks/Spring/Portal.prefab
  artifactKey: Guid(9d6adfa8259279c4194b8adfb0da747d) Importer(815301076,1909f56bfc062723c751e8b465ee728b)
Start importing Assets/Building Blocks/Spring/Portal.prefab using Guid(9d6adfa8259279c4194b8adfb0da747d) Importer(815301076,1909f56bfc062723c751e8b465ee728b)  -> (artifact id: 'fbab7005beaa49144c131e4d17e315c0') in 0.005621 seconds
  Import took 0.010347 seconds .

========================================================================
Received Import Request.
  Time since last request: 114.698249 seconds.
  path: Assets/Building Blocks/Spring/Portal.prefab
  artifactKey: Guid(9d6adfa8259279c4194b8adfb0da747d) Importer(815301076,1909f56bfc062723c751e8b465ee728b)
Start importing Assets/Building Blocks/Spring/Portal.prefab using Guid(9d6adfa8259279c4194b8adfb0da747d) Importer(815301076,1909f56bfc062723c751e8b465ee728b)  -> (artifact id: 'b0bf98d1afad536cdc1e6ffbd0de8bbe') in 0.005731 seconds
  Import took 0.010968 seconds .

========================================================================
Received Import Request.
  Time since last request: 4.600097 seconds.
  path: Assets/Building Blocks/Spring/Portal.prefab
  artifactKey: Guid(9d6adfa8259279c4194b8adfb0da747d) Importer(815301076,1909f56bfc062723c751e8b465ee728b)
Start importing Assets/Building Blocks/Spring/Portal.prefab using Guid(9d6adfa8259279c4194b8adfb0da747d) Importer(815301076,1909f56bfc062723c751e8b465ee728b)  -> (artifact id: '7419cfb420feed555866aea43478bfdd') in 0.005582 seconds
  Import took 0.010423 seconds .

========================================================================
Received Prepare
Registering precompiled user dll's ...
Registered in 0.003331 seconds.
Begin MonoManager ReloadAssembly
Error: Could not load signature of Unity.Android.Logcat.AndroidLogcat:.ctor due to: Could not load file or assembly 'UnityEditor.Android.Extensions, Version=1.0.0.0, Culture=neutral, PublicKeyToken=null' or one of its dependencies. assembly:UnityEditor.Android.Extensions, Version=1.0.0.0, Culture=neutral, PublicKeyToken=null type:<unknown type> member:(null) signature:<none>
0x00007ff6eb768c8c (Unity) StackWalker::GetCurrentCallstack
0x00007ff6eb771069 (Unity) StackWalker::ShowCallstack
0x00007ff6ecc4564c (Unity) GetStacktrace
0x00007ff6edd04803 (Unity) DebugStringToFile
0x00007ff6eb58f87b (Unity) ScanForAttributesAndInterfaceImplementations
0x00007ff6eb5a2fba (Unity) MonoManager::EndReloadAssembly
0x00007ff6eb5aa339 (Unity) MonoManager::ReloadAssembly
0x00007ff6ec9543a1 (Unity) LoadDomainAndUserAssemblies
0x00007ff6ec95484e (Unity) LoadUserAssemblies
0x00007ff6ecd77f88 (Unity) <lambda_7a4e346ad56c093be607e8c3dc54f69c>::operator()
0x00007ff6ece420d2 (Unity) asio::detail::completion_handler<core::mutable_function<void __cdecl(void)> >::do_complete
0x00007ff6ece44230 (Unity) asio::detail::win_iocp_io_service::do_one
0x00007ff6ece479be (Unity) asio::io_service::run
0x00007ff6ecdbdd50 (Unity) RunAssetImportWorkerClientV2
0x00007ff6ecdbdda0 (Unity) RunAssetImporterV2
0x00007ff6ec2dd73b (Unity) Application::InitializeProject
0x00007ff6ecc52be2 (Unity) WinMain
0x00007ff6eea98fc6 (Unity) __scrt_common_main_seh
0x00007ffde36e7c24 (KERNEL32) BaseThreadInitThunk
0x00007ffde434d721 (ntdll) RtlUserThreadStart

Unloading broken assembly Library/ScriptAssemblies/Unity.Mobile.AndroidLogcat.Editor.dll, this assembly can cause crashes in the runtime
0x00007ff6eb768c8c (Unity) StackWalker::GetCurrentCallstack
0x00007ff6eb771069 (Unity) StackWalker::ShowCallstack
0x00007ff6ecc4564c (Unity) GetStacktrace
0x00007ff6edd04803 (Unity) DebugStringToFile
0x00007ff6eb5abf10 (Unity) MonoManager::SetupLoadedEditorAssemblies
0x00007ff6eb5a330c (Unity) MonoManager::EndReloadAssembly
0x00007ff6eb5aa339 (Unity) MonoManager::ReloadAssembly
0x00007ff6ec9543a1 (Unity) LoadDomainAndUserAssemblies
0x00007ff6ec95484e (Unity) LoadUserAssemblies
0x00007ff6ecd77f88 (Unity) <lambda_7a4e346ad56c093be607e8c3dc54f69c>::operator()
0x00007ff6ece420d2 (Unity) asio::detail::completion_handler<core::mutable_function<void __cdecl(void)> >::do_complete
0x00007ff6ece44230 (Unity) asio::detail::win_iocp_io_service::do_one
0x00007ff6ece479be (Unity) asio::io_service::run
0x00007ff6ecdbdd50 (Unity) RunAssetImportWorkerClientV2
0x00007ff6ecdbdda0 (Unity) RunAssetImporterV2
0x00007ff6ec2dd73b (Unity) Application::InitializeProject
0x00007ff6ecc52be2 (Unity) WinMain
0x00007ff6eea98fc6 (Unity) __scrt_common_main_seh
0x00007ffde36e7c24 (KERNEL32) BaseThreadInitThunk
0x00007ffde434d721 (ntdll) RtlUserThreadStart

Native extension for WindowsStandalone target not found
Refreshing native plugins compatible for Editor in 0.81 ms, found 1 plugins.
Preloading 0 native plugins for Editor in 0.00 ms.
Invoked RoslynAnalysisRunner static constructor.
RoslynAnalysisRunner will not be running.
RoslynAnalysisRunner has terminated.
Mono: successfully reloaded assembly
- Completed reload, in  0.989 seconds
Platform modules already initialized, skipping
Shader 'Universal Render Pipeline/Particles/Lit': fallback shader 'Universal Render Pipeline/Particles/SimpleLit' not found
Refreshing native plugins compatible for Editor in 0.83 ms, found 1 plugins.
Preloading 0 native plugins for Editor in 0.00 ms.
Unloading 3114 Unused Serialized files (Serialized files now loaded: 0)
System memory in use before: 144.1 MB.
System memory in use after: 144.4 MB.

Unloading 22 unused Assets to reduce memory usage. Loaded Objects now: 3804.
Total: 2.428000 ms (FindLiveObjects: 0.275400 ms CreateObjectMapping: 0.112500 ms MarkObjects: 2.023300 ms  DeleteObjects: 0.016200 ms)

========================================================================
Received Import Request.
  Time since last request: 393.842282 seconds.
  path: Assets/Building Blocks/Spring/Portal.prefab
  artifactKey: Guid(9d6adfa8259279c4194b8adfb0da747d) Importer(815301076,1909f56bfc062723c751e8b465ee728b)
Start importing Assets/Building Blocks/Spring/Portal.prefab using Guid(9d6adfa8259279c4194b8adfb0da747d) Importer(815301076,1909f56bfc062723c751e8b465ee728b)  -> (artifact id: 'ff9c4caa921e1b005fd49ff3675d0d18') in 0.024748 seconds
  Import took 0.029920 seconds .

========================================================================
Received Import Request.
  Time since last request: 0.947796 seconds.
  path: Assets/Building Blocks/Spring/Portal.prefab
  artifactKey: Guid(9d6adfa8259279c4194b8adfb0da747d) Importer(815301076,1909f56bfc062723c751e8b465ee728b)
Start importing Assets/Building Blocks/Spring/Portal.prefab using Guid(9d6adfa8259279c4194b8adfb0da747d) Importer(815301076,1909f56bfc062723c751e8b465ee728b)  -> (artifact id: '14ed02f738b1ff409bcb92239d568a68') in 0.005956 seconds
  Import took 0.010932 seconds .

========================================================================
Received Import Request.
  Time since last request: 2.441623 seconds.
  path: Assets/Building Blocks/Spring/Portal.prefab
  artifactKey: Guid(9d6adfa8259279c4194b8adfb0da747d) Importer(815301076,1909f56bfc062723c751e8b465ee728b)
Start importing Assets/Building Blocks/Spring/Portal.prefab using Guid(9d6adfa8259279c4194b8adfb0da747d) Importer(815301076,1909f56bfc062723c751e8b465ee728b)  -> (artifact id: '2d477f8816b0d960c7d6c6a68d7bfbbc') in 0.022950 seconds
  Import took 0.034375 seconds .

========================================================================
Received Import Request.
  Time since last request: 1.232107 seconds.
  path: Assets/Building Blocks/Spring/Portal.prefab
  artifactKey: Guid(9d6adfa8259279c4194b8adfb0da747d) Importer(815301076,1909f56bfc062723c751e8b465ee728b)
Start importing Assets/Building Blocks/Spring/Portal.prefab using Guid(9d6adfa8259279c4194b8adfb0da747d) Importer(815301076,1909f56bfc062723c751e8b465ee728b)  -> (artifact id: '62c0c68e4162f755c8634aad18fed735') in 0.005662 seconds
  Import took 0.011534 seconds .

========================================================================
Received Import Request.
  Time since last request: 2.991978 seconds.
  path: Assets/Building Blocks/Spring/Portal.prefab
  artifactKey: Guid(9d6adfa8259279c4194b8adfb0da747d) Importer(815301076,1909f56bfc062723c751e8b465ee728b)
Start importing Assets/Building Blocks/Spring/Portal.prefab using Guid(9d6adfa8259279c4194b8adfb0da747d) Importer(815301076,1909f56bfc062723c751e8b465ee728b)  -> (artifact id: '632d5312ec146631443aaa813f1ec212') in 0.005803 seconds
  Import took 0.011365 seconds .

========================================================================
Received Import Request.
  Time since last request: 0.805972 seconds.
  path: Assets/Building Blocks/Spring/Portal.prefab
  artifactKey: Guid(9d6adfa8259279c4194b8adfb0da747d) Importer(815301076,1909f56bfc062723c751e8b465ee728b)
Start importing Assets/Building Blocks/Spring/Portal.prefab using Guid(9d6adfa8259279c4194b8adfb0da747d) Importer(815301076,1909f56bfc062723c751e8b465ee728b)  -> (artifact id: 'c21c4651b11d9c4be39fad1c50a6230d') in 0.005420 seconds
  Import took 0.010529 seconds .

========================================================================
Received Import Request.
  Time since last request: 2.824461 seconds.
  path: Assets/Building Blocks/Spring/Portal.prefab
  artifactKey: Guid(9d6adfa8259279c4194b8adfb0da747d) Importer(815301076,1909f56bfc062723c751e8b465ee728b)
Start importing Assets/Building Blocks/Spring/Portal.prefab using Guid(9d6adfa8259279c4194b8adfb0da747d) Importer(815301076,1909f56bfc062723c751e8b465ee728b)  -> (artifact id: 'e69049d5a761cd9882a5211716d09c41') in 0.005434 seconds
  Import took 0.010064 seconds .

========================================================================
Received Import Request.
  Time since last request: 1.467287 seconds.
  path: Assets/Building Blocks/Spring/Portal.prefab
  artifactKey: Guid(9d6adfa8259279c4194b8adfb0da747d) Importer(815301076,1909f56bfc062723c751e8b465ee728b)
Start importing Assets/Building Blocks/Spring/Portal.prefab using Guid(9d6adfa8259279c4194b8adfb0da747d) Importer(815301076,1909f56bfc062723c751e8b465ee728b)  -> (artifact id: 'fb97e9aa2fbf5ec3c4de15dfcda406d6') in 0.006004 seconds
  Import took 0.011063 seconds .

========================================================================
Received Import Request.
  Time since last request: 0.566600 seconds.
  path: Assets/Building Blocks/Spring/Portal.prefab
  artifactKey: Guid(9d6adfa8259279c4194b8adfb0da747d) Importer(815301076,1909f56bfc062723c751e8b465ee728b)
Start importing Assets/Building Blocks/Spring/Portal.prefab using Guid(9d6adfa8259279c4194b8adfb0da747d) Importer(815301076,1909f56bfc062723c751e8b465ee728b)  -> (artifact id: '296336da5b11ba4cbb40d89a37d897f7') in 0.005366 seconds
  Import took 0.010151 seconds .

========================================================================
Received Import Request.
  Time since last request: 2.256569 seconds.
  path: Assets/Building Blocks/Spring/Portal.prefab
  artifactKey: Guid(9d6adfa8259279c4194b8adfb0da747d) Importer(815301076,1909f56bfc062723c751e8b465ee728b)
Start importing Assets/Building Blocks/Spring/Portal.prefab using Guid(9d6adfa8259279c4194b8adfb0da747d) Importer(815301076,1909f56bfc062723c751e8b465ee728b)  -> (artifact id: '33d9339e9377570676b127cab7d37c99') in 0.005512 seconds
  Import took 0.010136 seconds .

========================================================================
Received Import Request.
  Time since last request: 3.276138 seconds.
  path: Assets/Building Blocks/Spring/Portal.prefab
  artifactKey: Guid(9d6adfa8259279c4194b8adfb0da747d) Importer(815301076,1909f56bfc062723c751e8b465ee728b)
Start importing Assets/Building Blocks/Spring/Portal.prefab using Guid(9d6adfa8259279c4194b8adfb0da747d) Importer(815301076,1909f56bfc062723c751e8b465ee728b)  -> (artifact id: '368ed02512dfe103493172f3c4577c23') in 0.006109 seconds
  Import took 0.011430 seconds .

========================================================================
Received Prepare
Registering precompiled user dll's ...
Registered in 0.003222 seconds.
Begin MonoManager ReloadAssembly
Error: Could not load signature of Unity.Android.Logcat.AndroidLogcat:.ctor due to: Could not load file or assembly 'UnityEditor.Android.Extensions, Version=1.0.0.0, Culture=neutral, PublicKeyToken=null' or one of its dependencies. assembly:UnityEditor.Android.Extensions, Version=1.0.0.0, Culture=neutral, PublicKeyToken=null type:<unknown type> member:(null) signature:<none>
0x00007ff6eb768c8c (Unity) StackWalker::GetCurrentCallstack
0x00007ff6eb771069 (Unity) StackWalker::ShowCallstack
0x00007ff6ecc4564c (Unity) GetStacktrace
0x00007ff6edd04803 (Unity) DebugStringToFile
0x00007ff6eb58f87b (Unity) ScanForAttributesAndInterfaceImplementations
0x00007ff6eb5a2fba (Unity) MonoManager::EndReloadAssembly
0x00007ff6eb5aa339 (Unity) MonoManager::ReloadAssembly
0x00007ff6ec9543a1 (Unity) LoadDomainAndUserAssemblies
0x00007ff6ec95484e (Unity) LoadUserAssemblies
0x00007ff6ecd77f88 (Unity) <lambda_7a4e346ad56c093be607e8c3dc54f69c>::operator()
0x00007ff6ece420d2 (Unity) asio::detail::completion_handler<core::mutable_function<void __cdecl(void)> >::do_complete
0x00007ff6ece44230 (Unity) asio::detail::win_iocp_io_service::do_one
0x00007ff6ece479be (Unity) asio::io_service::run
0x00007ff6ecdbdd50 (Unity) RunAssetImportWorkerClientV2
0x00007ff6ecdbdda0 (Unity) RunAssetImporterV2
0x00007ff6ec2dd73b (Unity) Application::InitializeProject
0x00007ff6ecc52be2 (Unity) WinMain
0x00007ff6eea98fc6 (Unity) __scrt_common_main_seh
0x00007ffde36e7c24 (KERNEL32) BaseThreadInitThunk
0x00007ffde434d721 (ntdll) RtlUserThreadStart

Unloading broken assembly Library/ScriptAssemblies/Unity.Mobile.AndroidLogcat.Editor.dll, this assembly can cause crashes in the runtime
0x00007ff6eb768c8c (Unity) StackWalker::GetCurrentCallstack
0x00007ff6eb771069 (Unity) StackWalker::ShowCallstack
0x00007ff6ecc4564c (Unity) GetStacktrace
0x00007ff6edd04803 (Unity) DebugStringToFile
0x00007ff6eb5abf10 (Unity) MonoManager::SetupLoadedEditorAssemblies
0x00007ff6eb5a330c (Unity) MonoManager::EndReloadAssembly
0x00007ff6eb5aa339 (Unity) MonoManager::ReloadAssembly
0x00007ff6ec9543a1 (Unity) LoadDomainAndUserAssemblies
0x00007ff6ec95484e (Unity) LoadUserAssemblies
0x00007ff6ecd77f88 (Unity) <lambda_7a4e346ad56c093be607e8c3dc54f69c>::operator()
0x00007ff6ece420d2 (Unity) asio::detail::completion_handler<core::mutable_function<void __cdecl(void)> >::do_complete
0x00007ff6ece44230 (Unity) asio::detail::win_iocp_io_service::do_one
0x00007ff6ece479be (Unity) asio::io_service::run
0x00007ff6ecdbdd50 (Unity) RunAssetImportWorkerClientV2
0x00007ff6ecdbdda0 (Unity) RunAssetImporterV2
0x00007ff6ec2dd73b (Unity) Application::InitializeProject
0x00007ff6ecc52be2 (Unity) WinMain
0x00007ff6eea98fc6 (Unity) __scrt_common_main_seh
0x00007ffde36e7c24 (KERNEL32) BaseThreadInitThunk
0x00007ffde434d721 (ntdll) RtlUserThreadStart

Native extension for WindowsStandalone target not found
Refreshing native plugins compatible for Editor in 0.80 ms, found 1 plugins.
Preloading 0 native plugins for Editor in 0.00 ms.
Invoked RoslynAnalysisRunner static constructor.
RoslynAnalysisRunner will not be running.
RoslynAnalysisRunner has terminated.
Mono: successfully reloaded assembly
- Completed reload, in  1.008 seconds
Platform modules already initialized, skipping
Shader 'Universal Render Pipeline/Particles/Lit': fallback shader 'Universal Render Pipeline/Particles/SimpleLit' not found
Refreshing native plugins compatible for Editor in 0.80 ms, found 1 plugins.
Preloading 0 native plugins for Editor in 0.00 ms.
Unloading 3114 Unused Serialized files (Serialized files now loaded: 0)
System memory in use before: 144.1 MB.
System memory in use after: 144.4 MB.

Unloading 22 unused Assets to reduce memory usage. Loaded Objects now: 3807.
Total: 2.362400 ms (FindLiveObjects: 0.313200 ms CreateObjectMapping: 0.166400 ms MarkObjects: 1.863100 ms  DeleteObjects: 0.018700 ms)

========================================================================
Received Import Request.
  Time since last request: 92.011429 seconds.
  path: Assets/Building Blocks/Spring/Portal.prefab
  artifactKey: Guid(9d6adfa8259279c4194b8adfb0da747d) Importer(815301076,1909f56bfc062723c751e8b465ee728b)
Start importing Assets/Building Blocks/Spring/Portal.prefab using Guid(9d6adfa8259279c4194b8adfb0da747d) Importer(815301076,1909f56bfc062723c751e8b465ee728b)  -> (artifact id: 'c9f7f21333d97103e631a8e5fe6533e8') in 0.024286 seconds
  Import took 0.029386 seconds .

========================================================================
Received Prepare
Registering precompiled user dll's ...
Registered in 0.003326 seconds.
Begin MonoManager ReloadAssembly
Error: Could not load signature of Unity.Android.Logcat.AndroidLogcat:.ctor due to: Could not load file or assembly 'UnityEditor.Android.Extensions, Version=1.0.0.0, Culture=neutral, PublicKeyToken=null' or one of its dependencies. assembly:UnityEditor.Android.Extensions, Version=1.0.0.0, Culture=neutral, PublicKeyToken=null type:<unknown type> member:(null) signature:<none>
0x00007ff6eb768c8c (Unity) StackWalker::GetCurrentCallstack
0x00007ff6eb771069 (Unity) StackWalker::ShowCallstack
0x00007ff6ecc4564c (Unity) GetStacktrace
0x00007ff6edd04803 (Unity) DebugStringToFile
0x00007ff6eb58f87b (Unity) ScanForAttributesAndInterfaceImplementations
0x00007ff6eb5a2fba (Unity) MonoManager::EndReloadAssembly
0x00007ff6eb5aa339 (Unity) MonoManager::ReloadAssembly
0x00007ff6ec9543a1 (Unity) LoadDomainAndUserAssemblies
0x00007ff6ec95484e (Unity) LoadUserAssemblies
0x00007ff6ecd77f88 (Unity) <lambda_7a4e346ad56c093be607e8c3dc54f69c>::operator()
0x00007ff6ece420d2 (Unity) asio::detail::completion_handler<core::mutable_function<void __cdecl(void)> >::do_complete
0x00007ff6ece44230 (Unity) asio::detail::win_iocp_io_service::do_one
0x00007ff6ece479be (Unity) asio::io_service::run
0x00007ff6ecdbdd50 (Unity) RunAssetImportWorkerClientV2
0x00007ff6ecdbdda0 (Unity) RunAssetImporterV2
0x00007ff6ec2dd73b (Unity) Application::InitializeProject
0x00007ff6ecc52be2 (Unity) WinMain
0x00007ff6eea98fc6 (Unity) __scrt_common_main_seh
0x00007ffde36e7c24 (KERNEL32) BaseThreadInitThunk
0x00007ffde434d721 (ntdll) RtlUserThreadStart

Unloading broken assembly Library/ScriptAssemblies/Unity.Mobile.AndroidLogcat.Editor.dll, this assembly can cause crashes in the runtime
0x00007ff6eb768c8c (Unity) StackWalker::GetCurrentCallstack
0x00007ff6eb771069 (Unity) StackWalker::ShowCallstack
0x00007ff6ecc4564c (Unity) GetStacktrace
0x00007ff6edd04803 (Unity) DebugStringToFile
0x00007ff6eb5abf10 (Unity) MonoManager::SetupLoadedEditorAssemblies
0x00007ff6eb5a330c (Unity) MonoManager::EndReloadAssembly
0x00007ff6eb5aa339 (Unity) MonoManager::ReloadAssembly
0x00007ff6ec9543a1 (Unity) LoadDomainAndUserAssemblies
0x00007ff6ec95484e (Unity) LoadUserAssemblies
0x00007ff6ecd77f88 (Unity) <lambda_7a4e346ad56c093be607e8c3dc54f69c>::operator()
0x00007ff6ece420d2 (Unity) asio::detail::completion_handler<core::mutable_function<void __cdecl(void)> >::do_complete
0x00007ff6ece44230 (Unity) asio::detail::win_iocp_io_service::do_one
0x00007ff6ece479be (Unity) asio::io_service::run
0x00007ff6ecdbdd50 (Unity) RunAssetImportWorkerClientV2
0x00007ff6ecdbdda0 (Unity) RunAssetImporterV2
0x00007ff6ec2dd73b (Unity) Application::InitializeProject
0x00007ff6ecc52be2 (Unity) WinMain
0x00007ff6eea98fc6 (Unity) __scrt_common_main_seh
0x00007ffde36e7c24 (KERNEL32) BaseThreadInitThunk
0x00007ffde434d721 (ntdll) RtlUserThreadStart

Native extension for WindowsStandalone target not found
Refreshing native plugins compatible for Editor in 0.79 ms, found 1 plugins.
Preloading 0 native plugins for Editor in 0.00 ms.
Invoked RoslynAnalysisRunner static constructor.
RoslynAnalysisRunner will not be running.
RoslynAnalysisRunner has terminated.
Mono: successfully reloaded assembly
- Completed reload, in  0.998 seconds
Platform modules already initialized, skipping
Shader 'Universal Render Pipeline/Particles/Lit': fallback shader 'Universal Render Pipeline/Particles/SimpleLit' not found
Refreshing native plugins compatible for Editor in 0.88 ms, found 1 plugins.
Preloading 0 native plugins for Editor in 0.00 ms.
Unloading 3114 Unused Serialized files (Serialized files now loaded: 0)
System memory in use before: 144.0 MB.
System memory in use after: 144.2 MB.

Unloading 22 unused Assets to reduce memory usage. Loaded Objects now: 3810.
Total: 2.379300 ms (FindLiveObjects: 0.324400 ms CreateObjectMapping: 0.188800 ms MarkObjects: 1.848300 ms  DeleteObjects: 0.017000 ms)

========================================================================
Received Import Request.
  Time since last request: 221.874698 seconds.
  path: Assets/Building Blocks/Spring/Portal.prefab
  artifactKey: Guid(9d6adfa8259279c4194b8adfb0da747d) Importer(815301076,1909f56bfc062723c751e8b465ee728b)
Start importing Assets/Building Blocks/Spring/Portal.prefab using Guid(9d6adfa8259279c4194b8adfb0da747d) Importer(815301076,1909f56bfc062723c751e8b465ee728b)  -> (artifact id: 'e4404da81ac3498f1ab382ed2b891652') in 0.022603 seconds
  Import took 0.027173 seconds .

========================================================================
Received Prepare
Registering precompiled user dll's ...
Registered in 0.003268 seconds.
Begin MonoManager ReloadAssembly
Error: Could not load signature of Unity.Android.Logcat.AndroidLogcat:.ctor due to: Could not load file or assembly 'UnityEditor.Android.Extensions, Version=1.0.0.0, Culture=neutral, PublicKeyToken=null' or one of its dependencies. assembly:UnityEditor.Android.Extensions, Version=1.0.0.0, Culture=neutral, PublicKeyToken=null type:<unknown type> member:(null) signature:<none>
0x00007ff6eb768c8c (Unity) StackWalker::GetCurrentCallstack
0x00007ff6eb771069 (Unity) StackWalker::ShowCallstack
0x00007ff6ecc4564c (Unity) GetStacktrace
0x00007ff6edd04803 (Unity) DebugStringToFile
0x00007ff6eb58f87b (Unity) ScanForAttributesAndInterfaceImplementations
0x00007ff6eb5a2fba (Unity) MonoManager::EndReloadAssembly
0x00007ff6eb5aa339 (Unity) MonoManager::ReloadAssembly
0x00007ff6ec9543a1 (Unity) LoadDomainAndUserAssemblies
0x00007ff6ec95484e (Unity) LoadUserAssemblies
0x00007ff6ecd77f88 (Unity) <lambda_7a4e346ad56c093be607e8c3dc54f69c>::operator()
0x00007ff6ece420d2 (Unity) asio::detail::completion_handler<core::mutable_function<void __cdecl(void)> >::do_complete
0x00007ff6ece44230 (Unity) asio::detail::win_iocp_io_service::do_one
0x00007ff6ece479be (Unity) asio::io_service::run
0x00007ff6ecdbdd50 (Unity) RunAssetImportWorkerClientV2
0x00007ff6ecdbdda0 (Unity) RunAssetImporterV2
0x00007ff6ec2dd73b (Unity) Application::InitializeProject
0x00007ff6ecc52be2 (Unity) WinMain
0x00007ff6eea98fc6 (Unity) __scrt_common_main_seh
0x00007ffde36e7c24 (KERNEL32) BaseThreadInitThunk
0x00007ffde434d721 (ntdll) RtlUserThreadStart

Unloading broken assembly Library/ScriptAssemblies/Unity.Mobile.AndroidLogcat.Editor.dll, this assembly can cause crashes in the runtime
0x00007ff6eb768c8c (Unity) StackWalker::GetCurrentCallstack
0x00007ff6eb771069 (Unity) StackWalker::ShowCallstack
0x00007ff6ecc4564c (Unity) GetStacktrace
0x00007ff6edd04803 (Unity) DebugStringToFile
0x00007ff6eb5abf10 (Unity) MonoManager::SetupLoadedEditorAssemblies
0x00007ff6eb5a330c (Unity) MonoManager::EndReloadAssembly
0x00007ff6eb5aa339 (Unity) MonoManager::ReloadAssembly
0x00007ff6ec9543a1 (Unity) LoadDomainAndUserAssemblies
0x00007ff6ec95484e (Unity) LoadUserAssemblies
0x00007ff6ecd77f88 (Unity) <lambda_7a4e346ad56c093be607e8c3dc54f69c>::operator()
0x00007ff6ece420d2 (Unity) asio::detail::completion_handler<core::mutable_function<void __cdecl(void)> >::do_complete
0x00007ff6ece44230 (Unity) asio::detail::win_iocp_io_service::do_one
0x00007ff6ece479be (Unity) asio::io_service::run
0x00007ff6ecdbdd50 (Unity) RunAssetImportWorkerClientV2
0x00007ff6ecdbdda0 (Unity) RunAssetImporterV2
0x00007ff6ec2dd73b (Unity) Application::InitializeProject
0x00007ff6ecc52be2 (Unity) WinMain
0x00007ff6eea98fc6 (Unity) __scrt_common_main_seh
0x00007ffde36e7c24 (KERNEL32) BaseThreadInitThunk
0x00007ffde434d721 (ntdll) RtlUserThreadStart

Native extension for WindowsStandalone target not found
Refreshing native plugins compatible for Editor in 0.80 ms, found 1 plugins.
Preloading 0 native plugins for Editor in 0.00 ms.
Invoked RoslynAnalysisRunner static constructor.
RoslynAnalysisRunner will not be running.
RoslynAnalysisRunner has terminated.
Mono: successfully reloaded assembly
- Completed reload, in  0.997 seconds
Platform modules already initialized, skipping
Shader 'Universal Render Pipeline/Particles/Lit': fallback shader 'Universal Render Pipeline/Particles/SimpleLit' not found
Refreshing native plugins compatible for Editor in 0.82 ms, found 1 plugins.
Preloading 0 native plugins for Editor in 0.00 ms.
Unloading 3114 Unused Serialized files (Serialized files now loaded: 0)
System memory in use before: 144.2 MB.
System memory in use after: 144.4 MB.

Unloading 22 unused Assets to reduce memory usage. Loaded Objects now: 3813.
Total: 2.443400 ms (FindLiveObjects: 0.355200 ms CreateObjectMapping: 0.169400 ms MarkObjects: 1.901100 ms  DeleteObjects: 0.016600 ms)

========================================================================
Received Import Request.
  Time since last request: 107.296536 seconds.
  path: Assets/Building Blocks/Spring/Portal.prefab
  artifactKey: Guid(9d6adfa8259279c4194b8adfb0da747d) Importer(815301076,1909f56bfc062723c751e8b465ee728b)
Start importing Assets/Building Blocks/Spring/Portal.prefab using Guid(9d6adfa8259279c4194b8adfb0da747d) Importer(815301076,1909f56bfc062723c751e8b465ee728b)  -> (artifact id: '922e4e4a0c1561401a541ea4c78052a4') in 0.023434 seconds
  Import took 0.028004 seconds .

========================================================================
Received Import Request.
  Time since last request: 20.573193 seconds.
  path: Assets/Building Blocks/Spring/Portal.prefab
  artifactKey: Guid(9d6adfa8259279c4194b8adfb0da747d) Importer(815301076,1909f56bfc062723c751e8b465ee728b)
Start importing Assets/Building Blocks/Spring/Portal.prefab using Guid(9d6adfa8259279c4194b8adfb0da747d) Importer(815301076,1909f56bfc062723c751e8b465ee728b)  -> (artifact id: '7a21e2c2820d0bfde2f2871684ab8ae4') in 0.005768 seconds
  Import took 0.011777 seconds .

========================================================================
Received Import Request.
  Time since last request: 18.971078 seconds.
  path: Assets/Building Blocks/Spring/Portal.prefab
  artifactKey: Guid(9d6adfa8259279c4194b8adfb0da747d) Importer(815301076,1909f56bfc062723c751e8b465ee728b)
Start importing Assets/Building Blocks/Spring/Portal.prefab using Guid(9d6adfa8259279c4194b8adfb0da747d) Importer(815301076,1909f56bfc062723c751e8b465ee728b)  -> (artifact id: '5fb693f12ee03937d99d6e2e0d90d4e7') in 0.005793 seconds
  Import took 0.012244 seconds .

========================================================================
Received Import Request.
  Time since last request: 2.406661 seconds.
  path: Assets/Building Blocks/Spring/Portal.prefab
  artifactKey: Guid(9d6adfa8259279c4194b8adfb0da747d) Importer(815301076,1909f56bfc062723c751e8b465ee728b)
Start importing Assets/Building Blocks/Spring/Portal.prefab using Guid(9d6adfa8259279c4194b8adfb0da747d) Importer(815301076,1909f56bfc062723c751e8b465ee728b)  -> (artifact id: '567d7ac331eb633d1a4233bbc32bac95') in 0.006141 seconds
  Import took 0.012607 seconds .

========================================================================
Received Import Request.
  Time since last request: 6.883068 seconds.
  path: Assets/Building Blocks/Spring/Portal.prefab
  artifactKey: Guid(9d6adfa8259279c4194b8adfb0da747d) Importer(815301076,1909f56bfc062723c751e8b465ee728b)
Start importing Assets/Building Blocks/Spring/Portal.prefab using Guid(9d6adfa8259279c4194b8adfb0da747d) Importer(815301076,1909f56bfc062723c751e8b465ee728b)  -> (artifact id: '65cbecc4f0f400712f3b4cd70b0d16fe') in 0.006103 seconds
  Import took 0.011637 seconds .

========================================================================
Received Import Request.
  Time since last request: 1.994338 seconds.
  path: Assets/Building Blocks/Spring/Portal.prefab
  artifactKey: Guid(9d6adfa8259279c4194b8adfb0da747d) Importer(815301076,1909f56bfc062723c751e8b465ee728b)
Start importing Assets/Building Blocks/Spring/Portal.prefab using Guid(9d6adfa8259279c4194b8adfb0da747d) Importer(815301076,1909f56bfc062723c751e8b465ee728b)  -> (artifact id: '06082844b7b5436f9caa4d301e422183') in 0.005792 seconds
  Import took 0.011586 seconds .

========================================================================
Received Prepare
Registering precompiled user dll's ...
Registered in 0.003311 seconds.
Begin MonoManager ReloadAssembly
Error: Could not load signature of Unity.Android.Logcat.AndroidLogcat:.ctor due to: Could not load file or assembly 'UnityEditor.Android.Extensions, Version=1.0.0.0, Culture=neutral, PublicKeyToken=null' or one of its dependencies. assembly:UnityEditor.Android.Extensions, Version=1.0.0.0, Culture=neutral, PublicKeyToken=null type:<unknown type> member:(null) signature:<none>
0x00007ff6eb768c8c (Unity) StackWalker::GetCurrentCallstack
0x00007ff6eb771069 (Unity) StackWalker::ShowCallstack
0x00007ff6ecc4564c (Unity) GetStacktrace
0x00007ff6edd04803 (Unity) DebugStringToFile
0x00007ff6eb58f87b (Unity) ScanForAttributesAndInterfaceImplementations
0x00007ff6eb5a2fba (Unity) MonoManager::EndReloadAssembly
0x00007ff6eb5aa339 (Unity) MonoManager::ReloadAssembly
0x00007ff6ec9543a1 (Unity) LoadDomainAndUserAssemblies
0x00007ff6ec95484e (Unity) LoadUserAssemblies
0x00007ff6ecd77f88 (Unity) <lambda_7a4e346ad56c093be607e8c3dc54f69c>::operator()
0x00007ff6ece420d2 (Unity) asio::detail::completion_handler<core::mutable_function<void __cdecl(void)> >::do_complete
0x00007ff6ece44230 (Unity) asio::detail::win_iocp_io_service::do_one
0x00007ff6ece479be (Unity) asio::io_service::run
0x00007ff6ecdbdd50 (Unity) RunAssetImportWorkerClientV2
0x00007ff6ecdbdda0 (Unity) RunAssetImporterV2
0x00007ff6ec2dd73b (Unity) Application::InitializeProject
0x00007ff6ecc52be2 (Unity) WinMain
0x00007ff6eea98fc6 (Unity) __scrt_common_main_seh
0x00007ffde36e7c24 (KERNEL32) BaseThreadInitThunk
0x00007ffde434d721 (ntdll) RtlUserThreadStart

Unloading broken assembly Library/ScriptAssemblies/Unity.Mobile.AndroidLogcat.Editor.dll, this assembly can cause crashes in the runtime
0x00007ff6eb768c8c (Unity) StackWalker::GetCurrentCallstack
0x00007ff6eb771069 (Unity) StackWalker::ShowCallstack
0x00007ff6ecc4564c (Unity) GetStacktrace
0x00007ff6edd04803 (Unity) DebugStringToFile
0x00007ff6eb5abf10 (Unity) MonoManager::SetupLoadedEditorAssemblies
0x00007ff6eb5a330c (Unity) MonoManager::EndReloadAssembly
0x00007ff6eb5aa339 (Unity) MonoManager::ReloadAssembly
0x00007ff6ec9543a1 (Unity) LoadDomainAndUserAssemblies
0x00007ff6ec95484e (Unity) LoadUserAssemblies
0x00007ff6ecd77f88 (Unity) <lambda_7a4e346ad56c093be607e8c3dc54f69c>::operator()
0x00007ff6ece420d2 (Unity) asio::detail::completion_handler<core::mutable_function<void __cdecl(void)> >::do_complete
0x00007ff6ece44230 (Unity) asio::detail::win_iocp_io_service::do_one
0x00007ff6ece479be (Unity) asio::io_service::run
0x00007ff6ecdbdd50 (Unity) RunAssetImportWorkerClientV2
0x00007ff6ecdbdda0 (Unity) RunAssetImporterV2
0x00007ff6ec2dd73b (Unity) Application::InitializeProject
0x00007ff6ecc52be2 (Unity) WinMain
0x00007ff6eea98fc6 (Unity) __scrt_common_main_seh
0x00007ffde36e7c24 (KERNEL32) BaseThreadInitThunk
0x00007ffde434d721 (ntdll) RtlUserThreadStart

Native extension for WindowsStandalone target not found
Refreshing native plugins compatible for Editor in 0.92 ms, found 1 plugins.
Preloading 0 native plugins for Editor in 0.00 ms.
Invoked RoslynAnalysisRunner static constructor.
RoslynAnalysisRunner will not be running.
RoslynAnalysisRunner has terminated.
Mono: successfully reloaded assembly
- Completed reload, in  1.065 seconds
Platform modules already initialized, skipping
Shader 'Universal Render Pipeline/Particles/Lit': fallback shader 'Universal Render Pipeline/Particles/SimpleLit' not found
Refreshing native plugins compatible for Editor in 0.85 ms, found 1 plugins.
Preloading 0 native plugins for Editor in 0.00 ms.
Unloading 3114 Unused Serialized files (Serialized files now loaded: 0)
System memory in use before: 144.2 MB.
System memory in use after: 144.4 MB.

Unloading 22 unused Assets to reduce memory usage. Loaded Objects now: 3816.
Total: 2.251300 ms (FindLiveObjects: 0.299300 ms CreateObjectMapping: 0.162500 ms MarkObjects: 1.773100 ms  DeleteObjects: 0.015500 ms)

========================================================================
Received Prepare
Registering precompiled user dll's ...
Registered in 0.004756 seconds.
Begin MonoManager ReloadAssembly
Error: Could not load signature of Unity.Android.Logcat.AndroidLogcat:.ctor due to: Could not load file or assembly 'UnityEditor.Android.Extensions, Version=1.0.0.0, Culture=neutral, PublicKeyToken=null' or one of its dependencies. assembly:UnityEditor.Android.Extensions, Version=1.0.0.0, Culture=neutral, PublicKeyToken=null type:<unknown type> member:(null) signature:<none>
0x00007ff6eb768c8c (Unity) StackWalker::GetCurrentCallstack
0x00007ff6eb771069 (Unity) StackWalker::ShowCallstack
0x00007ff6ecc4564c (Unity) GetStacktrace
0x00007ff6edd04803 (Unity) DebugStringToFile
0x00007ff6eb58f87b (Unity) ScanForAttributesAndInterfaceImplementations
0x00007ff6eb5a2fba (Unity) MonoManager::EndReloadAssembly
0x00007ff6eb5aa339 (Unity) MonoManager::ReloadAssembly
0x00007ff6ec9543a1 (Unity) LoadDomainAndUserAssemblies
0x00007ff6ec95484e (Unity) LoadUserAssemblies
0x00007ff6ecd77f88 (Unity) <lambda_7a4e346ad56c093be607e8c3dc54f69c>::operator()
0x00007ff6ece420d2 (Unity) asio::detail::completion_handler<core::mutable_function<void __cdecl(void)> >::do_complete
0x00007ff6ece44230 (Unity) asio::detail::win_iocp_io_service::do_one
0x00007ff6ece479be (Unity) asio::io_service::run
0x00007ff6ecdbdd50 (Unity) RunAssetImportWorkerClientV2
0x00007ff6ecdbdda0 (Unity) RunAssetImporterV2
0x00007ff6ec2dd73b (Unity) Application::InitializeProject
0x00007ff6ecc52be2 (Unity) WinMain
0x00007ff6eea98fc6 (Unity) __scrt_common_main_seh
0x00007ffde36e7c24 (KERNEL32) BaseThreadInitThunk
0x00007ffde434d721 (ntdll) RtlUserThreadStart

Unloading broken assembly Library/ScriptAssemblies/Unity.Mobile.AndroidLogcat.Editor.dll, this assembly can cause crashes in the runtime
0x00007ff6eb768c8c (Unity) StackWalker::GetCurrentCallstack
0x00007ff6eb771069 (Unity) StackWalker::ShowCallstack
0x00007ff6ecc4564c (Unity) GetStacktrace
0x00007ff6edd04803 (Unity) DebugStringToFile
0x00007ff6eb5abf10 (Unity) MonoManager::SetupLoadedEditorAssemblies
0x00007ff6eb5a330c (Unity) MonoManager::EndReloadAssembly
0x00007ff6eb5aa339 (Unity) MonoManager::ReloadAssembly
0x00007ff6ec9543a1 (Unity) LoadDomainAndUserAssemblies
0x00007ff6ec95484e (Unity) LoadUserAssemblies
0x00007ff6ecd77f88 (Unity) <lambda_7a4e346ad56c093be607e8c3dc54f69c>::operator()
0x00007ff6ece420d2 (Unity) asio::detail::completion_handler<core::mutable_function<void __cdecl(void)> >::do_complete
0x00007ff6ece44230 (Unity) asio::detail::win_iocp_io_service::do_one
0x00007ff6ece479be (Unity) asio::io_service::run
0x00007ff6ecdbdd50 (Unity) RunAssetImportWorkerClientV2
0x00007ff6ecdbdda0 (Unity) RunAssetImporterV2
0x00007ff6ec2dd73b (Unity) Application::InitializeProject
0x00007ff6ecc52be2 (Unity) WinMain
0x00007ff6eea98fc6 (Unity) __scrt_common_main_seh
0x00007ffde36e7c24 (KERNEL32) BaseThreadInitThunk
0x00007ffde434d721 (ntdll) RtlUserThreadStart

Native extension for WindowsStandalone target not found
Refreshing native plugins compatible for Editor in 0.81 ms, found 1 plugins.
Preloading 0 native plugins for Editor in 0.00 ms.
Invoked RoslynAnalysisRunner static constructor.
RoslynAnalysisRunner will not be running.
RoslynAnalysisRunner has terminated.
Mono: successfully reloaded assembly
- Completed reload, in  1.035 seconds
Platform modules already initialized, skipping
Shader 'Universal Render Pipeline/Particles/Lit': fallback shader 'Universal Render Pipeline/Particles/SimpleLit' not found
Refreshing native plugins compatible for Editor in 0.82 ms, found 1 plugins.
Preloading 0 native plugins for Editor in 0.00 ms.
Unloading 3114 Unused Serialized files (Serialized files now loaded: 0)
System memory in use before: 144.0 MB.
System memory in use after: 144.2 MB.

Unloading 22 unused Assets to reduce memory usage. Loaded Objects now: 3819.
Total: 2.506400 ms (FindLiveObjects: 0.278600 ms CreateObjectMapping: 0.158000 ms MarkObjects: 2.052300 ms  DeleteObjects: 0.016700 ms)

========================================================================
Received Prepare
Registering precompiled user dll's ...
Registered in 0.003209 seconds.
Begin MonoManager ReloadAssembly
Error: Could not load signature of Unity.Android.Logcat.AndroidLogcat:.ctor due to: Could not load file or assembly 'UnityEditor.Android.Extensions, Version=1.0.0.0, Culture=neutral, PublicKeyToken=null' or one of its dependencies. assembly:UnityEditor.Android.Extensions, Version=1.0.0.0, Culture=neutral, PublicKeyToken=null type:<unknown type> member:(null) signature:<none>
0x00007ff6eb768c8c (Unity) StackWalker::GetCurrentCallstack
0x00007ff6eb771069 (Unity) StackWalker::ShowCallstack
0x00007ff6ecc4564c (Unity) GetStacktrace
0x00007ff6edd04803 (Unity) DebugStringToFile
0x00007ff6eb58f87b (Unity) ScanForAttributesAndInterfaceImplementations
0x00007ff6eb5a2fba (Unity) MonoManager::EndReloadAssembly
0x00007ff6eb5aa339 (Unity) MonoManager::ReloadAssembly
0x00007ff6ec9543a1 (Unity) LoadDomainAndUserAssemblies
0x00007ff6ec95484e (Unity) LoadUserAssemblies
0x00007ff6ecd77f88 (Unity) <lambda_7a4e346ad56c093be607e8c3dc54f69c>::operator()
0x00007ff6ece420d2 (Unity) asio::detail::completion_handler<core::mutable_function<void __cdecl(void)> >::do_complete
0x00007ff6ece44230 (Unity) asio::detail::win_iocp_io_service::do_one
0x00007ff6ece479be (Unity) asio::io_service::run
0x00007ff6ecdbdd50 (Unity) RunAssetImportWorkerClientV2
0x00007ff6ecdbdda0 (Unity) RunAssetImporterV2
0x00007ff6ec2dd73b (Unity) Application::InitializeProject
0x00007ff6ecc52be2 (Unity) WinMain
0x00007ff6eea98fc6 (Unity) __scrt_common_main_seh
0x00007ffde36e7c24 (KERNEL32) BaseThreadInitThunk
0x00007ffde434d721 (ntdll) RtlUserThreadStart

Unloading broken assembly Library/ScriptAssemblies/Unity.Mobile.AndroidLogcat.Editor.dll, this assembly can cause crashes in the runtime
0x00007ff6eb768c8c (Unity) StackWalker::GetCurrentCallstack
0x00007ff6eb771069 (Unity) StackWalker::ShowCallstack
0x00007ff6ecc4564c (Unity) GetStacktrace
0x00007ff6edd04803 (Unity) DebugStringToFile
0x00007ff6eb5abf10 (Unity) MonoManager::SetupLoadedEditorAssemblies
0x00007ff6eb5a330c (Unity) MonoManager::EndReloadAssembly
0x00007ff6eb5aa339 (Unity) MonoManager::ReloadAssembly
0x00007ff6ec9543a1 (Unity) LoadDomainAndUserAssemblies
0x00007ff6ec95484e (Unity) LoadUserAssemblies
0x00007ff6ecd77f88 (Unity) <lambda_7a4e346ad56c093be607e8c3dc54f69c>::operator()
0x00007ff6ece420d2 (Unity) asio::detail::completion_handler<core::mutable_function<void __cdecl(void)> >::do_complete
0x00007ff6ece44230 (Unity) asio::detail::win_iocp_io_service::do_one
0x00007ff6ece479be (Unity) asio::io_service::run
0x00007ff6ecdbdd50 (Unity) RunAssetImportWorkerClientV2
0x00007ff6ecdbdda0 (Unity) RunAssetImporterV2
0x00007ff6ec2dd73b (Unity) Application::InitializeProject
0x00007ff6ecc52be2 (Unity) WinMain
0x00007ff6eea98fc6 (Unity) __scrt_common_main_seh
0x00007ffde36e7c24 (KERNEL32) BaseThreadInitThunk
0x00007ffde434d721 (ntdll) RtlUserThreadStart

Native extension for WindowsStandalone target not found
Refreshing native plugins compatible for Editor in 0.79 ms, found 1 plugins.
Preloading 0 native plugins for Editor in 0.00 ms.
Invoked RoslynAnalysisRunner static constructor.
RoslynAnalysisRunner will not be running.
RoslynAnalysisRunner has terminated.
Mono: successfully reloaded assembly
- Completed reload, in  1.035 seconds
Platform modules already initialized, skipping
Shader 'Universal Render Pipeline/Particles/Lit': fallback shader 'Universal Render Pipeline/Particles/SimpleLit' not found
Refreshing native plugins compatible for Editor in 0.79 ms, found 1 plugins.
Preloading 0 native plugins for Editor in 0.00 ms.
Unloading 3114 Unused Serialized files (Serialized files now loaded: 0)
System memory in use before: 144.2 MB.
System memory in use after: 144.4 MB.

Unloading 22 unused Assets to reduce memory usage. Loaded Objects now: 3822.
Total: 2.297000 ms (FindLiveObjects: 0.287300 ms CreateObjectMapping: 0.145400 ms MarkObjects: 1.839100 ms  DeleteObjects: 0.024400 ms)

========================================================================
Received Prepare
Registering precompiled user dll's ...
Registered in 0.003351 seconds.
Begin MonoManager ReloadAssembly
Error: Could not load signature of Unity.Android.Logcat.AndroidLogcat:.ctor due to: Could not load file or assembly 'UnityEditor.Android.Extensions, Version=1.0.0.0, Culture=neutral, PublicKeyToken=null' or one of its dependencies. assembly:UnityEditor.Android.Extensions, Version=1.0.0.0, Culture=neutral, PublicKeyToken=null type:<unknown type> member:(null) signature:<none>
0x00007ff6eb768c8c (Unity) StackWalker::GetCurrentCallstack
0x00007ff6eb771069 (Unity) StackWalker::ShowCallstack
0x00007ff6ecc4564c (Unity) GetStacktrace
0x00007ff6edd04803 (Unity) DebugStringToFile
0x00007ff6eb58f87b (Unity) ScanForAttributesAndInterfaceImplementations
0x00007ff6eb5a2fba (Unity) MonoManager::EndReloadAssembly
0x00007ff6eb5aa339 (Unity) MonoManager::ReloadAssembly
0x00007ff6ec9543a1 (Unity) LoadDomainAndUserAssemblies
0x00007ff6ec95484e (Unity) LoadUserAssemblies
0x00007ff6ecd77f88 (Unity) <lambda_7a4e346ad56c093be607e8c3dc54f69c>::operator()
0x00007ff6ece420d2 (Unity) asio::detail::completion_handler<core::mutable_function<void __cdecl(void)> >::do_complete
0x00007ff6ece44230 (Unity) asio::detail::win_iocp_io_service::do_one
0x00007ff6ece479be (Unity) asio::io_service::run
0x00007ff6ecdbdd50 (Unity) RunAssetImportWorkerClientV2
0x00007ff6ecdbdda0 (Unity) RunAssetImporterV2
0x00007ff6ec2dd73b (Unity) Application::InitializeProject
0x00007ff6ecc52be2 (Unity) WinMain
0x00007ff6eea98fc6 (Unity) __scrt_common_main_seh
0x00007ffde36e7c24 (KERNEL32) BaseThreadInitThunk
0x00007ffde434d721 (ntdll) RtlUserThreadStart

Unloading broken assembly Library/ScriptAssemblies/Unity.Mobile.AndroidLogcat.Editor.dll, this assembly can cause crashes in the runtime
0x00007ff6eb768c8c (Unity) StackWalker::GetCurrentCallstack
0x00007ff6eb771069 (Unity) StackWalker::ShowCallstack
0x00007ff6ecc4564c (Unity) GetStacktrace
0x00007ff6edd04803 (Unity) DebugStringToFile
0x00007ff6eb5abf10 (Unity) MonoManager::SetupLoadedEditorAssemblies
0x00007ff6eb5a330c (Unity) MonoManager::EndReloadAssembly
0x00007ff6eb5aa339 (Unity) MonoManager::ReloadAssembly
0x00007ff6ec9543a1 (Unity) LoadDomainAndUserAssemblies
0x00007ff6ec95484e (Unity) LoadUserAssemblies
0x00007ff6ecd77f88 (Unity) <lambda_7a4e346ad56c093be607e8c3dc54f69c>::operator()
0x00007ff6ece420d2 (Unity) asio::detail::completion_handler<core::mutable_function<void __cdecl(void)> >::do_complete
0x00007ff6ece44230 (Unity) asio::detail::win_iocp_io_service::do_one
0x00007ff6ece479be (Unity) asio::io_service::run
0x00007ff6ecdbdd50 (Unity) RunAssetImportWorkerClientV2
0x00007ff6ecdbdda0 (Unity) RunAssetImporterV2
0x00007ff6ec2dd73b (Unity) Application::InitializeProject
0x00007ff6ecc52be2 (Unity) WinMain
0x00007ff6eea98fc6 (Unity) __scrt_common_main_seh
0x00007ffde36e7c24 (KERNEL32) BaseThreadInitThunk
0x00007ffde434d721 (ntdll) RtlUserThreadStart

Native extension for WindowsStandalone target not found
Refreshing native plugins compatible for Editor in 0.78 ms, found 1 plugins.
Preloading 0 native plugins for Editor in 0.00 ms.
Invoked RoslynAnalysisRunner static constructor.
RoslynAnalysisRunner will not be running.
RoslynAnalysisRunner has terminated.
Mono: successfully reloaded assembly
- Completed reload, in  1.048 seconds
Platform modules already initialized, skipping
Shader 'Universal Render Pipeline/Particles/Lit': fallback shader 'Universal Render Pipeline/Particles/SimpleLit' not found
Refreshing native plugins compatible for Editor in 0.82 ms, found 1 plugins.
Preloading 0 native plugins for Editor in 0.00 ms.
Unloading 3114 Unused Serialized files (Serialized files now loaded: 0)
System memory in use before: 144.2 MB.
System memory in use after: 144.5 MB.

Unloading 22 unused Assets to reduce memory usage. Loaded Objects now: 3825.
Total: 2.545800 ms (FindLiveObjects: 0.282700 ms CreateObjectMapping: 0.154100 ms MarkObjects: 2.088900 ms  DeleteObjects: 0.019200 ms)

========================================================================
Received Prepare
Registering precompiled user dll's ...
Registered in 0.003411 seconds.
Begin MonoManager ReloadAssembly
Error: Could not load signature of Unity.Android.Logcat.AndroidLogcat:.ctor due to: Could not load file or assembly 'UnityEditor.Android.Extensions, Version=1.0.0.0, Culture=neutral, PublicKeyToken=null' or one of its dependencies. assembly:UnityEditor.Android.Extensions, Version=1.0.0.0, Culture=neutral, PublicKeyToken=null type:<unknown type> member:(null) signature:<none>
0x00007ff6eb768c8c (Unity) StackWalker::GetCurrentCallstack
0x00007ff6eb771069 (Unity) StackWalker::ShowCallstack
0x00007ff6ecc4564c (Unity) GetStacktrace
0x00007ff6edd04803 (Unity) DebugStringToFile
0x00007ff6eb58f87b (Unity) ScanForAttributesAndInterfaceImplementations
0x00007ff6eb5a2fba (Unity) MonoManager::EndReloadAssembly
0x00007ff6eb5aa339 (Unity) MonoManager::ReloadAssembly
0x00007ff6ec9543a1 (Unity) LoadDomainAndUserAssemblies
0x00007ff6ec95484e (Unity) LoadUserAssemblies
0x00007ff6ecd77f88 (Unity) <lambda_7a4e346ad56c093be607e8c3dc54f69c>::operator()
0x00007ff6ece420d2 (Unity) asio::detail::completion_handler<core::mutable_function<void __cdecl(void)> >::do_complete
0x00007ff6ece44230 (Unity) asio::detail::win_iocp_io_service::do_one
0x00007ff6ece479be (Unity) asio::io_service::run
0x00007ff6ecdbdd50 (Unity) RunAssetImportWorkerClientV2
0x00007ff6ecdbdda0 (Unity) RunAssetImporterV2
0x00007ff6ec2dd73b (Unity) Application::InitializeProject
0x00007ff6ecc52be2 (Unity) WinMain
0x00007ff6eea98fc6 (Unity) __scrt_common_main_seh
0x00007ffde36e7c24 (KERNEL32) BaseThreadInitThunk
0x00007ffde434d721 (ntdll) RtlUserThreadStart

Unloading broken assembly Library/ScriptAssemblies/Unity.Mobile.AndroidLogcat.Editor.dll, this assembly can cause crashes in the runtime
0x00007ff6eb768c8c (Unity) StackWalker::GetCurrentCallstack
0x00007ff6eb771069 (Unity) StackWalker::ShowCallstack
0x00007ff6ecc4564c (Unity) GetStacktrace
0x00007ff6edd04803 (Unity) DebugStringToFile
0x00007ff6eb5abf10 (Unity) MonoManager::SetupLoadedEditorAssemblies
0x00007ff6eb5a330c (Unity) MonoManager::EndReloadAssembly
0x00007ff6eb5aa339 (Unity) MonoManager::ReloadAssembly
0x00007ff6ec9543a1 (Unity) LoadDomainAndUserAssemblies
0x00007ff6ec95484e (Unity) LoadUserAssemblies
0x00007ff6ecd77f88 (Unity) <lambda_7a4e346ad56c093be607e8c3dc54f69c>::operator()
0x00007ff6ece420d2 (Unity) asio::detail::completion_handler<core::mutable_function<void __cdecl(void)> >::do_complete
0x00007ff6ece44230 (Unity) asio::detail::win_iocp_io_service::do_one
0x00007ff6ece479be (Unity) asio::io_service::run
0x00007ff6ecdbdd50 (Unity) RunAssetImportWorkerClientV2
0x00007ff6ecdbdda0 (Unity) RunAssetImporterV2
0x00007ff6ec2dd73b (Unity) Application::InitializeProject
0x00007ff6ecc52be2 (Unity) WinMain
0x00007ff6eea98fc6 (Unity) __scrt_common_main_seh
0x00007ffde36e7c24 (KERNEL32) BaseThreadInitThunk
0x00007ffde434d721 (ntdll) RtlUserThreadStart

Native extension for WindowsStandalone target not found
Refreshing native plugins compatible for Editor in 0.79 ms, found 1 plugins.
Preloading 0 native plugins for Editor in 0.00 ms.
Invoked RoslynAnalysisRunner static constructor.
RoslynAnalysisRunner will not be running.
RoslynAnalysisRunner has terminated.
Mono: successfully reloaded assembly
- Completed reload, in  1.055 seconds
Platform modules already initialized, skipping
Shader 'Universal Render Pipeline/Particles/Lit': fallback shader 'Universal Render Pipeline/Particles/SimpleLit' not found
Refreshing native plugins compatible for Editor in 1.02 ms, found 1 plugins.
Preloading 0 native plugins for Editor in 0.00 ms.
Unloading 3114 Unused Serialized files (Serialized files now loaded: 0)
System memory in use before: 144.0 MB.
System memory in use after: 144.3 MB.

Unloading 22 unused Assets to reduce memory usage. Loaded Objects now: 3828.
Total: 2.200500 ms (FindLiveObjects: 0.266400 ms CreateObjectMapping: 0.137000 ms MarkObjects: 1.780400 ms  DeleteObjects: 0.016000 ms)

========================================================================
Received Prepare
Registering precompiled user dll's ...
Registered in 0.003487 seconds.
Begin MonoManager ReloadAssembly
Error: Could not load signature of Unity.Android.Logcat.AndroidLogcat:.ctor due to: Could not load file or assembly 'UnityEditor.Android.Extensions, Version=1.0.0.0, Culture=neutral, PublicKeyToken=null' or one of its dependencies. assembly:UnityEditor.Android.Extensions, Version=1.0.0.0, Culture=neutral, PublicKeyToken=null type:<unknown type> member:(null) signature:<none>
0x00007ff6eb768c8c (Unity) StackWalker::GetCurrentCallstack
0x00007ff6eb771069 (Unity) StackWalker::ShowCallstack
0x00007ff6ecc4564c (Unity) GetStacktrace
0x00007ff6edd04803 (Unity) DebugStringToFile
0x00007ff6eb58f87b (Unity) ScanForAttributesAndInterfaceImplementations
0x00007ff6eb5a2fba (Unity) MonoManager::EndReloadAssembly
0x00007ff6eb5aa339 (Unity) MonoManager::ReloadAssembly
0x00007ff6ec9543a1 (Unity) LoadDomainAndUserAssemblies
0x00007ff6ec95484e (Unity) LoadUserAssemblies
0x00007ff6ecd77f88 (Unity) <lambda_7a4e346ad56c093be607e8c3dc54f69c>::operator()
0x00007ff6ece420d2 (Unity) asio::detail::completion_handler<core::mutable_function<void __cdecl(void)> >::do_complete
0x00007ff6ece44230 (Unity) asio::detail::win_iocp_io_service::do_one
0x00007ff6ece479be (Unity) asio::io_service::run
0x00007ff6ecdbdd50 (Unity) RunAssetImportWorkerClientV2
0x00007ff6ecdbdda0 (Unity) RunAssetImporterV2
0x00007ff6ec2dd73b (Unity) Application::InitializeProject
0x00007ff6ecc52be2 (Unity) WinMain
0x00007ff6eea98fc6 (Unity) __scrt_common_main_seh
0x00007ffde36e7c24 (KERNEL32) BaseThreadInitThunk
0x00007ffde434d721 (ntdll) RtlUserThreadStart

Unloading broken assembly Library/ScriptAssemblies/Unity.Mobile.AndroidLogcat.Editor.dll, this assembly can cause crashes in the runtime
0x00007ff6eb768c8c (Unity) StackWalker::GetCurrentCallstack
0x00007ff6eb771069 (Unity) StackWalker::ShowCallstack
0x00007ff6ecc4564c (Unity) GetStacktrace
0x00007ff6edd04803 (Unity) DebugStringToFile
0x00007ff6eb5abf10 (Unity) MonoManager::SetupLoadedEditorAssemblies
0x00007ff6eb5a330c (Unity) MonoManager::EndReloadAssembly
0x00007ff6eb5aa339 (Unity) MonoManager::ReloadAssembly
0x00007ff6ec9543a1 (Unity) LoadDomainAndUserAssemblies
0x00007ff6ec95484e (Unity) LoadUserAssemblies
0x00007ff6ecd77f88 (Unity) <lambda_7a4e346ad56c093be607e8c3dc54f69c>::operator()
0x00007ff6ece420d2 (Unity) asio::detail::completion_handler<core::mutable_function<void __cdecl(void)> >::do_complete
0x00007ff6ece44230 (Unity) asio::detail::win_iocp_io_service::do_one
0x00007ff6ece479be (Unity) asio::io_service::run
0x00007ff6ecdbdd50 (Unity) RunAssetImportWorkerClientV2
0x00007ff6ecdbdda0 (Unity) RunAssetImporterV2
0x00007ff6ec2dd73b (Unity) Application::InitializeProject
0x00007ff6ecc52be2 (Unity) WinMain
0x00007ff6eea98fc6 (Unity) __scrt_common_main_seh
0x00007ffde36e7c24 (KERNEL32) BaseThreadInitThunk
0x00007ffde434d721 (ntdll) RtlUserThreadStart

Native extension for WindowsStandalone target not found
Refreshing native plugins compatible for Editor in 0.87 ms, found 1 plugins.
Preloading 0 native plugins for Editor in 0.00 ms.
Invoked RoslynAnalysisRunner static constructor.
RoslynAnalysisRunner will not be running.
RoslynAnalysisRunner has terminated.
Mono: successfully reloaded assembly
- Completed reload, in  1.095 seconds
Platform modules already initialized, skipping
Shader 'Universal Render Pipeline/Particles/Lit': fallback shader 'Universal Render Pipeline/Particles/SimpleLit' not found
Refreshing native plugins compatible for Editor in 0.80 ms, found 1 plugins.
Preloading 0 native plugins for Editor in 0.00 ms.
Unloading 3114 Unused Serialized files (Serialized files now loaded: 0)
System memory in use before: 144.2 MB.
System memory in use after: 144.5 MB.

Unloading 22 unused Assets to reduce memory usage. Loaded Objects now: 3831.
Total: 2.480100 ms (FindLiveObjects: 0.279500 ms CreateObjectMapping: 0.147300 ms MarkObjects: 2.034200 ms  DeleteObjects: 0.018400 ms)

========================================================================
Received Prepare
Registering precompiled user dll's ...
Registered in 0.003351 seconds.
Begin MonoManager ReloadAssembly
Error: Could not load signature of Unity.Android.Logcat.AndroidLogcat:.ctor due to: Could not load file or assembly 'UnityEditor.Android.Extensions, Version=1.0.0.0, Culture=neutral, PublicKeyToken=null' or one of its dependencies. assembly:UnityEditor.Android.Extensions, Version=1.0.0.0, Culture=neutral, PublicKeyToken=null type:<unknown type> member:(null) signature:<none>
0x00007ff6eb768c8c (Unity) StackWalker::GetCurrentCallstack
0x00007ff6eb771069 (Unity) StackWalker::ShowCallstack
0x00007ff6ecc4564c (Unity) GetStacktrace
0x00007ff6edd04803 (Unity) DebugStringToFile
0x00007ff6eb58f87b (Unity) ScanForAttributesAndInterfaceImplementations
0x00007ff6eb5a2fba (Unity) MonoManager::EndReloadAssembly
0x00007ff6eb5aa339 (Unity) MonoManager::ReloadAssembly
0x00007ff6ec9543a1 (Unity) LoadDomainAndUserAssemblies
0x00007ff6ec95484e (Unity) LoadUserAssemblies
0x00007ff6ecd77f88 (Unity) <lambda_7a4e346ad56c093be607e8c3dc54f69c>::operator()
0x00007ff6ece420d2 (Unity) asio::detail::completion_handler<core::mutable_function<void __cdecl(void)> >::do_complete
0x00007ff6ece44230 (Unity) asio::detail::win_iocp_io_service::do_one
0x00007ff6ece479be (Unity) asio::io_service::run
0x00007ff6ecdbdd50 (Unity) RunAssetImportWorkerClientV2
0x00007ff6ecdbdda0 (Unity) RunAssetImporterV2
0x00007ff6ec2dd73b (Unity) Application::InitializeProject
0x00007ff6ecc52be2 (Unity) WinMain
0x00007ff6eea98fc6 (Unity) __scrt_common_main_seh
0x00007ffde36e7c24 (KERNEL32) BaseThreadInitThunk
0x00007ffde434d721 (ntdll) RtlUserThreadStart

Unloading broken assembly Library/ScriptAssemblies/Unity.Mobile.AndroidLogcat.Editor.dll, this assembly can cause crashes in the runtime
0x00007ff6eb768c8c (Unity) StackWalker::GetCurrentCallstack
0x00007ff6eb771069 (Unity) StackWalker::ShowCallstack
0x00007ff6ecc4564c (Unity) GetStacktrace
0x00007ff6edd04803 (Unity) DebugStringToFile
0x00007ff6eb5abf10 (Unity) MonoManager::SetupLoadedEditorAssemblies
0x00007ff6eb5a330c (Unity) MonoManager::EndReloadAssembly
0x00007ff6eb5aa339 (Unity) MonoManager::ReloadAssembly
0x00007ff6ec9543a1 (Unity) LoadDomainAndUserAssemblies
0x00007ff6ec95484e (Unity) LoadUserAssemblies
0x00007ff6ecd77f88 (Unity) <lambda_7a4e346ad56c093be607e8c3dc54f69c>::operator()
0x00007ff6ece420d2 (Unity) asio::detail::completion_handler<core::mutable_function<void __cdecl(void)> >::do_complete
0x00007ff6ece44230 (Unity) asio::detail::win_iocp_io_service::do_one
0x00007ff6ece479be (Unity) asio::io_service::run
0x00007ff6ecdbdd50 (Unity) RunAssetImportWorkerClientV2
0x00007ff6ecdbdda0 (Unity) RunAssetImporterV2
0x00007ff6ec2dd73b (Unity) Application::InitializeProject
0x00007ff6ecc52be2 (Unity) WinMain
0x00007ff6eea98fc6 (Unity) __scrt_common_main_seh
0x00007ffde36e7c24 (KERNEL32) BaseThreadInitThunk
0x00007ffde434d721 (ntdll) RtlUserThreadStart

Native extension for WindowsStandalone target not found
Refreshing native plugins compatible for Editor in 0.79 ms, found 1 plugins.
Preloading 0 native plugins for Editor in 0.00 ms.
Invoked RoslynAnalysisRunner static constructor.
RoslynAnalysisRunner will not be running.
RoslynAnalysisRunner has terminated.
Mono: successfully reloaded assembly
- Completed reload, in  1.072 seconds
Platform modules already initialized, skipping
Shader 'Universal Render Pipeline/Particles/Lit': fallback shader 'Universal Render Pipeline/Particles/SimpleLit' not found
Refreshing native plugins compatible for Editor in 0.83 ms, found 1 plugins.
Preloading 0 native plugins for Editor in 0.00 ms.
Unloading 3114 Unused Serialized files (Serialized files now loaded: 0)
System memory in use before: 144.2 MB.
System memory in use after: 144.5 MB.

Unloading 22 unused Assets to reduce memory usage. Loaded Objects now: 3834.
Total: 2.270500 ms (FindLiveObjects: 0.298900 ms CreateObjectMapping: 0.150000 ms MarkObjects: 1.802000 ms  DeleteObjects: 0.018900 ms)

========================================================================
Received Prepare
Registering precompiled user dll's ...
Registered in 0.004670 seconds.
Begin MonoManager ReloadAssembly
Error: Could not load signature of Unity.Android.Logcat.AndroidLogcat:.ctor due to: Could not load file or assembly 'UnityEditor.Android.Extensions, Version=1.0.0.0, Culture=neutral, PublicKeyToken=null' or one of its dependencies. assembly:UnityEditor.Android.Extensions, Version=1.0.0.0, Culture=neutral, PublicKeyToken=null type:<unknown type> member:(null) signature:<none>
0x00007ff6eb768c8c (Unity) StackWalker::GetCurrentCallstack
0x00007ff6eb771069 (Unity) StackWalker::ShowCallstack
0x00007ff6ecc4564c (Unity) GetStacktrace
0x00007ff6edd04803 (Unity) DebugStringToFile
0x00007ff6eb58f87b (Unity) ScanForAttributesAndInterfaceImplementations
0x00007ff6eb5a2fba (Unity) MonoManager::EndReloadAssembly
0x00007ff6eb5aa339 (Unity) MonoManager::ReloadAssembly
0x00007ff6ec9543a1 (Unity) LoadDomainAndUserAssemblies
0x00007ff6ec95484e (Unity) LoadUserAssemblies
0x00007ff6ecd77f88 (Unity) <lambda_7a4e346ad56c093be607e8c3dc54f69c>::operator()
0x00007ff6ece420d2 (Unity) asio::detail::completion_handler<core::mutable_function<void __cdecl(void)> >::do_complete
0x00007ff6ece44230 (Unity) asio::detail::win_iocp_io_service::do_one
0x00007ff6ece479be (Unity) asio::io_service::run
0x00007ff6ecdbdd50 (Unity) RunAssetImportWorkerClientV2
0x00007ff6ecdbdda0 (Unity) RunAssetImporterV2
0x00007ff6ec2dd73b (Unity) Application::InitializeProject
0x00007ff6ecc52be2 (Unity) WinMain
0x00007ff6eea98fc6 (Unity) __scrt_common_main_seh
0x00007ffde36e7c24 (KERNEL32) BaseThreadInitThunk
0x00007ffde434d721 (ntdll) RtlUserThreadStart

Unloading broken assembly Library/ScriptAssemblies/Unity.Mobile.AndroidLogcat.Editor.dll, this assembly can cause crashes in the runtime
0x00007ff6eb768c8c (Unity) StackWalker::GetCurrentCallstack
0x00007ff6eb771069 (Unity) StackWalker::ShowCallstack
0x00007ff6ecc4564c (Unity) GetStacktrace
0x00007ff6edd04803 (Unity) DebugStringToFile
0x00007ff6eb5abf10 (Unity) MonoManager::SetupLoadedEditorAssemblies
0x00007ff6eb5a330c (Unity) MonoManager::EndReloadAssembly
0x00007ff6eb5aa339 (Unity) MonoManager::ReloadAssembly
0x00007ff6ec9543a1 (Unity) LoadDomainAndUserAssemblies
0x00007ff6ec95484e (Unity) LoadUserAssemblies
0x00007ff6ecd77f88 (Unity) <lambda_7a4e346ad56c093be607e8c3dc54f69c>::operator()
0x00007ff6ece420d2 (Unity) asio::detail::completion_handler<core::mutable_function<void __cdecl(void)> >::do_complete
0x00007ff6ece44230 (Unity) asio::detail::win_iocp_io_service::do_one
0x00007ff6ece479be (Unity) asio::io_service::run
0x00007ff6ecdbdd50 (Unity) RunAssetImportWorkerClientV2
0x00007ff6ecdbdda0 (Unity) RunAssetImporterV2
0x00007ff6ec2dd73b (Unity) Application::InitializeProject
0x00007ff6ecc52be2 (Unity) WinMain
0x00007ff6eea98fc6 (Unity) __scrt_common_main_seh
0x00007ffde36e7c24 (KERNEL32) BaseThreadInitThunk
0x00007ffde434d721 (ntdll) RtlUserThreadStart

Native extension for WindowsStandalone target not found
Refreshing native plugins compatible for Editor in 0.89 ms, found 1 plugins.
Preloading 0 native plugins for Editor in 0.00 ms.
Invoked RoslynAnalysisRunner static constructor.
RoslynAnalysisRunner will not be running.
RoslynAnalysisRunner has terminated.
Mono: successfully reloaded assembly
- Completed reload, in  1.245 seconds
Platform modules already initialized, skipping
Shader 'Universal Render Pipeline/Particles/Lit': fallback shader 'Universal Render Pipeline/Particles/SimpleLit' not found
Refreshing native plugins compatible for Editor in 0.84 ms, found 1 plugins.
Preloading 0 native plugins for Editor in 0.00 ms.
Unloading 3114 Unused Serialized files (Serialized files now loaded: 0)
System memory in use before: 144.1 MB.
System memory in use after: 144.3 MB.

Unloading 22 unused Assets to reduce memory usage. Loaded Objects now: 3837.
Total: 2.600400 ms (FindLiveObjects: 0.295700 ms CreateObjectMapping: 0.143300 ms MarkObjects: 2.138500 ms  DeleteObjects: 0.021900 ms)

AssetImportWorkerClient::OnTransportError - code=2 error=End of file
