Using pre-set license
Built from '2020.2/release' branch; Version is '2020.2.1f1 (270dd8c3da1c) revision 2559448'; Using compiler version '192528614'; Build Type 'Release'
OS: 'Windows 10  (10.0.0) 64bit' Language: 'en' Physical Memory: 16326 MB
BatchMode: 1, IsHumanControllingUs: 0, StartBugReporterOnCrash: 0, Is64bit: 1, IsPro: 0

 COMMAND LINE ARGUMENTS:
D:\Program Files (x86)\UnityEditors\2020.2.1f1\Editor\Unity.exe
-adb2
-batchMode
-noUpm
-name
AssetImportWorker0
-projectPath
D:/NatWa/GitHubRepositories/Mobile-Game-ios/Android Game
-logFile
Logs/AssetImportWorker0.log
-srvPort
53762
Successfully changed project path to: D:/NatWa/GitHubRepositories/Mobile-Game-ios/Android Game
D:/NatWa/GitHubRepositories/Mobile-Game-ios/Android Game
Using Asset Import Pipeline V2.
Refreshing native plugins compatible for Editor in 89.82 ms, found 1 plugins.
Preloading 0 native plugins for Editor in 0.00 ms.
Initialize engine version: 2020.2.1f1 (270dd8c3da1c)
[Subsystems] Discovering subsystems at path D:/Program Files (x86)/UnityEditors/2020.2.1f1/Editor/Data/Resources/UnitySubsystems
[Subsystems] Discovering subsystems at path D:/NatWa/GitHubRepositories/Mobile-Game-ios/Android Game/Assets
GfxDevice: creating device client; threaded=0
Direct3D:
    Version:  Direct3D 11.0 [level 11.1]
    Renderer: NVIDIA GeForce GTX 1080 Ti (ID=0x1b06)
    Vendor:   
    VRAM:     11127 MB
    Driver:   30.0.14.7141
Shader 'Universal Render Pipeline/Particles/Lit': fallback shader 'Universal Render Pipeline/Particles/SimpleLit' not found
Initialize mono
Mono path[0] = 'D:/Program Files (x86)/UnityEditors/2020.2.1f1/Editor/Data/Managed'
Mono path[1] = 'D:/Program Files (x86)/UnityEditors/2020.2.1f1/Editor/Data/MonoBleedingEdge/lib/mono/unityjit'
Mono config path = 'D:/Program Files (x86)/UnityEditors/2020.2.1f1/Editor/Data/MonoBleedingEdge/etc'
Using monoOptions --debugger-agent=transport=dt_socket,embedding=1,server=y,suspend=n,address=127.0.0.1:56372
Begin MonoManager ReloadAssembly
Registering precompiled unity dll's ...
Register platform support module: D:/Program Files (x86)/UnityEditors/2020.2.1f1/Editor/Data/PlaybackEngines/WindowsStandaloneSupport/UnityEditor.WindowsStandalone.Extensions.dll
Registered in 0.003425 seconds.
Native extension for WindowsStandalone target not found
Refreshing native plugins compatible for Editor in 70.18 ms, found 1 plugins.
Preloading 0 native plugins for Editor in 0.00 ms.
Invoked RoslynAnalysisRunner static constructor.
RoslynAnalysisRunner will not be running.
RoslynAnalysisRunner has terminated.
Mono: successfully reloaded assembly
- Completed reload, in  2.564 seconds
Platform modules already initialized, skipping
Registering precompiled user dll's ...
Registered in 0.003464 seconds.
Begin MonoManager ReloadAssembly
Error: Could not load signature of Unity.Android.Logcat.AndroidLogcat:.ctor due to: Could not load file or assembly 'UnityEditor.Android.Extensions, Version=1.0.0.0, Culture=neutral, PublicKeyToken=null' or one of its dependencies. assembly:UnityEditor.Android.Extensions, Version=1.0.0.0, Culture=neutral, PublicKeyToken=null type:<unknown type> member:(null) signature:<none>
0x00007ff6ad328c8c (Unity) StackWalker::GetCurrentCallstack
0x00007ff6ad331069 (Unity) StackWalker::ShowCallstack
0x00007ff6ae80564c (Unity) GetStacktrace
0x00007ff6af8c4803 (Unity) DebugStringToFile
0x00007ff6ad14f87b (Unity) ScanForAttributesAndInterfaceImplementations
0x00007ff6ad162fba (Unity) MonoManager::EndReloadAssembly
0x00007ff6ad16a339 (Unity) MonoManager::ReloadAssembly
0x00007ff6ae5143a1 (Unity) LoadDomainAndUserAssemblies
0x00007ff6ae51484e (Unity) LoadUserAssemblies
0x00007ff6ade9d736 (Unity) Application::InitializeProject
0x00007ff6ae812be2 (Unity) WinMain
0x00007ff6b0658fc6 (Unity) __scrt_common_main_seh
0x00007ffde36e7c24 (KERNEL32) BaseThreadInitThunk
0x00007ffde434d721 (ntdll) RtlUserThreadStart

Unloading broken assembly Library/ScriptAssemblies/Unity.Mobile.AndroidLogcat.Editor.dll, this assembly can cause crashes in the runtime
0x00007ff6ad328c8c (Unity) StackWalker::GetCurrentCallstack
0x00007ff6ad331069 (Unity) StackWalker::ShowCallstack
0x00007ff6ae80564c (Unity) GetStacktrace
0x00007ff6af8c4803 (Unity) DebugStringToFile
0x00007ff6ad16bf10 (Unity) MonoManager::SetupLoadedEditorAssemblies
0x00007ff6ad16330c (Unity) MonoManager::EndReloadAssembly
0x00007ff6ad16a339 (Unity) MonoManager::ReloadAssembly
0x00007ff6ae5143a1 (Unity) LoadDomainAndUserAssemblies
0x00007ff6ae51484e (Unity) LoadUserAssemblies
0x00007ff6ade9d736 (Unity) Application::InitializeProject
0x00007ff6ae812be2 (Unity) WinMain
0x00007ff6b0658fc6 (Unity) __scrt_common_main_seh
0x00007ffde36e7c24 (KERNEL32) BaseThreadInitThunk
0x00007ffde434d721 (ntdll) RtlUserThreadStart

Native extension for WindowsStandalone target not found
Refreshing native plugins compatible for Editor in 73.39 ms, found 1 plugins.
Preloading 0 native plugins for Editor in 0.00 ms.
Invoked RoslynAnalysisRunner static constructor.
RoslynAnalysisRunner will not be running.
RoslynAnalysisRunner has terminated.
Mono: successfully reloaded assembly
- Completed reload, in  1.938 seconds
Platform modules already initialized, skipping
========================================================================
Worker process is ready to serve import requests
Shader 'Universal Render Pipeline/Particles/Lit': fallback shader 'Universal Render Pipeline/Particles/SimpleLit' not found
Launched and connected shader compiler UnityShaderCompiler.exe after 0.05 seconds
Refreshing native plugins compatible for Editor in 0.75 ms, found 1 plugins.
Preloading 0 native plugins for Editor in 0.00 ms.
Unloading 3092 Unused Serialized files (Serialized files now loaded: 0)
System memory in use before: 133.4 MB.
System memory in use after: 133.6 MB.

Unloading 33 unused Assets to reduce memory usage. Loaded Objects now: 3533.
Total: 1.969100 ms (FindLiveObjects: 0.257900 ms CreateObjectMapping: 0.131400 ms MarkObjects: 1.554200 ms  DeleteObjects: 0.024700 ms)

========================================================================
Received Import Request.
  path: Assets/LeanTween/Examples/Archived/GrumpyCat.jpeg
  artifactKey: Guid(6a9d1d221a3c94d83b614d921df0402e) Importer(815301076,1909f56bfc062723c751e8b465ee728b)
Start importing Assets/LeanTween/Examples/Archived/GrumpyCat.jpeg using Guid(6a9d1d221a3c94d83b614d921df0402e) Importer(815301076,1909f56bfc062723c751e8b465ee728b)  -> (artifact id: '6ae816f04e2e4080ee9d7494062c77bd') in 0.143719 seconds
  Import took 0.147850 seconds .

========================================================================
Received Import Request.
  Time since last request: 0.000181 seconds.
  path: Assets/TextMesh Pro/Sprites/EmojiOne.png
  artifactKey: Guid(dffef66376be4fa480fb02b19edbe903) Importer(815301076,1909f56bfc062723c751e8b465ee728b)
Start importing Assets/TextMesh Pro/Sprites/EmojiOne.png using Guid(dffef66376be4fa480fb02b19edbe903) Importer(815301076,1909f56bfc062723c751e8b465ee728b)  -> (artifact id: 'ce949b73e86402700862c6ec2f6cada2') in 0.025573 seconds
  Import took 0.029902 seconds .

========================================================================
Received Import Request.
  Time since last request: 0.000212 seconds.
  path: Assets/LeanTween/Examples/Textures/HorizontalGradient.jpg
  artifactKey: Guid(547f51a8eea214bd7a5863356fd25619) Importer(815301076,1909f56bfc062723c751e8b465ee728b)
Start importing Assets/LeanTween/Examples/Textures/HorizontalGradient.jpg using Guid(547f51a8eea214bd7a5863356fd25619) Importer(815301076,1909f56bfc062723c751e8b465ee728b)  -> (artifact id: 'a348bbcc8cebe10ffd616bb0e25275c0') in 0.045197 seconds
  Import took 0.049574 seconds .

========================================================================
Received Import Request.
  Time since last request: 0.000198 seconds.
  path: Assets/TextMesh Pro/Resources/Fonts & Materials/LiberationSans SDF - Fallback.asset
  artifactKey: Guid(2e498d1c8094910479dc3e1b768306a4) Importer(815301076,1909f56bfc062723c751e8b465ee728b)
Start importing Assets/TextMesh Pro/Resources/Fonts & Materials/LiberationSans SDF - Fallback.asset using Guid(2e498d1c8094910479dc3e1b768306a4) Importer(815301076,1909f56bfc062723c751e8b465ee728b)  -> (artifact id: '4537c845667f4fa7a13ced69bf8f583b') in 0.185013 seconds
  Import took 0.189009 seconds .

========================================================================
Received Import Request.
  Time since last request: 0.000185 seconds.
  path: Assets/LeanTween/Examples/Textures/DefaultParticleReplacement.jpg
  artifactKey: Guid(eabba395643bb4e388d633c8d9a4f1e8) Importer(815301076,1909f56bfc062723c751e8b465ee728b)
Start importing Assets/LeanTween/Examples/Textures/DefaultParticleReplacement.jpg using Guid(eabba395643bb4e388d633c8d9a4f1e8) Importer(815301076,1909f56bfc062723c751e8b465ee728b)  -> (artifact id: 'fccb49cc0b7f38f5a2d11e468da73117') in 0.042648 seconds
  Import took 0.051268 seconds .

========================================================================
Received Import Request.
  Time since last request: 0.000150 seconds.
  path: Assets/JMO Assets/Cartoon FX/Demo/Assets/CFX3_T_Ground.png
  artifactKey: Guid(eaf4a9d9f8ba2d847b4febb8ec639803) Importer(815301076,1909f56bfc062723c751e8b465ee728b)
Start importing Assets/JMO Assets/Cartoon FX/Demo/Assets/CFX3_T_Ground.png using Guid(eaf4a9d9f8ba2d847b4febb8ec639803) Importer(815301076,1909f56bfc062723c751e8b465ee728b)  -> (artifact id: '2af59c2e1232f9fdfa0d412b9f43fa54') in 0.018596 seconds
  Import took 0.023128 seconds .

========================================================================
Received Import Request.
  Time since last request: 0.000193 seconds.
  path: Assets/TextMesh Pro/Resources/Fonts & Materials/LiberationSans SDF.asset
  artifactKey: Guid(8f586378b4e144a9851e7b34d9b748ee) Importer(815301076,1909f56bfc062723c751e8b465ee728b)
Start importing Assets/TextMesh Pro/Resources/Fonts & Materials/LiberationSans SDF.asset using Guid(8f586378b4e144a9851e7b34d9b748ee) Importer(815301076,1909f56bfc062723c751e8b465ee728b)  -> (artifact id: 'f45b531e2dbacb6e4a37e1e6014cda26') in 0.034639 seconds
  Import took 0.039038 seconds .

========================================================================
Received Import Request.
  Time since last request: 0.000186 seconds.
  path: Assets/LeanTween/Examples/Archived/SoBeautiful.gif
  artifactKey: Guid(78e9e608c3c9d47a3b312c2908d10f46) Importer(815301076,1909f56bfc062723c751e8b465ee728b)
Start importing Assets/LeanTween/Examples/Archived/SoBeautiful.gif using Guid(78e9e608c3c9d47a3b312c2908d10f46) Importer(815301076,1909f56bfc062723c751e8b465ee728b)  -> (artifact id: '567aca00b237b786744122349f59cf54') in 0.043687 seconds
  Import took 0.047867 seconds .

========================================================================
Received Import Request.
  Time since last request: 151.923500 seconds.
  path: Assets/UniversalRenderPipelineAsset.asset
  artifactKey: Guid(047b61ca8ead2e7488d626d4fc196d06) Importer(815301076,1909f56bfc062723c751e8b465ee728b)
Start importing Assets/UniversalRenderPipelineAsset.asset using Guid(047b61ca8ead2e7488d626d4fc196d06) Importer(815301076,1909f56bfc062723c751e8b465ee728b)  -> (artifact id: '3d77e2a8e9fcdfd8d0e5e7e6c64e4f26') in 0.714868 seconds
  Import took 0.720862 seconds .

========================================================================
Received Import Request.
  Time since last request: 0.000254 seconds.
  path: Assets/UniversalRenderPipelineAsset_Renderer.asset
  artifactKey: Guid(d6e6360ffae014140957bc1f0d02ab43) Importer(815301076,1909f56bfc062723c751e8b465ee728b)
Start importing Assets/UniversalRenderPipelineAsset_Renderer.asset using Guid(d6e6360ffae014140957bc1f0d02ab43) Importer(815301076,1909f56bfc062723c751e8b465ee728b)  -> (artifact id: '8ae83d71622e67e742086f1d969aefcc') in 0.029874 seconds
  Import took 0.034389 seconds .

========================================================================
Received Import Request.
  Time since last request: 66.439810 seconds.
  path: Assets/New 2D Renderer Data.asset
  artifactKey: Guid(bb17a5e85e6b18446aaf5941bd0e690a) Importer(815301076,1909f56bfc062723c751e8b465ee728b)
Start importing Assets/New 2D Renderer Data.asset using Guid(bb17a5e85e6b18446aaf5941bd0e690a) Importer(815301076,1909f56bfc062723c751e8b465ee728b)  -> (artifact id: 'b654e7d7abac540a6aa93bd06b2a93f2') in 0.028132 seconds
  Import took 0.032898 seconds .

========================================================================
Received Prepare
Shader 'Universal Render Pipeline/Particles/Lit': fallback shader 'Universal Render Pipeline/Particles/SimpleLit' not found
Refreshing native plugins compatible for Editor in 10.13 ms, found 1 plugins.
Preloading 0 native plugins for Editor in 0.00 ms.
Unloading 20 Unused Serialized files (Serialized files now loaded: 0)
System memory in use before: 72.9 MB.
System memory in use after: 73.1 MB.

Unloading 20 unused Assets to reduce memory usage. Loaded Objects now: 3578.
Total: 2.907700 ms (FindLiveObjects: 0.274100 ms CreateObjectMapping: 0.154500 ms MarkObjects: 2.457200 ms  DeleteObjects: 0.021200 ms)

