Using pre-set license
Built from '2020.2/release' branch; Version is '2020.2.1f1 (270dd8c3da1c) revision 2559448'; Using compiler version '192528614'; Build Type 'Release'
OS: 'Windows 10  (10.0.0) 64bit' Language: 'en' Physical Memory: 16326 MB
BatchMode: 1, IsHumanControllingUs: 0, StartBugReporterOnCrash: 0, Is64bit: 1, IsPro: 0

 COMMAND LINE ARGUMENTS:
D:\Program Files (x86)\UnityEditors\2020.2.1f1\Editor\Unity.exe
-adb2
-batchMode
-noUpm
-name
AssetImportWorker0
-projectPath
D:/NatWa/GitHubRepositories/Mobile-Game-ios/2D Mobile Game
-logFile
Logs/AssetImportWorker0.log
-srvPort
50249
Successfully changed project path to: D:/NatWa/GitHubRepositories/Mobile-Game-ios/2D Mobile Game
D:/NatWa/GitHubRepositories/Mobile-Game-ios/2D Mobile Game
Using Asset Import Pipeline V2.
Refreshing native plugins compatible for Editor in 40.94 ms, found 1 plugins.
Preloading 0 native plugins for Editor in 0.00 ms.
Initialize engine version: 2020.2.1f1 (270dd8c3da1c)
[Subsystems] Discovering subsystems at path D:/Program Files (x86)/UnityEditors/2020.2.1f1/Editor/Data/Resources/UnitySubsystems
[Subsystems] Discovering subsystems at path D:/NatWa/GitHubRepositories/Mobile-Game-ios/2D Mobile Game/Assets
GfxDevice: creating device client; threaded=0
Direct3D:
    Version:  Direct3D 11.0 [level 11.1]
    Renderer: NVIDIA GeForce GTX 1080 Ti (ID=0x1b06)
    Vendor:   
    VRAM:     11127 MB
    Driver:   30.0.14.7141
Initialize mono
Mono path[0] = 'D:/Program Files (x86)/UnityEditors/2020.2.1f1/Editor/Data/Managed'
Mono path[1] = 'D:/Program Files (x86)/UnityEditors/2020.2.1f1/Editor/Data/MonoBleedingEdge/lib/mono/unityjit'
Mono config path = 'D:/Program Files (x86)/UnityEditors/2020.2.1f1/Editor/Data/MonoBleedingEdge/etc'
Using monoOptions --debugger-agent=transport=dt_socket,embedding=1,server=y,suspend=n,address=127.0.0.1:56972
Begin MonoManager ReloadAssembly
Registering precompiled unity dll's ...
Register platform support module: D:/Program Files (x86)/UnityEditors/2020.2.1f1/Editor/Data/PlaybackEngines/WindowsStandaloneSupport/UnityEditor.WindowsStandalone.Extensions.dll
Registered in 0.003356 seconds.
Native extension for WindowsStandalone target not found
Refreshing native plugins compatible for Editor in 38.59 ms, found 1 plugins.
Preloading 0 native plugins for Editor in 0.00 ms.
Invoked RoslynAnalysisRunner static constructor.
RoslynAnalysisRunner will not be running.
RoslynAnalysisRunner has terminated.
Mono: successfully reloaded assembly
- Completed reload, in  2.455 seconds
Platform modules already initialized, skipping
Registering precompiled user dll's ...
Registered in 0.001595 seconds.
Begin MonoManager ReloadAssembly
Native extension for WindowsStandalone target not found
Refreshing native plugins compatible for Editor in 41.20 ms, found 1 plugins.
Preloading 0 native plugins for Editor in 0.00 ms.
Invoked RoslynAnalysisRunner static constructor.
RoslynAnalysisRunner will not be running.
RoslynAnalysisRunner has terminated.
Mono: successfully reloaded assembly
- Completed reload, in  0.852 seconds
Platform modules already initialized, skipping
========================================================================
Worker process is ready to serve import requests
Launched and connected shader compiler UnityShaderCompiler.exe after 0.05 seconds
Refreshing native plugins compatible for Editor in 0.40 ms, found 1 plugins.
Preloading 0 native plugins for Editor in 0.00 ms.
Unloading 1792 Unused Serialized files (Serialized files now loaded: 0)
System memory in use before: 103.8 MB.
System memory in use after: 103.8 MB.

Unloading 23 unused Assets to reduce memory usage. Loaded Objects now: 2258.
Total: 1.804600 ms (FindLiveObjects: 0.214200 ms CreateObjectMapping: 0.072600 ms MarkObjects: 1.418600 ms  DeleteObjects: 0.098400 ms)

========================================================================
Received Import Request.
  path: Assets/Camera/CameraController.cs
  artifactKey: Guid(0eab3a9dc0b814f4cacf1ab88935f99f) Importer(815301076,1909f56bfc062723c751e8b465ee728b)
Start importing Assets/Camera/CameraController.cs using Guid(0eab3a9dc0b814f4cacf1ab88935f99f) Importer(815301076,1909f56bfc062723c751e8b465ee728b)  -> (artifact id: '88052149cb00c92cc7eff8983c9ddc76') in 0.098063 seconds
  Import took 0.100412 seconds .

========================================================================
Received Import Request.
  Time since last request: 17.400307 seconds.
  path: Assets/Camera/CameraController.cs
  artifactKey: Guid(0eab3a9dc0b814f4cacf1ab88935f99f) Importer(815301076,1909f56bfc062723c751e8b465ee728b)
Start importing Assets/Camera/CameraController.cs using Guid(0eab3a9dc0b814f4cacf1ab88935f99f) Importer(815301076,1909f56bfc062723c751e8b465ee728b)  -> (artifact id: 'bf237835624c167ac47c5567669e80ad') in 0.002811 seconds
  Import took 0.005727 seconds .

========================================================================
Received Import Request.
  Time since last request: 0.001827 seconds.
  path: Assets/Camera/CameraController.cs
  artifactKey: Guid(0eab3a9dc0b814f4cacf1ab88935f99f) Importer(815301076,1909f56bfc062723c751e8b465ee728b)
Start importing Assets/Camera/CameraController.cs using Guid(0eab3a9dc0b814f4cacf1ab88935f99f) Importer(815301076,1909f56bfc062723c751e8b465ee728b)  -> (artifact id: 'bf237835624c167ac47c5567669e80ad') in 0.003181 seconds
  Import took 0.006070 seconds .

========================================================================
Received Import Request.
  Time since last request: 2.656030 seconds.
  path: Assets/Camera/CameraController.cs
  artifactKey: Guid(0eab3a9dc0b814f4cacf1ab88935f99f) Importer(815301076,1909f56bfc062723c751e8b465ee728b)
Start importing Assets/Camera/CameraController.cs using Guid(0eab3a9dc0b814f4cacf1ab88935f99f) Importer(815301076,1909f56bfc062723c751e8b465ee728b)  -> (artifact id: 'fdf2d3f796ac74b359f19ffafbb73795') in 0.002910 seconds
  Import took 0.005503 seconds .

========================================================================
Received Import Request.
  Time since last request: 49.428151 seconds.
  path: Assets/Camera/CameraController.cs
  artifactKey: Guid(0eab3a9dc0b814f4cacf1ab88935f99f) Importer(815301076,1909f56bfc062723c751e8b465ee728b)
Start importing Assets/Camera/CameraController.cs using Guid(0eab3a9dc0b814f4cacf1ab88935f99f) Importer(815301076,1909f56bfc062723c751e8b465ee728b)  -> (artifact id: 'b17156e78948c5485266572f93919b24') in 0.003608 seconds
  Import took 0.007069 seconds .

========================================================================
Received Import Request.
  Time since last request: 0.001763 seconds.
  path: Assets/Camera/CameraController.cs
  artifactKey: Guid(0eab3a9dc0b814f4cacf1ab88935f99f) Importer(815301076,1909f56bfc062723c751e8b465ee728b)
Start importing Assets/Camera/CameraController.cs using Guid(0eab3a9dc0b814f4cacf1ab88935f99f) Importer(815301076,1909f56bfc062723c751e8b465ee728b)  -> (artifact id: 'b17156e78948c5485266572f93919b24') in 0.002714 seconds
  Import took 0.006176 seconds .

========================================================================
Received Import Request.
  Time since last request: 355.393436 seconds.
  path: Assets/Camera/CameraController.cs
  artifactKey: Guid(0eab3a9dc0b814f4cacf1ab88935f99f) Importer(815301076,1909f56bfc062723c751e8b465ee728b)
Start importing Assets/Camera/CameraController.cs using Guid(0eab3a9dc0b814f4cacf1ab88935f99f) Importer(815301076,1909f56bfc062723c751e8b465ee728b)  -> (artifact id: '9a0c4d8a26afe8fdb1e3f03a385f9d08') in 0.002918 seconds
  Import took 0.006458 seconds .

========================================================================
Received Import Request.
  Time since last request: 17.972582 seconds.
  path: Assets/Camera/CameraController.cs
  artifactKey: Guid(0eab3a9dc0b814f4cacf1ab88935f99f) Importer(815301076,1909f56bfc062723c751e8b465ee728b)
Start importing Assets/Camera/CameraController.cs using Guid(0eab3a9dc0b814f4cacf1ab88935f99f) Importer(815301076,1909f56bfc062723c751e8b465ee728b)  -> (artifact id: '0654445bd47497a36f5c5dddac4afa13') in 0.002966 seconds
  Import took 0.006368 seconds .

========================================================================
Received Import Request.
  Time since last request: 38.711779 seconds.
  path: Assets/Camera/CameraController.cs
  artifactKey: Guid(0eab3a9dc0b814f4cacf1ab88935f99f) Importer(815301076,1909f56bfc062723c751e8b465ee728b)
Start importing Assets/Camera/CameraController.cs using Guid(0eab3a9dc0b814f4cacf1ab88935f99f) Importer(815301076,1909f56bfc062723c751e8b465ee728b)  -> (artifact id: '53954759ba1ee14992b339723303b97b') in 0.002430 seconds
  Import took 0.005666 seconds .

========================================================================
Received Import Request.
  Time since last request: 0.003024 seconds.
  path: Assets/Camera/CameraController.cs
  artifactKey: Guid(0eab3a9dc0b814f4cacf1ab88935f99f) Importer(815301076,1909f56bfc062723c751e8b465ee728b)
Start importing Assets/Camera/CameraController.cs using Guid(0eab3a9dc0b814f4cacf1ab88935f99f) Importer(815301076,1909f56bfc062723c751e8b465ee728b)  -> (artifact id: '53954759ba1ee14992b339723303b97b') in 0.003050 seconds
  Import took 0.006229 seconds .

========================================================================
Received Import Request.
  Time since last request: 5.765671 seconds.
  path: Assets/Camera/CameraController.cs
  artifactKey: Guid(0eab3a9dc0b814f4cacf1ab88935f99f) Importer(815301076,1909f56bfc062723c751e8b465ee728b)
Start importing Assets/Camera/CameraController.cs using Guid(0eab3a9dc0b814f4cacf1ab88935f99f) Importer(815301076,1909f56bfc062723c751e8b465ee728b)  -> (artifact id: 'f4864949a8a840bc85288393d861ab0a') in 0.002895 seconds
  Import took 0.006040 seconds .

========================================================================
Received Import Request.
  Time since last request: 0.001955 seconds.
  path: Assets/Camera/CameraController.cs
  artifactKey: Guid(0eab3a9dc0b814f4cacf1ab88935f99f) Importer(815301076,1909f56bfc062723c751e8b465ee728b)
Start importing Assets/Camera/CameraController.cs using Guid(0eab3a9dc0b814f4cacf1ab88935f99f) Importer(815301076,1909f56bfc062723c751e8b465ee728b)  -> (artifact id: 'f4864949a8a840bc85288393d861ab0a') in 0.002658 seconds
  Import took 0.005571 seconds .

========================================================================
Received Import Request.
  Time since last request: 26.991951 seconds.
  path: Assets/Camera/CameraController.cs
  artifactKey: Guid(0eab3a9dc0b814f4cacf1ab88935f99f) Importer(815301076,1909f56bfc062723c751e8b465ee728b)
Start importing Assets/Camera/CameraController.cs using Guid(0eab3a9dc0b814f4cacf1ab88935f99f) Importer(815301076,1909f56bfc062723c751e8b465ee728b)  -> (artifact id: 'ca4ccf518de6bb25290a3aa33a0d686d') in 0.002678 seconds
  Import took 0.005505 seconds .

========================================================================
Received Import Request.
  Time since last request: 37.575931 seconds.
  path: Assets/Camera/CameraController.cs
  artifactKey: Guid(0eab3a9dc0b814f4cacf1ab88935f99f) Importer(815301076,1909f56bfc062723c751e8b465ee728b)
Start importing Assets/Camera/CameraController.cs using Guid(0eab3a9dc0b814f4cacf1ab88935f99f) Importer(815301076,1909f56bfc062723c751e8b465ee728b)  -> (artifact id: 'c6f2dd5de9d472a1caaca5702e3ef301') in 0.003424 seconds
  Import took 0.006642 seconds .

========================================================================
Received Import Request.
  Time since last request: 6.192578 seconds.
  path: Assets/Camera/CameraController.cs
  artifactKey: Guid(0eab3a9dc0b814f4cacf1ab88935f99f) Importer(815301076,1909f56bfc062723c751e8b465ee728b)
Start importing Assets/Camera/CameraController.cs using Guid(0eab3a9dc0b814f4cacf1ab88935f99f) Importer(815301076,1909f56bfc062723c751e8b465ee728b)  -> (artifact id: '8fb9b2739518f416dcd52a5c91bcb78c') in 0.002752 seconds
  Import took 0.005630 seconds .

========================================================================
Received Import Request.
  Time since last request: 8.521567 seconds.
  path: Assets/Camera/CameraController.cs
  artifactKey: Guid(0eab3a9dc0b814f4cacf1ab88935f99f) Importer(815301076,1909f56bfc062723c751e8b465ee728b)
Start importing Assets/Camera/CameraController.cs using Guid(0eab3a9dc0b814f4cacf1ab88935f99f) Importer(815301076,1909f56bfc062723c751e8b465ee728b)  -> (artifact id: 'e52fe2b0835301560324224a773a0789') in 0.002698 seconds
  Import took 0.005248 seconds .

========================================================================
Received Import Request.
  Time since last request: 180.543508 seconds.
  path: Assets/Camera/CameraController.cs
  artifactKey: Guid(0eab3a9dc0b814f4cacf1ab88935f99f) Importer(815301076,1909f56bfc062723c751e8b465ee728b)
Start importing Assets/Camera/CameraController.cs using Guid(0eab3a9dc0b814f4cacf1ab88935f99f) Importer(815301076,1909f56bfc062723c751e8b465ee728b)  -> (artifact id: '5c870e628824dd5ec0aad4c3bb9bb33c') in 0.002454 seconds
  Import took 0.005262 seconds .

========================================================================
Received Import Request.
  Time since last request: 0.002164 seconds.
  path: Assets/Camera/CameraController.cs
  artifactKey: Guid(0eab3a9dc0b814f4cacf1ab88935f99f) Importer(815301076,1909f56bfc062723c751e8b465ee728b)
Start importing Assets/Camera/CameraController.cs using Guid(0eab3a9dc0b814f4cacf1ab88935f99f) Importer(815301076,1909f56bfc062723c751e8b465ee728b)  -> (artifact id: '5c870e628824dd5ec0aad4c3bb9bb33c') in 0.002240 seconds
  Import took 0.005010 seconds .

========================================================================
Received Import Request.
  Time since last request: 4.343992 seconds.
  path: Assets/Camera/CameraController.cs
  artifactKey: Guid(0eab3a9dc0b814f4cacf1ab88935f99f) Importer(815301076,1909f56bfc062723c751e8b465ee728b)
Start importing Assets/Camera/CameraController.cs using Guid(0eab3a9dc0b814f4cacf1ab88935f99f) Importer(815301076,1909f56bfc062723c751e8b465ee728b)  -> (artifact id: '15fc06c9de420869c50e97e565c18d1b') in 0.002805 seconds
  Import took 0.005758 seconds .

========================================================================
Received Import Request.
  Time since last request: 8.493595 seconds.
  path: Assets/Camera/CameraController.cs
  artifactKey: Guid(0eab3a9dc0b814f4cacf1ab88935f99f) Importer(815301076,1909f56bfc062723c751e8b465ee728b)
Start importing Assets/Camera/CameraController.cs using Guid(0eab3a9dc0b814f4cacf1ab88935f99f) Importer(815301076,1909f56bfc062723c751e8b465ee728b)  -> (artifact id: 'ccaa8a4e0daa148bd78597d0a7903d72') in 0.002681 seconds
  Import took 0.005976 seconds .

========================================================================
Received Import Request.
  Time since last request: 228.921156 seconds.
  path: Assets/Camera/CameraController.cs
  artifactKey: Guid(0eab3a9dc0b814f4cacf1ab88935f99f) Importer(815301076,1909f56bfc062723c751e8b465ee728b)
Start importing Assets/Camera/CameraController.cs using Guid(0eab3a9dc0b814f4cacf1ab88935f99f) Importer(815301076,1909f56bfc062723c751e8b465ee728b)  -> (artifact id: '1bae01beb1d574374ec019722a6f9fc8') in 0.002585 seconds
  Import took 0.006553 seconds .

========================================================================
Received Import Request.
  Time since last request: 0.001862 seconds.
  path: Assets/Camera/CameraController.cs
  artifactKey: Guid(0eab3a9dc0b814f4cacf1ab88935f99f) Importer(815301076,1909f56bfc062723c751e8b465ee728b)
Start importing Assets/Camera/CameraController.cs using Guid(0eab3a9dc0b814f4cacf1ab88935f99f) Importer(815301076,1909f56bfc062723c751e8b465ee728b)  -> (artifact id: '1bae01beb1d574374ec019722a6f9fc8') in 0.002936 seconds
  Import took 0.006662 seconds .

========================================================================
Received Import Request.
  Time since last request: 12.387798 seconds.
  path: Assets/Camera/CameraController.cs
  artifactKey: Guid(0eab3a9dc0b814f4cacf1ab88935f99f) Importer(815301076,1909f56bfc062723c751e8b465ee728b)
Start importing Assets/Camera/CameraController.cs using Guid(0eab3a9dc0b814f4cacf1ab88935f99f) Importer(815301076,1909f56bfc062723c751e8b465ee728b)  -> (artifact id: '6c90bfc046778ae4fa009931b0cd39e5') in 0.002554 seconds
  Import took 0.005453 seconds .

========================================================================
Received Import Request.
  Time since last request: 0.003246 seconds.
  path: Assets/Camera/CameraController.cs
  artifactKey: Guid(0eab3a9dc0b814f4cacf1ab88935f99f) Importer(815301076,1909f56bfc062723c751e8b465ee728b)
Start importing Assets/Camera/CameraController.cs using Guid(0eab3a9dc0b814f4cacf1ab88935f99f) Importer(815301076,1909f56bfc062723c751e8b465ee728b)  -> (artifact id: '6c90bfc046778ae4fa009931b0cd39e5') in 0.003087 seconds
  Import took 0.006101 seconds .

========================================================================
Received Import Request.
  Time since last request: 39.538467 seconds.
  path: Assets/Camera/CameraController.cs
  artifactKey: Guid(0eab3a9dc0b814f4cacf1ab88935f99f) Importer(815301076,1909f56bfc062723c751e8b465ee728b)
Start importing Assets/Camera/CameraController.cs using Guid(0eab3a9dc0b814f4cacf1ab88935f99f) Importer(815301076,1909f56bfc062723c751e8b465ee728b)  -> (artifact id: '45ae6c7593fc77599670c8243a2066b5') in 0.002656 seconds
  Import took 0.005506 seconds .

========================================================================
Received Import Request.
  Time since last request: 9.758669 seconds.
  path: Assets/Camera/CameraController.cs
  artifactKey: Guid(0eab3a9dc0b814f4cacf1ab88935f99f) Importer(815301076,1909f56bfc062723c751e8b465ee728b)
Start importing Assets/Camera/CameraController.cs using Guid(0eab3a9dc0b814f4cacf1ab88935f99f) Importer(815301076,1909f56bfc062723c751e8b465ee728b)  -> (artifact id: '2ba4cfc3b9b118667cecc603ffce8d50') in 0.003874 seconds
  Import took 0.007023 seconds .

========================================================================
Received Import Request.
  Time since last request: 0.001891 seconds.
  path: Assets/Camera/CameraController.cs
  artifactKey: Guid(0eab3a9dc0b814f4cacf1ab88935f99f) Importer(815301076,1909f56bfc062723c751e8b465ee728b)
Start importing Assets/Camera/CameraController.cs using Guid(0eab3a9dc0b814f4cacf1ab88935f99f) Importer(815301076,1909f56bfc062723c751e8b465ee728b)  -> (artifact id: '2ba4cfc3b9b118667cecc603ffce8d50') in 0.003103 seconds
  Import took 0.006045 seconds .

========================================================================
Received Import Request.
  Time since last request: 79.700430 seconds.
  path: Assets/Camera/CameraController.cs
  artifactKey: Guid(0eab3a9dc0b814f4cacf1ab88935f99f) Importer(815301076,1909f56bfc062723c751e8b465ee728b)
Start importing Assets/Camera/CameraController.cs using Guid(0eab3a9dc0b814f4cacf1ab88935f99f) Importer(815301076,1909f56bfc062723c751e8b465ee728b)  -> (artifact id: '39235674e59bbc6320a8d49ea432d04d') in 0.002740 seconds
  Import took 0.005478 seconds .

========================================================================
Received Import Request.
  Time since last request: 71.878960 seconds.
  path: Assets/Camera/CameraController.cs
  artifactKey: Guid(0eab3a9dc0b814f4cacf1ab88935f99f) Importer(815301076,1909f56bfc062723c751e8b465ee728b)
Start importing Assets/Camera/CameraController.cs using Guid(0eab3a9dc0b814f4cacf1ab88935f99f) Importer(815301076,1909f56bfc062723c751e8b465ee728b)  -> (artifact id: 'cb458c5017957cbb005652f00c4f8cb7') in 0.010493 seconds
  Import took 0.132098 seconds .

========================================================================
Received Import Request.
  Time since last request: 65.733805 seconds.
  path: Assets/Camera/CameraController.cs
  artifactKey: Guid(0eab3a9dc0b814f4cacf1ab88935f99f) Importer(815301076,1909f56bfc062723c751e8b465ee728b)
Start importing Assets/Camera/CameraController.cs using Guid(0eab3a9dc0b814f4cacf1ab88935f99f) Importer(815301076,1909f56bfc062723c751e8b465ee728b)  -> (artifact id: 'ae9e7d6f73058547f5a18a42388512bf') in 0.003008 seconds
  Import took 0.005772 seconds .

========================================================================
Received Import Request.
  Time since last request: 0.002801 seconds.
  path: Assets/Camera/CameraController.cs
  artifactKey: Guid(0eab3a9dc0b814f4cacf1ab88935f99f) Importer(815301076,1909f56bfc062723c751e8b465ee728b)
Start importing Assets/Camera/CameraController.cs using Guid(0eab3a9dc0b814f4cacf1ab88935f99f) Importer(815301076,1909f56bfc062723c751e8b465ee728b)  -> (artifact id: 'ae9e7d6f73058547f5a18a42388512bf') in 0.002916 seconds
  Import took 0.006050 seconds .

========================================================================
Received Import Request.
  Time since last request: 94.898512 seconds.
  path: Assets/Camera/CameraController.cs
  artifactKey: Guid(0eab3a9dc0b814f4cacf1ab88935f99f) Importer(815301076,1909f56bfc062723c751e8b465ee728b)
Start importing Assets/Camera/CameraController.cs using Guid(0eab3a9dc0b814f4cacf1ab88935f99f) Importer(815301076,1909f56bfc062723c751e8b465ee728b)  -> (artifact id: 'dcc0a56b745284dd1159807b29b92ae6') in 0.002451 seconds
  Import took 0.004996 seconds .

========================================================================
Received Import Request.
  Time since last request: 108.900189 seconds.
  path: Assets/Camera/CameraController.cs
  artifactKey: Guid(0eab3a9dc0b814f4cacf1ab88935f99f) Importer(815301076,1909f56bfc062723c751e8b465ee728b)
Start importing Assets/Camera/CameraController.cs using Guid(0eab3a9dc0b814f4cacf1ab88935f99f) Importer(815301076,1909f56bfc062723c751e8b465ee728b)  -> (artifact id: '6544683594ac379ef2e7361d938dc496') in 0.003147 seconds
  Import took 0.006175 seconds .

========================================================================
Received Import Request.
  Time since last request: 42.612659 seconds.
  path: Assets/Camera/CameraController.cs
  artifactKey: Guid(0eab3a9dc0b814f4cacf1ab88935f99f) Importer(815301076,1909f56bfc062723c751e8b465ee728b)
Start importing Assets/Camera/CameraController.cs using Guid(0eab3a9dc0b814f4cacf1ab88935f99f) Importer(815301076,1909f56bfc062723c751e8b465ee728b)  -> (artifact id: '7de747afc92846e5423bffcc6532d614') in 0.002644 seconds
  Import took 0.005226 seconds .

========================================================================
Received Import Request.
  Time since last request: 9.152595 seconds.
  path: Assets/Camera/CameraController.cs
  artifactKey: Guid(0eab3a9dc0b814f4cacf1ab88935f99f) Importer(815301076,1909f56bfc062723c751e8b465ee728b)
Start importing Assets/Camera/CameraController.cs using Guid(0eab3a9dc0b814f4cacf1ab88935f99f) Importer(815301076,1909f56bfc062723c751e8b465ee728b)  -> (artifact id: '981b645db630127656ed2b3fe641ae95') in 0.003170 seconds
  Import took 0.006188 seconds .

========================================================================
Received Import Request.
  Time since last request: 134.557119 seconds.
  path: Assets/Camera/CameraController.cs
  artifactKey: Guid(0eab3a9dc0b814f4cacf1ab88935f99f) Importer(815301076,1909f56bfc062723c751e8b465ee728b)
Start importing Assets/Camera/CameraController.cs using Guid(0eab3a9dc0b814f4cacf1ab88935f99f) Importer(815301076,1909f56bfc062723c751e8b465ee728b)  -> (artifact id: '030b96127f1f979e8847b9d4c010cdb6') in 0.002498 seconds
  Import took 0.037768 seconds .

========================================================================
Received Prepare
Registering precompiled user dll's ...
Registered in 0.001392 seconds.
Begin MonoManager ReloadAssembly
Native extension for WindowsStandalone target not found
Refreshing native plugins compatible for Editor in 0.40 ms, found 1 plugins.
Preloading 0 native plugins for Editor in 0.00 ms.
Invoked RoslynAnalysisRunner static constructor.
RoslynAnalysisRunner will not be running.
RoslynAnalysisRunner has terminated.
Mono: successfully reloaded assembly
- Completed reload, in  0.796 seconds
Platform modules already initialized, skipping
Refreshing native plugins compatible for Editor in 0.44 ms, found 1 plugins.
Preloading 0 native plugins for Editor in 0.00 ms.
Unloading 1788 Unused Serialized files (Serialized files now loaded: 0)
System memory in use before: 103.5 MB.
System memory in use after: 103.5 MB.

Unloading 12 unused Assets to reduce memory usage. Loaded Objects now: 2261.
Total: 1.928800 ms (FindLiveObjects: 0.174300 ms CreateObjectMapping: 0.054800 ms MarkObjects: 1.618400 ms  DeleteObjects: 0.080400 ms)

========================================================================
Received Prepare
Registering precompiled user dll's ...
Registered in 0.001435 seconds.
Begin MonoManager ReloadAssembly
Native extension for WindowsStandalone target not found
Refreshing native plugins compatible for Editor in 0.43 ms, found 1 plugins.
Preloading 0 native plugins for Editor in 0.00 ms.
Invoked RoslynAnalysisRunner static constructor.
RoslynAnalysisRunner will not be running.
RoslynAnalysisRunner has terminated.
Mono: successfully reloaded assembly
- Completed reload, in  0.811 seconds
Platform modules already initialized, skipping
Refreshing native plugins compatible for Editor in 0.46 ms, found 1 plugins.
Preloading 0 native plugins for Editor in 0.00 ms.
Unloading 1789 Unused Serialized files (Serialized files now loaded: 0)
System memory in use before: 103.7 MB.
System memory in use after: 103.7 MB.

Unloading 12 unused Assets to reduce memory usage. Loaded Objects now: 2264.
Total: 1.954100 ms (FindLiveObjects: 0.173100 ms CreateObjectMapping: 0.051100 ms MarkObjects: 1.650900 ms  DeleteObjects: 0.078100 ms)

========================================================================
Received Prepare
Registering precompiled user dll's ...
Registered in 0.001395 seconds.
Begin MonoManager ReloadAssembly
Native extension for WindowsStandalone target not found
Refreshing native plugins compatible for Editor in 0.40 ms, found 1 plugins.
Preloading 0 native plugins for Editor in 0.00 ms.
Invoked RoslynAnalysisRunner static constructor.
RoslynAnalysisRunner will not be running.
RoslynAnalysisRunner has terminated.
Mono: successfully reloaded assembly
- Completed reload, in  0.860 seconds
Platform modules already initialized, skipping
Refreshing native plugins compatible for Editor in 0.42 ms, found 1 plugins.
Preloading 0 native plugins for Editor in 0.00 ms.
Unloading 1789 Unused Serialized files (Serialized files now loaded: 0)
System memory in use before: 103.9 MB.
System memory in use after: 103.9 MB.

Unloading 12 unused Assets to reduce memory usage. Loaded Objects now: 2267.
Total: 1.687300 ms (FindLiveObjects: 0.171200 ms CreateObjectMapping: 0.062200 ms MarkObjects: 1.370700 ms  DeleteObjects: 0.082100 ms)

========================================================================
Received Prepare
Registering precompiled user dll's ...
Registered in 0.001637 seconds.
Begin MonoManager ReloadAssembly
Native extension for WindowsStandalone target not found
Refreshing native plugins compatible for Editor in 0.65 ms, found 1 plugins.
Preloading 0 native plugins for Editor in 0.00 ms.
Invoked RoslynAnalysisRunner static constructor.
RoslynAnalysisRunner will not be running.
RoslynAnalysisRunner has terminated.
Mono: successfully reloaded assembly
- Completed reload, in  0.951 seconds
Platform modules already initialized, skipping
Refreshing native plugins compatible for Editor in 0.40 ms, found 1 plugins.
Preloading 0 native plugins for Editor in 0.00 ms.
Unloading 1789 Unused Serialized files (Serialized files now loaded: 0)
System memory in use before: 104.0 MB.
System memory in use after: 104.0 MB.

Unloading 12 unused Assets to reduce memory usage. Loaded Objects now: 2270.
Total: 2.097400 ms (FindLiveObjects: 0.163700 ms CreateObjectMapping: 0.050700 ms MarkObjects: 1.781100 ms  DeleteObjects: 0.100700 ms)

========================================================================
Received Prepare
Registering precompiled user dll's ...
Registered in 0.001362 seconds.
Begin MonoManager ReloadAssembly
Native extension for WindowsStandalone target not found
Refreshing native plugins compatible for Editor in 0.40 ms, found 1 plugins.
Preloading 0 native plugins for Editor in 0.00 ms.
Invoked RoslynAnalysisRunner static constructor.
RoslynAnalysisRunner will not be running.
RoslynAnalysisRunner has terminated.
Mono: successfully reloaded assembly
- Completed reload, in  0.840 seconds
Platform modules already initialized, skipping
Refreshing native plugins compatible for Editor in 0.40 ms, found 1 plugins.
Preloading 0 native plugins for Editor in 0.00 ms.
Unloading 1789 Unused Serialized files (Serialized files now loaded: 0)
System memory in use before: 104.1 MB.
System memory in use after: 104.1 MB.

Unloading 12 unused Assets to reduce memory usage. Loaded Objects now: 2273.
Total: 1.781300 ms (FindLiveObjects: 0.146800 ms CreateObjectMapping: 0.055600 ms MarkObjects: 1.501100 ms  DeleteObjects: 0.077000 ms)

========================================================================
Received Prepare
Registering precompiled user dll's ...
Registered in 0.001423 seconds.
Begin MonoManager ReloadAssembly
Native extension for WindowsStandalone target not found
Refreshing native plugins compatible for Editor in 0.41 ms, found 1 plugins.
Preloading 0 native plugins for Editor in 0.00 ms.
Invoked RoslynAnalysisRunner static constructor.
RoslynAnalysisRunner will not be running.
RoslynAnalysisRunner has terminated.
Mono: successfully reloaded assembly
- Completed reload, in  0.871 seconds
Platform modules already initialized, skipping
Refreshing native plugins compatible for Editor in 0.87 ms, found 1 plugins.
Preloading 0 native plugins for Editor in 0.00 ms.
Unloading 1789 Unused Serialized files (Serialized files now loaded: 0)
System memory in use before: 104.3 MB.
System memory in use after: 104.3 MB.

Unloading 12 unused Assets to reduce memory usage. Loaded Objects now: 2276.
Total: 4.470200 ms (FindLiveObjects: 0.317600 ms CreateObjectMapping: 0.136700 ms MarkObjects: 3.925700 ms  DeleteObjects: 0.088600 ms)

========================================================================
Received Prepare
Registering precompiled user dll's ...
Registered in 0.001582 seconds.
Begin MonoManager ReloadAssembly
Native extension for WindowsStandalone target not found
Refreshing native plugins compatible for Editor in 0.41 ms, found 1 plugins.
Preloading 0 native plugins for Editor in 0.00 ms.
Invoked RoslynAnalysisRunner static constructor.
RoslynAnalysisRunner will not be running.
RoslynAnalysisRunner has terminated.
Mono: successfully reloaded assembly
- Completed reload, in  0.868 seconds
Platform modules already initialized, skipping
Refreshing native plugins compatible for Editor in 0.40 ms, found 1 plugins.
Preloading 0 native plugins for Editor in 0.00 ms.
Unloading 1789 Unused Serialized files (Serialized files now loaded: 0)
System memory in use before: 104.4 MB.
System memory in use after: 104.4 MB.

Unloading 12 unused Assets to reduce memory usage. Loaded Objects now: 2279.
Total: 2.133500 ms (FindLiveObjects: 0.218400 ms CreateObjectMapping: 0.081200 ms MarkObjects: 1.693100 ms  DeleteObjects: 0.139800 ms)

========================================================================
Received Prepare
Registering precompiled user dll's ...
Registered in 0.001514 seconds.
Begin MonoManager ReloadAssembly
Native extension for WindowsStandalone target not found
Refreshing native plugins compatible for Editor in 0.47 ms, found 1 plugins.
Preloading 0 native plugins for Editor in 0.00 ms.
Invoked RoslynAnalysisRunner static constructor.
RoslynAnalysisRunner will not be running.
RoslynAnalysisRunner has terminated.
Mono: successfully reloaded assembly
- Completed reload, in  0.910 seconds
Platform modules already initialized, skipping
Refreshing native plugins compatible for Editor in 0.44 ms, found 1 plugins.
Preloading 0 native plugins for Editor in 0.00 ms.
Unloading 1789 Unused Serialized files (Serialized files now loaded: 0)
System memory in use before: 104.5 MB.
System memory in use after: 104.5 MB.

Unloading 12 unused Assets to reduce memory usage. Loaded Objects now: 2282.
Total: 1.832600 ms (FindLiveObjects: 0.198000 ms CreateObjectMapping: 0.063900 ms MarkObjects: 1.488600 ms  DeleteObjects: 0.081300 ms)

========================================================================
Received Prepare
Registering precompiled user dll's ...
Registered in 0.001486 seconds.
Begin MonoManager ReloadAssembly
Native extension for WindowsStandalone target not found
Refreshing native plugins compatible for Editor in 0.42 ms, found 1 plugins.
Preloading 0 native plugins for Editor in 0.00 ms.
Invoked RoslynAnalysisRunner static constructor.
RoslynAnalysisRunner will not be running.
RoslynAnalysisRunner has terminated.
Mono: successfully reloaded assembly
- Completed reload, in  0.908 seconds
Platform modules already initialized, skipping
Refreshing native plugins compatible for Editor in 0.57 ms, found 1 plugins.
Preloading 0 native plugins for Editor in 0.00 ms.
Unloading 1789 Unused Serialized files (Serialized files now loaded: 0)
System memory in use before: 104.7 MB.
System memory in use after: 104.7 MB.

Unloading 12 unused Assets to reduce memory usage. Loaded Objects now: 2285.
Total: 1.769200 ms (FindLiveObjects: 0.167600 ms CreateObjectMapping: 0.056200 ms MarkObjects: 1.460700 ms  DeleteObjects: 0.083900 ms)

========================================================================
Received Prepare
Registering precompiled user dll's ...
Registered in 0.001463 seconds.
Begin MonoManager ReloadAssembly
Native extension for WindowsStandalone target not found
Refreshing native plugins compatible for Editor in 0.40 ms, found 1 plugins.
Preloading 0 native plugins for Editor in 0.00 ms.
Invoked RoslynAnalysisRunner static constructor.
RoslynAnalysisRunner will not be running.
RoslynAnalysisRunner has terminated.
Mono: successfully reloaded assembly
- Completed reload, in  0.895 seconds
Platform modules already initialized, skipping
Refreshing native plugins compatible for Editor in 0.42 ms, found 1 plugins.
Preloading 0 native plugins for Editor in 0.00 ms.
Unloading 1789 Unused Serialized files (Serialized files now loaded: 0)
System memory in use before: 104.8 MB.
System memory in use after: 104.8 MB.

Unloading 12 unused Assets to reduce memory usage. Loaded Objects now: 2288.
Total: 1.600200 ms (FindLiveObjects: 0.152000 ms CreateObjectMapping: 0.056100 ms MarkObjects: 1.313700 ms  DeleteObjects: 0.077700 ms)

========================================================================
Received Prepare
Registering precompiled user dll's ...
Registered in 0.001461 seconds.
Begin MonoManager ReloadAssembly
Native extension for WindowsStandalone target not found
Refreshing native plugins compatible for Editor in 0.40 ms, found 1 plugins.
Preloading 0 native plugins for Editor in 0.00 ms.
Invoked RoslynAnalysisRunner static constructor.
RoslynAnalysisRunner will not be running.
RoslynAnalysisRunner has terminated.
Mono: successfully reloaded assembly
- Completed reload, in  0.897 seconds
Platform modules already initialized, skipping
Refreshing native plugins compatible for Editor in 0.41 ms, found 1 plugins.
Preloading 0 native plugins for Editor in 0.00 ms.
Unloading 1789 Unused Serialized files (Serialized files now loaded: 0)
System memory in use before: 104.9 MB.
System memory in use after: 104.9 MB.

Unloading 12 unused Assets to reduce memory usage. Loaded Objects now: 2291.
Total: 1.730400 ms (FindLiveObjects: 0.150900 ms CreateObjectMapping: 0.056500 ms MarkObjects: 1.445300 ms  DeleteObjects: 0.077100 ms)

========================================================================
Received Prepare
Registering precompiled user dll's ...
Registered in 0.001483 seconds.
Begin MonoManager ReloadAssembly
Native extension for WindowsStandalone target not found
Refreshing native plugins compatible for Editor in 0.41 ms, found 1 plugins.
Preloading 0 native plugins for Editor in 0.00 ms.
Invoked RoslynAnalysisRunner static constructor.
RoslynAnalysisRunner will not be running.
RoslynAnalysisRunner has terminated.
Mono: successfully reloaded assembly
- Completed reload, in  1.003 seconds
Platform modules already initialized, skipping
Refreshing native plugins compatible for Editor in 0.46 ms, found 1 plugins.
Preloading 0 native plugins for Editor in 0.00 ms.
Unloading 1789 Unused Serialized files (Serialized files now loaded: 0)
System memory in use before: 105.1 MB.
System memory in use after: 105.1 MB.

Unloading 12 unused Assets to reduce memory usage. Loaded Objects now: 2294.
Total: 1.657800 ms (FindLiveObjects: 0.174200 ms CreateObjectMapping: 0.065400 ms MarkObjects: 1.334800 ms  DeleteObjects: 0.082900 ms)

========================================================================
Received Prepare
Registering precompiled user dll's ...
Registered in 0.001498 seconds.
Begin MonoManager ReloadAssembly
Native extension for WindowsStandalone target not found
Refreshing native plugins compatible for Editor in 0.44 ms, found 1 plugins.
Preloading 0 native plugins for Editor in 0.00 ms.
Invoked RoslynAnalysisRunner static constructor.
RoslynAnalysisRunner will not be running.
RoslynAnalysisRunner has terminated.
Mono: successfully reloaded assembly
- Completed reload, in  0.939 seconds
Platform modules already initialized, skipping
Refreshing native plugins compatible for Editor in 0.42 ms, found 1 plugins.
Preloading 0 native plugins for Editor in 0.00 ms.
Unloading 1789 Unused Serialized files (Serialized files now loaded: 0)
System memory in use before: 105.2 MB.
System memory in use after: 105.2 MB.

Unloading 12 unused Assets to reduce memory usage. Loaded Objects now: 2297.
Total: 1.943600 ms (FindLiveObjects: 0.160600 ms CreateObjectMapping: 0.059900 ms MarkObjects: 1.636200 ms  DeleteObjects: 0.086000 ms)

========================================================================
Received Prepare
Registering precompiled user dll's ...
Registered in 0.001425 seconds.
Begin MonoManager ReloadAssembly
Native extension for WindowsStandalone target not found
Refreshing native plugins compatible for Editor in 0.40 ms, found 1 plugins.
Preloading 0 native plugins for Editor in 0.00 ms.
Invoked RoslynAnalysisRunner static constructor.
RoslynAnalysisRunner will not be running.
RoslynAnalysisRunner has terminated.
Mono: successfully reloaded assembly
- Completed reload, in  0.990 seconds
Platform modules already initialized, skipping
Refreshing native plugins compatible for Editor in 0.44 ms, found 1 plugins.
Preloading 0 native plugins for Editor in 0.00 ms.
Unloading 1789 Unused Serialized files (Serialized files now loaded: 0)
System memory in use before: 105.3 MB.
System memory in use after: 105.3 MB.

Unloading 12 unused Assets to reduce memory usage. Loaded Objects now: 2300.
Total: 1.670300 ms (FindLiveObjects: 0.150300 ms CreateObjectMapping: 0.049200 ms MarkObjects: 1.388900 ms  DeleteObjects: 0.080900 ms)

========================================================================
Received Prepare
Registering precompiled user dll's ...
Registered in 0.001521 seconds.
Begin MonoManager ReloadAssembly
Native extension for WindowsStandalone target not found
Refreshing native plugins compatible for Editor in 0.41 ms, found 1 plugins.
Preloading 0 native plugins for Editor in 0.00 ms.
Invoked RoslynAnalysisRunner static constructor.
RoslynAnalysisRunner will not be running.
RoslynAnalysisRunner has terminated.
Mono: successfully reloaded assembly
- Completed reload, in  1.034 seconds
Platform modules already initialized, skipping
Refreshing native plugins compatible for Editor in 0.42 ms, found 1 plugins.
Preloading 0 native plugins for Editor in 0.00 ms.
Unloading 1789 Unused Serialized files (Serialized files now loaded: 0)
System memory in use before: 105.3 MB.
System memory in use after: 105.3 MB.

Unloading 12 unused Assets to reduce memory usage. Loaded Objects now: 2303.
Total: 2.025600 ms (FindLiveObjects: 0.152400 ms CreateObjectMapping: 0.055900 ms MarkObjects: 1.729000 ms  DeleteObjects: 0.087400 ms)

========================================================================
Received Prepare
Registering precompiled user dll's ...
Registered in 0.001535 seconds.
Begin MonoManager ReloadAssembly
Native extension for WindowsStandalone target not found
Refreshing native plugins compatible for Editor in 0.40 ms, found 1 plugins.
Preloading 0 native plugins for Editor in 0.00 ms.
Invoked RoslynAnalysisRunner static constructor.
RoslynAnalysisRunner will not be running.
RoslynAnalysisRunner has terminated.
Mono: successfully reloaded assembly
- Completed reload, in  0.998 seconds
Platform modules already initialized, skipping
Refreshing native plugins compatible for Editor in 0.41 ms, found 1 plugins.
Preloading 0 native plugins for Editor in 0.00 ms.
Unloading 1789 Unused Serialized files (Serialized files now loaded: 0)
System memory in use before: 104.6 MB.
System memory in use after: 104.6 MB.

Unloading 12 unused Assets to reduce memory usage. Loaded Objects now: 2306.
Total: 1.605400 ms (FindLiveObjects: 0.155400 ms CreateObjectMapping: 0.058000 ms MarkObjects: 1.307000 ms  DeleteObjects: 0.084400 ms)

========================================================================
Received Prepare
Registering precompiled user dll's ...
Registered in 0.001491 seconds.
Begin MonoManager ReloadAssembly
Native extension for WindowsStandalone target not found
Refreshing native plugins compatible for Editor in 0.41 ms, found 1 plugins.
Preloading 0 native plugins for Editor in 0.00 ms.
Invoked RoslynAnalysisRunner static constructor.
RoslynAnalysisRunner will not be running.
RoslynAnalysisRunner has terminated.
Mono: successfully reloaded assembly
- Completed reload, in  1.066 seconds
Platform modules already initialized, skipping
Refreshing native plugins compatible for Editor in 0.40 ms, found 1 plugins.
Preloading 0 native plugins for Editor in 0.00 ms.
Unloading 1789 Unused Serialized files (Serialized files now loaded: 0)
System memory in use before: 104.7 MB.
System memory in use after: 104.7 MB.

Unloading 12 unused Assets to reduce memory usage. Loaded Objects now: 2309.
Total: 1.743200 ms (FindLiveObjects: 0.151300 ms CreateObjectMapping: 0.056100 ms MarkObjects: 1.456400 ms  DeleteObjects: 0.078700 ms)

========================================================================
Received Prepare
Registering precompiled user dll's ...
Registered in 0.001623 seconds.
Begin MonoManager ReloadAssembly
Native extension for WindowsStandalone target not found
Refreshing native plugins compatible for Editor in 0.44 ms, found 1 plugins.
Preloading 0 native plugins for Editor in 0.00 ms.
Invoked RoslynAnalysisRunner static constructor.
RoslynAnalysisRunner will not be running.
RoslynAnalysisRunner has terminated.
Mono: successfully reloaded assembly
- Completed reload, in  1.157 seconds
Platform modules already initialized, skipping
Refreshing native plugins compatible for Editor in 0.50 ms, found 1 plugins.
Preloading 0 native plugins for Editor in 0.00 ms.
Unloading 1789 Unused Serialized files (Serialized files now loaded: 0)
System memory in use before: 104.9 MB.
System memory in use after: 104.9 MB.

Unloading 12 unused Assets to reduce memory usage. Loaded Objects now: 2312.
Total: 2.689200 ms (FindLiveObjects: 0.224600 ms CreateObjectMapping: 0.071300 ms MarkObjects: 2.266100 ms  DeleteObjects: 0.126200 ms)

========================================================================
Received Prepare
Registering precompiled user dll's ...
Registered in 0.001431 seconds.
Begin MonoManager ReloadAssembly
Native extension for WindowsStandalone target not found
Refreshing native plugins compatible for Editor in 0.48 ms, found 1 plugins.
Preloading 0 native plugins for Editor in 0.00 ms.
Invoked RoslynAnalysisRunner static constructor.
RoslynAnalysisRunner will not be running.
RoslynAnalysisRunner has terminated.
Mono: successfully reloaded assembly
- Completed reload, in  1.076 seconds
Platform modules already initialized, skipping
Refreshing native plugins compatible for Editor in 0.49 ms, found 1 plugins.
Preloading 0 native plugins for Editor in 0.00 ms.
Unloading 1789 Unused Serialized files (Serialized files now loaded: 0)
System memory in use before: 105.0 MB.
System memory in use after: 105.0 MB.

Unloading 12 unused Assets to reduce memory usage. Loaded Objects now: 2315.
Total: 1.932800 ms (FindLiveObjects: 0.176100 ms CreateObjectMapping: 0.062900 ms MarkObjects: 1.582200 ms  DeleteObjects: 0.109900 ms)

========================================================================
Received Prepare
Registering precompiled user dll's ...
Registered in 0.001629 seconds.
Begin MonoManager ReloadAssembly
Native extension for WindowsStandalone target not found
Refreshing native plugins compatible for Editor in 0.40 ms, found 1 plugins.
Preloading 0 native plugins for Editor in 0.00 ms.
Invoked RoslynAnalysisRunner static constructor.
RoslynAnalysisRunner will not be running.
RoslynAnalysisRunner has terminated.
Mono: successfully reloaded assembly
- Completed reload, in  1.028 seconds
Platform modules already initialized, skipping
Refreshing native plugins compatible for Editor in 0.42 ms, found 1 plugins.
Preloading 0 native plugins for Editor in 0.00 ms.
Unloading 1789 Unused Serialized files (Serialized files now loaded: 0)
System memory in use before: 105.1 MB.
System memory in use after: 105.1 MB.

Unloading 12 unused Assets to reduce memory usage. Loaded Objects now: 2318.
Total: 1.522000 ms (FindLiveObjects: 0.140800 ms CreateObjectMapping: 0.046200 ms MarkObjects: 1.260100 ms  DeleteObjects: 0.074300 ms)

========================================================================
Received Prepare
Registering precompiled user dll's ...
Registered in 0.001560 seconds.
Begin MonoManager ReloadAssembly
Native extension for WindowsStandalone target not found
Refreshing native plugins compatible for Editor in 0.40 ms, found 1 plugins.
Preloading 0 native plugins for Editor in 0.00 ms.
Invoked RoslynAnalysisRunner static constructor.
RoslynAnalysisRunner will not be running.
RoslynAnalysisRunner has terminated.
Mono: successfully reloaded assembly
- Completed reload, in  1.057 seconds
Platform modules already initialized, skipping
Refreshing native plugins compatible for Editor in 0.42 ms, found 1 plugins.
Preloading 0 native plugins for Editor in 0.00 ms.
Unloading 1789 Unused Serialized files (Serialized files now loaded: 0)
System memory in use before: 105.3 MB.
System memory in use after: 105.3 MB.

Unloading 12 unused Assets to reduce memory usage. Loaded Objects now: 2321.
Total: 2.033900 ms (FindLiveObjects: 0.201600 ms CreateObjectMapping: 0.077300 ms MarkObjects: 1.667200 ms  DeleteObjects: 0.086900 ms)

========================================================================
Received Prepare
Registering precompiled user dll's ...
Registered in 0.001406 seconds.
Begin MonoManager ReloadAssembly
Native extension for WindowsStandalone target not found
Refreshing native plugins compatible for Editor in 0.41 ms, found 1 plugins.
Preloading 0 native plugins for Editor in 0.00 ms.
Invoked RoslynAnalysisRunner static constructor.
RoslynAnalysisRunner will not be running.
RoslynAnalysisRunner has terminated.
Mono: successfully reloaded assembly
- Completed reload, in  1.131 seconds
Platform modules already initialized, skipping
Refreshing native plugins compatible for Editor in 0.49 ms, found 1 plugins.
Preloading 0 native plugins for Editor in 0.00 ms.
Unloading 1789 Unused Serialized files (Serialized files now loaded: 0)
System memory in use before: 105.4 MB.
System memory in use after: 105.4 MB.

Unloading 12 unused Assets to reduce memory usage. Loaded Objects now: 2324.
Total: 1.835500 ms (FindLiveObjects: 0.171500 ms CreateObjectMapping: 0.064900 ms MarkObjects: 1.512900 ms  DeleteObjects: 0.085400 ms)

========================================================================
Received Prepare
Registering precompiled user dll's ...
Registered in 0.001445 seconds.
Begin MonoManager ReloadAssembly
Native extension for WindowsStandalone target not found
Refreshing native plugins compatible for Editor in 0.42 ms, found 1 plugins.
Preloading 0 native plugins for Editor in 0.00 ms.
Invoked RoslynAnalysisRunner static constructor.
RoslynAnalysisRunner will not be running.
RoslynAnalysisRunner has terminated.
Mono: successfully reloaded assembly
- Completed reload, in  1.108 seconds
Platform modules already initialized, skipping
Refreshing native plugins compatible for Editor in 0.52 ms, found 1 plugins.
Preloading 0 native plugins for Editor in 0.00 ms.
Unloading 1789 Unused Serialized files (Serialized files now loaded: 0)
System memory in use before: 105.4 MB.
System memory in use after: 105.4 MB.

Unloading 12 unused Assets to reduce memory usage. Loaded Objects now: 2327.
Total: 2.049500 ms (FindLiveObjects: 0.169000 ms CreateObjectMapping: 0.061100 ms MarkObjects: 1.723000 ms  DeleteObjects: 0.095300 ms)

========================================================================
Received Prepare
Registering precompiled user dll's ...
Registered in 0.001414 seconds.
Begin MonoManager ReloadAssembly
Native extension for WindowsStandalone target not found
Refreshing native plugins compatible for Editor in 0.43 ms, found 1 plugins.
Preloading 0 native plugins for Editor in 0.00 ms.
Invoked RoslynAnalysisRunner static constructor.
RoslynAnalysisRunner will not be running.
RoslynAnalysisRunner has terminated.
Mono: successfully reloaded assembly
- Completed reload, in  1.141 seconds
Platform modules already initialized, skipping
Refreshing native plugins compatible for Editor in 0.41 ms, found 1 plugins.
Preloading 0 native plugins for Editor in 0.00 ms.
Unloading 1789 Unused Serialized files (Serialized files now loaded: 0)
System memory in use before: 104.7 MB.
System memory in use after: 104.7 MB.

Unloading 12 unused Assets to reduce memory usage. Loaded Objects now: 2330.
Total: 1.824900 ms (FindLiveObjects: 0.181800 ms CreateObjectMapping: 0.107400 ms MarkObjects: 1.452400 ms  DeleteObjects: 0.082300 ms)

========================================================================
Received Prepare
Registering precompiled user dll's ...
Registered in 0.001518 seconds.
Begin MonoManager ReloadAssembly
Native extension for WindowsStandalone target not found
Refreshing native plugins compatible for Editor in 0.40 ms, found 1 plugins.
Preloading 0 native plugins for Editor in 0.00 ms.
Invoked RoslynAnalysisRunner static constructor.
RoslynAnalysisRunner will not be running.
RoslynAnalysisRunner has terminated.
Mono: successfully reloaded assembly
- Completed reload, in  1.157 seconds
Platform modules already initialized, skipping
Refreshing native plugins compatible for Editor in 0.52 ms, found 1 plugins.
Preloading 0 native plugins for Editor in 0.00 ms.
Unloading 1789 Unused Serialized files (Serialized files now loaded: 0)
System memory in use before: 104.8 MB.
System memory in use after: 104.8 MB.

Unloading 12 unused Assets to reduce memory usage. Loaded Objects now: 2333.
Total: 1.901700 ms (FindLiveObjects: 0.207200 ms CreateObjectMapping: 0.077500 ms MarkObjects: 1.522500 ms  DeleteObjects: 0.093200 ms)

========================================================================
Received Prepare
Registering precompiled user dll's ...
Registered in 0.001414 seconds.
Begin MonoManager ReloadAssembly
Native extension for WindowsStandalone target not found
Refreshing native plugins compatible for Editor in 0.40 ms, found 1 plugins.
Preloading 0 native plugins for Editor in 0.00 ms.
Invoked RoslynAnalysisRunner static constructor.
RoslynAnalysisRunner will not be running.
RoslynAnalysisRunner has terminated.
Mono: successfully reloaded assembly
- Completed reload, in  1.108 seconds
Platform modules already initialized, skipping
Refreshing native plugins compatible for Editor in 0.43 ms, found 1 plugins.
Preloading 0 native plugins for Editor in 0.00 ms.
Unloading 1789 Unused Serialized files (Serialized files now loaded: 0)
System memory in use before: 104.9 MB.
System memory in use after: 104.9 MB.

Unloading 12 unused Assets to reduce memory usage. Loaded Objects now: 2336.
Total: 1.930300 ms (FindLiveObjects: 0.166500 ms CreateObjectMapping: 0.052300 ms MarkObjects: 1.630800 ms  DeleteObjects: 0.080200 ms)

========================================================================
Received Prepare
Registering precompiled user dll's ...
Registered in 0.001415 seconds.
Begin MonoManager ReloadAssembly
Native extension for WindowsStandalone target not found
Refreshing native plugins compatible for Editor in 0.39 ms, found 1 plugins.
Preloading 0 native plugins for Editor in 0.00 ms.
Invoked RoslynAnalysisRunner static constructor.
RoslynAnalysisRunner will not be running.
RoslynAnalysisRunner has terminated.
Mono: successfully reloaded assembly
- Completed reload, in  1.160 seconds
Platform modules already initialized, skipping
Refreshing native plugins compatible for Editor in 0.46 ms, found 1 plugins.
Preloading 0 native plugins for Editor in 0.00 ms.
Unloading 1789 Unused Serialized files (Serialized files now loaded: 0)
System memory in use before: 105.1 MB.
System memory in use after: 105.1 MB.

Unloading 12 unused Assets to reduce memory usage. Loaded Objects now: 2339.
Total: 1.840000 ms (FindLiveObjects: 0.164500 ms CreateObjectMapping: 0.057500 ms MarkObjects: 1.529700 ms  DeleteObjects: 0.087100 ms)

========================================================================
Received Prepare
Registering precompiled user dll's ...
Registered in 0.001466 seconds.
Begin MonoManager ReloadAssembly
Native extension for WindowsStandalone target not found
Refreshing native plugins compatible for Editor in 0.39 ms, found 1 plugins.
Preloading 0 native plugins for Editor in 0.00 ms.
Invoked RoslynAnalysisRunner static constructor.
RoslynAnalysisRunner will not be running.
RoslynAnalysisRunner has terminated.
Mono: successfully reloaded assembly
- Completed reload, in  1.218 seconds
Platform modules already initialized, skipping
Refreshing native plugins compatible for Editor in 0.43 ms, found 1 plugins.
Preloading 0 native plugins for Editor in 0.00 ms.
Unloading 1789 Unused Serialized files (Serialized files now loaded: 0)
System memory in use before: 105.2 MB.
System memory in use after: 105.2 MB.

Unloading 12 unused Assets to reduce memory usage. Loaded Objects now: 2342.
Total: 1.965100 ms (FindLiveObjects: 0.244700 ms CreateObjectMapping: 0.073000 ms MarkObjects: 1.529600 ms  DeleteObjects: 0.116500 ms)

========================================================================
Received Prepare
Registering precompiled user dll's ...
Registered in 0.001414 seconds.
Begin MonoManager ReloadAssembly
Native extension for WindowsStandalone target not found
Refreshing native plugins compatible for Editor in 0.40 ms, found 1 plugins.
Preloading 0 native plugins for Editor in 0.00 ms.
Invoked RoslynAnalysisRunner static constructor.
RoslynAnalysisRunner will not be running.
RoslynAnalysisRunner has terminated.
Mono: successfully reloaded assembly
- Completed reload, in  1.163 seconds
Platform modules already initialized, skipping
Refreshing native plugins compatible for Editor in 0.44 ms, found 1 plugins.
Preloading 0 native plugins for Editor in 0.00 ms.
Unloading 1789 Unused Serialized files (Serialized files now loaded: 0)
System memory in use before: 105.3 MB.
System memory in use after: 105.3 MB.

Unloading 12 unused Assets to reduce memory usage. Loaded Objects now: 2345.
Total: 1.847100 ms (FindLiveObjects: 0.267900 ms CreateObjectMapping: 0.081900 ms MarkObjects: 1.411800 ms  DeleteObjects: 0.084200 ms)

========================================================================
Received Prepare
Registering precompiled user dll's ...
Registered in 0.001513 seconds.
Begin MonoManager ReloadAssembly
Native extension for WindowsStandalone target not found
Refreshing native plugins compatible for Editor in 0.45 ms, found 1 plugins.
Preloading 0 native plugins for Editor in 0.00 ms.
Invoked RoslynAnalysisRunner static constructor.
RoslynAnalysisRunner will not be running.
RoslynAnalysisRunner has terminated.
Mono: successfully reloaded assembly
- Completed reload, in  1.220 seconds
Platform modules already initialized, skipping
Refreshing native plugins compatible for Editor in 0.40 ms, found 1 plugins.
Preloading 0 native plugins for Editor in 0.00 ms.
Unloading 1789 Unused Serialized files (Serialized files now loaded: 0)
System memory in use before: 105.5 MB.
System memory in use after: 105.5 MB.

Unloading 12 unused Assets to reduce memory usage. Loaded Objects now: 2348.
Total: 1.973800 ms (FindLiveObjects: 0.160300 ms CreateObjectMapping: 0.046800 ms MarkObjects: 1.681100 ms  DeleteObjects: 0.084800 ms)

========================================================================
Received Prepare
Registering precompiled user dll's ...
Registered in 0.001458 seconds.
Begin MonoManager ReloadAssembly
Native extension for WindowsStandalone target not found
Refreshing native plugins compatible for Editor in 0.62 ms, found 1 plugins.
Preloading 0 native plugins for Editor in 0.00 ms.
Invoked RoslynAnalysisRunner static constructor.
RoslynAnalysisRunner will not be running.
RoslynAnalysisRunner has terminated.
Mono: successfully reloaded assembly
- Completed reload, in  1.222 seconds
Platform modules already initialized, skipping
Refreshing native plugins compatible for Editor in 0.46 ms, found 1 plugins.
Preloading 0 native plugins for Editor in 0.00 ms.
Unloading 1789 Unused Serialized files (Serialized files now loaded: 0)
System memory in use before: 105.5 MB.
System memory in use after: 105.5 MB.

Unloading 12 unused Assets to reduce memory usage. Loaded Objects now: 2351.
Total: 2.282900 ms (FindLiveObjects: 0.210700 ms CreateObjectMapping: 0.070900 ms MarkObjects: 1.914300 ms  DeleteObjects: 0.086000 ms)

========================================================================
Received Prepare
Registering precompiled user dll's ...
Registered in 0.001633 seconds.
Begin MonoManager ReloadAssembly
Native extension for WindowsStandalone target not found
Refreshing native plugins compatible for Editor in 0.42 ms, found 1 plugins.
Preloading 0 native plugins for Editor in 0.00 ms.
Invoked RoslynAnalysisRunner static constructor.
RoslynAnalysisRunner will not be running.
RoslynAnalysisRunner has terminated.
Mono: successfully reloaded assembly
- Completed reload, in  1.319 seconds
Platform modules already initialized, skipping
Refreshing native plugins compatible for Editor in 0.48 ms, found 1 plugins.
Preloading 0 native plugins for Editor in 0.00 ms.
Unloading 1789 Unused Serialized files (Serialized files now loaded: 0)
System memory in use before: 104.7 MB.
System memory in use after: 104.7 MB.

Unloading 12 unused Assets to reduce memory usage. Loaded Objects now: 2354.
Total: 1.886700 ms (FindLiveObjects: 0.245400 ms CreateObjectMapping: 0.095600 ms MarkObjects: 1.459800 ms  DeleteObjects: 0.085100 ms)

========================================================================
Received Prepare
Registering precompiled user dll's ...
Registered in 0.001724 seconds.
Begin MonoManager ReloadAssembly
Native extension for WindowsStandalone target not found
Refreshing native plugins compatible for Editor in 0.39 ms, found 1 plugins.
Preloading 0 native plugins for Editor in 0.00 ms.
Invoked RoslynAnalysisRunner static constructor.
RoslynAnalysisRunner will not be running.
RoslynAnalysisRunner has terminated.
Mono: successfully reloaded assembly
- Completed reload, in  1.190 seconds
Platform modules already initialized, skipping
Refreshing native plugins compatible for Editor in 0.54 ms, found 1 plugins.
Preloading 0 native plugins for Editor in 0.00 ms.
Unloading 1789 Unused Serialized files (Serialized files now loaded: 0)
System memory in use before: 104.9 MB.
System memory in use after: 104.9 MB.

Unloading 12 unused Assets to reduce memory usage. Loaded Objects now: 2357.
Total: 1.778600 ms (FindLiveObjects: 0.196500 ms CreateObjectMapping: 0.065500 ms MarkObjects: 1.436700 ms  DeleteObjects: 0.078900 ms)

========================================================================
Received Prepare
Registering precompiled user dll's ...
Registered in 0.001380 seconds.
Begin MonoManager ReloadAssembly
Native extension for WindowsStandalone target not found
Refreshing native plugins compatible for Editor in 0.42 ms, found 1 plugins.
Preloading 0 native plugins for Editor in 0.00 ms.
Invoked RoslynAnalysisRunner static constructor.
RoslynAnalysisRunner will not be running.
RoslynAnalysisRunner has terminated.
Mono: successfully reloaded assembly
- Completed reload, in  1.215 seconds
Platform modules already initialized, skipping
Refreshing native plugins compatible for Editor in 0.40 ms, found 1 plugins.
Preloading 0 native plugins for Editor in 0.00 ms.
Unloading 1789 Unused Serialized files (Serialized files now loaded: 0)
System memory in use before: 105.0 MB.
System memory in use after: 105.0 MB.

Unloading 12 unused Assets to reduce memory usage. Loaded Objects now: 2360.
Total: 1.807500 ms (FindLiveObjects: 0.162300 ms CreateObjectMapping: 0.062200 ms MarkObjects: 1.505300 ms  DeleteObjects: 0.076900 ms)

========================================================================
Received Prepare
Registering precompiled user dll's ...
Registered in 0.001405 seconds.
Begin MonoManager ReloadAssembly
Native extension for WindowsStandalone target not found
Refreshing native plugins compatible for Editor in 0.45 ms, found 1 plugins.
Preloading 0 native plugins for Editor in 0.00 ms.
Invoked RoslynAnalysisRunner static constructor.
RoslynAnalysisRunner will not be running.
RoslynAnalysisRunner has terminated.
Mono: successfully reloaded assembly
- Completed reload, in  1.212 seconds
Platform modules already initialized, skipping
Refreshing native plugins compatible for Editor in 0.41 ms, found 1 plugins.
Preloading 0 native plugins for Editor in 0.00 ms.
Unloading 1789 Unused Serialized files (Serialized files now loaded: 0)
System memory in use before: 105.1 MB.
System memory in use after: 105.1 MB.

Unloading 12 unused Assets to reduce memory usage. Loaded Objects now: 2363.
Total: 1.783800 ms (FindLiveObjects: 0.164900 ms CreateObjectMapping: 0.045400 ms MarkObjects: 1.495900 ms  DeleteObjects: 0.076900 ms)

========================================================================
Received Prepare
Registering precompiled user dll's ...
Registered in 0.001484 seconds.
Begin MonoManager ReloadAssembly
Native extension for WindowsStandalone target not found
Refreshing native plugins compatible for Editor in 0.39 ms, found 1 plugins.
Preloading 0 native plugins for Editor in 0.00 ms.
Invoked RoslynAnalysisRunner static constructor.
RoslynAnalysisRunner will not be running.
RoslynAnalysisRunner has terminated.
Mono: successfully reloaded assembly
- Completed reload, in  1.228 seconds
Platform modules already initialized, skipping
Refreshing native plugins compatible for Editor in 0.43 ms, found 1 plugins.
Preloading 0 native plugins for Editor in 0.00 ms.
Unloading 1789 Unused Serialized files (Serialized files now loaded: 0)
System memory in use before: 105.3 MB.
System memory in use after: 105.3 MB.

Unloading 12 unused Assets to reduce memory usage. Loaded Objects now: 2366.
Total: 1.950900 ms (FindLiveObjects: 0.166800 ms CreateObjectMapping: 0.064100 ms MarkObjects: 1.636800 ms  DeleteObjects: 0.082700 ms)

========================================================================
Received Prepare
Registering precompiled user dll's ...
Registered in 0.001964 seconds.
Begin MonoManager ReloadAssembly
Native extension for WindowsStandalone target not found
Refreshing native plugins compatible for Editor in 0.44 ms, found 1 plugins.
Preloading 0 native plugins for Editor in 0.00 ms.
Invoked RoslynAnalysisRunner static constructor.
RoslynAnalysisRunner will not be running.
RoslynAnalysisRunner has terminated.
Mono: successfully reloaded assembly
- Completed reload, in  1.399 seconds
Platform modules already initialized, skipping
Refreshing native plugins compatible for Editor in 0.47 ms, found 1 plugins.
Preloading 0 native plugins for Editor in 0.00 ms.
Unloading 1789 Unused Serialized files (Serialized files now loaded: 0)
System memory in use before: 105.5 MB.
System memory in use after: 105.5 MB.

Unloading 12 unused Assets to reduce memory usage. Loaded Objects now: 2369.
Total: 1.810800 ms (FindLiveObjects: 0.203400 ms CreateObjectMapping: 0.070500 ms MarkObjects: 1.450200 ms  DeleteObjects: 0.086000 ms)

========================================================================
Received Prepare
Registering precompiled user dll's ...
Registered in 0.001609 seconds.
Begin MonoManager ReloadAssembly
Native extension for WindowsStandalone target not found
Refreshing native plugins compatible for Editor in 0.51 ms, found 1 plugins.
Preloading 0 native plugins for Editor in 0.00 ms.
Invoked RoslynAnalysisRunner static constructor.
RoslynAnalysisRunner will not be running.
RoslynAnalysisRunner has terminated.
Mono: successfully reloaded assembly
- Completed reload, in  1.398 seconds
Platform modules already initialized, skipping
Refreshing native plugins compatible for Editor in 0.44 ms, found 1 plugins.
Preloading 0 native plugins for Editor in 0.00 ms.
Unloading 1789 Unused Serialized files (Serialized files now loaded: 0)
System memory in use before: 105.7 MB.
System memory in use after: 105.7 MB.

Unloading 12 unused Assets to reduce memory usage. Loaded Objects now: 2372.
Total: 1.974800 ms (FindLiveObjects: 0.178900 ms CreateObjectMapping: 0.061400 ms MarkObjects: 1.628300 ms  DeleteObjects: 0.105500 ms)

========================================================================
Received Prepare
Registering precompiled user dll's ...
Registered in 0.002051 seconds.
Begin MonoManager ReloadAssembly
Native extension for WindowsStandalone target not found
Refreshing native plugins compatible for Editor in 0.42 ms, found 1 plugins.
Preloading 0 native plugins for Editor in 0.00 ms.
Invoked RoslynAnalysisRunner static constructor.
RoslynAnalysisRunner will not be running.
RoslynAnalysisRunner has terminated.
Mono: successfully reloaded assembly
- Completed reload, in  1.397 seconds
Platform modules already initialized, skipping
Refreshing native plugins compatible for Editor in 0.42 ms, found 1 plugins.
Preloading 0 native plugins for Editor in 0.00 ms.
Unloading 1789 Unused Serialized files (Serialized files now loaded: 0)
System memory in use before: 105.7 MB.
System memory in use after: 105.7 MB.

Unloading 12 unused Assets to reduce memory usage. Loaded Objects now: 2375.
Total: 1.753000 ms (FindLiveObjects: 0.156600 ms CreateObjectMapping: 0.060900 ms MarkObjects: 1.450500 ms  DeleteObjects: 0.084200 ms)

