Using pre-set license
Built from '2020.2/release' branch; Version is '2020.2.1f1 (270dd8c3da1c) revision 2559448'; Using compiler version '192528614'; Build Type 'Release'
OS: 'Windows 10  (10.0.0) 64bit' Language: 'en' Physical Memory: 16326 MB
BatchMode: 1, IsHumanControllingUs: 0, StartBugReporterOnCrash: 0, Is64bit: 1, IsPro: 0

 COMMAND LINE ARGUMENTS:
D:\Program Files (x86)\UnityEditors\2020.2.1f1\Editor\Unity.exe
-adb2
-batchMode
-noUpm
-name
AssetImportWorker0
-projectPath
D:/NatWa/GitHubRepositories/Mobile-Game-ios/2D Mobile Game
-logFile
Logs/AssetImportWorker0.log
-srvPort
62290
Successfully changed project path to: D:/NatWa/GitHubRepositories/Mobile-Game-ios/2D Mobile Game
D:/NatWa/GitHubRepositories/Mobile-Game-ios/2D Mobile Game
Using Asset Import Pipeline V2.
Refreshing native plugins compatible for Editor in 47.23 ms, found 1 plugins.
Preloading 0 native plugins for Editor in 0.00 ms.
Initialize engine version: 2020.2.1f1 (270dd8c3da1c)
[Subsystems] Discovering subsystems at path D:/Program Files (x86)/UnityEditors/2020.2.1f1/Editor/Data/Resources/UnitySubsystems
[Subsystems] Discovering subsystems at path D:/NatWa/GitHubRepositories/Mobile-Game-ios/2D Mobile Game/Assets
GfxDevice: creating device client; threaded=0
Direct3D:
    Version:  Direct3D 11.0 [level 11.1]
    Renderer: NVIDIA GeForce GTX 1080 Ti (ID=0x1b06)
    Vendor:   
    VRAM:     11127 MB
    Driver:   30.0.14.7141
Initialize mono
Mono path[0] = 'D:/Program Files (x86)/UnityEditors/2020.2.1f1/Editor/Data/Managed'
Mono path[1] = 'D:/Program Files (x86)/UnityEditors/2020.2.1f1/Editor/Data/MonoBleedingEdge/lib/mono/unityjit'
Mono config path = 'D:/Program Files (x86)/UnityEditors/2020.2.1f1/Editor/Data/MonoBleedingEdge/etc'
Using monoOptions --debugger-agent=transport=dt_socket,embedding=1,server=y,suspend=n,address=127.0.0.1:56228
Begin MonoManager ReloadAssembly
Registering precompiled unity dll's ...
Register platform support module: D:/Program Files (x86)/UnityEditors/2020.2.1f1/Editor/Data/PlaybackEngines/WindowsStandaloneSupport/UnityEditor.WindowsStandalone.Extensions.dll
Registered in 0.003314 seconds.
Native extension for WindowsStandalone target not found
Refreshing native plugins compatible for Editor in 36.93 ms, found 1 plugins.
Preloading 0 native plugins for Editor in 0.00 ms.
Invoked RoslynAnalysisRunner static constructor.
RoslynAnalysisRunner will not be running.
RoslynAnalysisRunner has terminated.
Mono: successfully reloaded assembly
- Completed reload, in  2.270 seconds
Platform modules already initialized, skipping
Registering precompiled user dll's ...
Registered in 0.001605 seconds.
Begin MonoManager ReloadAssembly
Native extension for WindowsStandalone target not found
Refreshing native plugins compatible for Editor in 39.30 ms, found 1 plugins.
Preloading 0 native plugins for Editor in 0.00 ms.
Invoked RoslynAnalysisRunner static constructor.
RoslynAnalysisRunner will not be running.
RoslynAnalysisRunner has terminated.
Mono: successfully reloaded assembly
- Completed reload, in  0.946 seconds
Platform modules already initialized, skipping
========================================================================
Worker process is ready to serve import requests
Launched and connected shader compiler UnityShaderCompiler.exe after 0.05 seconds
Refreshing native plugins compatible for Editor in 0.39 ms, found 1 plugins.
Preloading 0 native plugins for Editor in 0.00 ms.
Unloading 1791 Unused Serialized files (Serialized files now loaded: 0)
System memory in use before: 103.8 MB.
System memory in use after: 103.7 MB.

Unloading 23 unused Assets to reduce memory usage. Loaded Objects now: 2257.
Total: 1.692800 ms (FindLiveObjects: 0.156700 ms CreateObjectMapping: 0.059800 ms MarkObjects: 1.378600 ms  DeleteObjects: 0.097100 ms)

========================================================================
Received Import Request.
  path: Assets/BayatGames/Free Platform Game Assets/Tiles/2.5D Tiles
  artifactKey: Guid(92cb8106d7cfdfb4793ac2f0fd260028) Importer(815301076,1909f56bfc062723c751e8b465ee728b)
Start importing Assets/BayatGames/Free Platform Game Assets/Tiles/2.5D Tiles using Guid(92cb8106d7cfdfb4793ac2f0fd260028) Importer(815301076,1909f56bfc062723c751e8b465ee728b)  -> (artifact id: 'b43493ce3fc0b0757e7f55985998c7c7') in 0.075903 seconds
  Import took 0.103613 seconds .

========================================================================
Received Import Request.
  Time since last request: 15.045188 seconds.
  path: Assets/BayatGames/Free Platform Game Assets/Tiles/2D Tiles ( Update 1.9 )/Spring/256x256
  artifactKey: Guid(9df02b544146c0145bc171f01699c8c5) Importer(815301076,1909f56bfc062723c751e8b465ee728b)
Start importing Assets/BayatGames/Free Platform Game Assets/Tiles/2D Tiles ( Update 1.9 )/Spring/256x256 using Guid(9df02b544146c0145bc171f01699c8c5) Importer(815301076,1909f56bfc062723c751e8b465ee728b)  -> (artifact id: '2f99bfcae91cfa4b4f134851f3eb049f') in 0.020716 seconds
  Import took 0.058771 seconds .

========================================================================
Received Import Request.
  Time since last request: 8.743811 seconds.
  path: Assets/BayatGames/Free Platform Game Assets/Environments/Environments/Level.prefab
  artifactKey: Guid(1b35f7fe26aeeb744995f2c4182f9a1c) Importer(815301076,1909f56bfc062723c751e8b465ee728b)
Start importing Assets/BayatGames/Free Platform Game Assets/Environments/Environments/Level.prefab using Guid(1b35f7fe26aeeb744995f2c4182f9a1c) Importer(815301076,1909f56bfc062723c751e8b465ee728b)  -> (artifact id: '5c645c11325f7d6b13461530f89197ee') in 0.112383 seconds
  Import took 0.136740 seconds .

========================================================================
Received Import Request.
  Time since last request: 4.349496 seconds.
  path: Assets/BayatGames/Free Platform Game Assets/Environments/New Details ( Update 1.9 )/4x
  artifactKey: Guid(9c454dd79b4c8204d997c1798999263d) Importer(815301076,1909f56bfc062723c751e8b465ee728b)
Start importing Assets/BayatGames/Free Platform Game Assets/Environments/New Details ( Update 1.9 )/4x using Guid(9c454dd79b4c8204d997c1798999263d) Importer(815301076,1909f56bfc062723c751e8b465ee728b)  -> (artifact id: '4d955097c630fa63d03f4efc97e6a763') in 0.035872 seconds
  Import took 0.064534 seconds .

========================================================================
Received Import Request.
  Time since last request: 57.900116 seconds.
  path: Assets/BayatGames/Free Platform Game Assets/Backgrounds/Background/eps
  artifactKey: Guid(708097e1fefec4b4a93cafab82ede0d8) Importer(815301076,1909f56bfc062723c751e8b465ee728b)
Start importing Assets/BayatGames/Free Platform Game Assets/Backgrounds/Background/eps using Guid(708097e1fefec4b4a93cafab82ede0d8) Importer(815301076,1909f56bfc062723c751e8b465ee728b)  -> (artifact id: '63d9c35134cad32606ccea546204b0fc') in 0.016529 seconds
  Import took 0.036964 seconds .

========================================================================
Received Import Request.
  Time since last request: 22.745604 seconds.
  path: Assets/BayatGames/Free Platform Game Assets/Backgrounds/New Background ( Update 1.9 )/png/2048x1024
  artifactKey: Guid(7c71e2ce1efafe147805a071f066eef2) Importer(815301076,1909f56bfc062723c751e8b465ee728b)
Start importing Assets/BayatGames/Free Platform Game Assets/Backgrounds/New Background ( Update 1.9 )/png/2048x1024 using Guid(7c71e2ce1efafe147805a071f066eef2) Importer(815301076,1909f56bfc062723c751e8b465ee728b)  -> (artifact id: 'b0c126bca4daa71ffa1180138c7e05ab') in 0.006661 seconds
  Import took 0.038591 seconds .

========================================================================
Received Import Request.
  Time since last request: 1.779973 seconds.
  path: Assets/BayatGames/Free Platform Game Assets/Backgrounds/New Background ( Update 1.9 )/png/2048x1024/all
  artifactKey: Guid(da53f7d95c652c445b0c427216b3465b) Importer(815301076,1909f56bfc062723c751e8b465ee728b)
Start importing Assets/BayatGames/Free Platform Game Assets/Backgrounds/New Background ( Update 1.9 )/png/2048x1024/all using Guid(da53f7d95c652c445b0c427216b3465b) Importer(815301076,1909f56bfc062723c751e8b465ee728b)  -> (artifact id: 'c4ffdf8696afe69dfdb913b99390437c') in 0.006336 seconds
  Import took 0.047442 seconds .

========================================================================
Received Prepare
Registering precompiled user dll's ...
Registered in 0.001450 seconds.
Begin MonoManager ReloadAssembly
Native extension for WindowsStandalone target not found
Refreshing native plugins compatible for Editor in 0.40 ms, found 1 plugins.
Preloading 0 native plugins for Editor in 0.00 ms.
Invoked RoslynAnalysisRunner static constructor.
RoslynAnalysisRunner will not be running.
RoslynAnalysisRunner has terminated.
Mono: successfully reloaded assembly
- Completed reload, in  0.800 seconds
Platform modules already initialized, skipping
Refreshing native plugins compatible for Editor in 0.41 ms, found 1 plugins.
Preloading 0 native plugins for Editor in 0.00 ms.
Unloading 1787 Unused Serialized files (Serialized files now loaded: 0)
System memory in use before: 103.5 MB.
System memory in use after: 103.5 MB.

Unloading 12 unused Assets to reduce memory usage. Loaded Objects now: 2260.
Total: 1.763400 ms (FindLiveObjects: 0.161700 ms CreateObjectMapping: 0.060900 ms MarkObjects: 1.454100 ms  DeleteObjects: 0.085900 ms)

========================================================================
Received Prepare
Registering precompiled user dll's ...
Registered in 0.001446 seconds.
Begin MonoManager ReloadAssembly
Native extension for WindowsStandalone target not found
Refreshing native plugins compatible for Editor in 0.40 ms, found 1 plugins.
Preloading 0 native plugins for Editor in 0.00 ms.
Invoked RoslynAnalysisRunner static constructor.
RoslynAnalysisRunner will not be running.
RoslynAnalysisRunner has terminated.
Mono: successfully reloaded assembly
- Completed reload, in  0.797 seconds
Platform modules already initialized, skipping
Refreshing native plugins compatible for Editor in 0.47 ms, found 1 plugins.
Preloading 0 native plugins for Editor in 0.00 ms.
Unloading 1788 Unused Serialized files (Serialized files now loaded: 0)
System memory in use before: 103.7 MB.
System memory in use after: 103.7 MB.

Unloading 12 unused Assets to reduce memory usage. Loaded Objects now: 2263.
Total: 1.741600 ms (FindLiveObjects: 0.197000 ms CreateObjectMapping: 0.066600 ms MarkObjects: 1.400600 ms  DeleteObjects: 0.076700 ms)

========================================================================
Received Import Request.
  Time since last request: 687.326997 seconds.
  path: Assets/BayatGames/Free Platform Game Assets/Environments/Environments/png/512x512
  artifactKey: Guid(047b1b47735d2f04486cd351e5a16c17) Importer(815301076,1909f56bfc062723c751e8b465ee728b)
Start importing Assets/BayatGames/Free Platform Game Assets/Environments/Environments/png/512x512 using Guid(047b1b47735d2f04486cd351e5a16c17) Importer(815301076,1909f56bfc062723c751e8b465ee728b)  -> (artifact id: 'f5092a9c2deeb8eee1a4e8c76a5fa478') in 0.019433 seconds
  Import took 0.042936 seconds .

========================================================================
Received Import Request.
  Time since last request: 7.980427 seconds.
  path: Assets/BayatGames/Free Platform Game Assets/Tiles/2D Tiles ( Update 1.9 )/Winter
  artifactKey: Guid(3ef4fc8d15ae88443adc23afa70eb394) Importer(815301076,1909f56bfc062723c751e8b465ee728b)
Start importing Assets/BayatGames/Free Platform Game Assets/Tiles/2D Tiles ( Update 1.9 )/Winter using Guid(3ef4fc8d15ae88443adc23afa70eb394) Importer(815301076,1909f56bfc062723c751e8b465ee728b)  -> (artifact id: '5911cd9ba989b89d2341ef15a9b39e2c') in 0.006564 seconds
  Import took 0.128485 seconds .

========================================================================
Received Import Request.
  Time since last request: 1441.247036 seconds.
  path: Assets/BayatGames/Free Platform Game Assets/Tiles/2D Tiles ( Update 1.9 )/Winter/512x512
  artifactKey: Guid(64d55ac622a295b4e9f6c885174088b1) Importer(815301076,1909f56bfc062723c751e8b465ee728b)
Start importing Assets/BayatGames/Free Platform Game Assets/Tiles/2D Tiles ( Update 1.9 )/Winter/512x512 using Guid(64d55ac622a295b4e9f6c885174088b1) Importer(815301076,1909f56bfc062723c751e8b465ee728b)  -> (artifact id: '4ad214228e85a33aefeed176bf7f8109') in 0.019046 seconds
  Import took 0.046632 seconds .

========================================================================
Received Import Request.
  Time since last request: 3.068734 seconds.
  path: Assets/BayatGames/Free Platform Game Assets/Tiles/2D Tiles ( Update 1.9 )/Winter/256x256
  artifactKey: Guid(6c707e7b424db1546b9f204ecba8845b) Importer(815301076,1909f56bfc062723c751e8b465ee728b)
Start importing Assets/BayatGames/Free Platform Game Assets/Tiles/2D Tiles ( Update 1.9 )/Winter/256x256 using Guid(6c707e7b424db1546b9f204ecba8845b) Importer(815301076,1909f56bfc062723c751e8b465ee728b)  -> (artifact id: '1514cc327625adca4723a2f86a9ddbc7') in 0.026818 seconds
  Import took 0.045746 seconds .

========================================================================
Received Import Request.
  Time since last request: 10.416713 seconds.
  path: Assets/BayatGames/Free Platform Game Assets/Tiles/2.5D Tiles/Spring
  artifactKey: Guid(93b736106b0ccdc428b6af3d52b8eef2) Importer(815301076,1909f56bfc062723c751e8b465ee728b)
Start importing Assets/BayatGames/Free Platform Game Assets/Tiles/2.5D Tiles/Spring using Guid(93b736106b0ccdc428b6af3d52b8eef2) Importer(815301076,1909f56bfc062723c751e8b465ee728b)  -> (artifact id: 'd66486a9a4e6eb130f61173e7caa8d29') in 0.026240 seconds
  Import took 0.044126 seconds .

========================================================================
Received Import Request.
  Time since last request: 1.059220 seconds.
  path: Assets/BayatGames/Free Platform Game Assets/Tiles/2.5D Tiles/Spring/png
  artifactKey: Guid(c62cdd51d54f8eb4284dacc93e118ddc) Importer(815301076,1909f56bfc062723c751e8b465ee728b)
Start importing Assets/BayatGames/Free Platform Game Assets/Tiles/2.5D Tiles/Spring/png using Guid(c62cdd51d54f8eb4284dacc93e118ddc) Importer(815301076,1909f56bfc062723c751e8b465ee728b)  -> (artifact id: 'fbeb47951f0027420b4827256f678d78') in 0.021562 seconds
  Import took 0.042720 seconds .

========================================================================
Received Import Request.
  Time since last request: 0.873311 seconds.
  path: Assets/BayatGames/Free Platform Game Assets/Tiles/2.5D Tiles/Spring/png/256x256
  artifactKey: Guid(4259fe179c681da4e9c15bc5654fd5f7) Importer(815301076,1909f56bfc062723c751e8b465ee728b)
Start importing Assets/BayatGames/Free Platform Game Assets/Tiles/2.5D Tiles/Spring/png/256x256 using Guid(4259fe179c681da4e9c15bc5654fd5f7) Importer(815301076,1909f56bfc062723c751e8b465ee728b)  -> (artifact id: 'c3e1c05054a242bad69a41fb073f655c') in 0.002837 seconds
  Import took 0.016968 seconds .

========================================================================
Received Import Request.
  Time since last request: 638.047868 seconds.
  path: Assets/BayatGames/Free Platform Game Assets/Tiles/2.5D Tiles/Autumn ( Update 1.9 )
  artifactKey: Guid(e34e37d897c3f1845a8950e676c5f3d9) Importer(815301076,1909f56bfc062723c751e8b465ee728b)
Start importing Assets/BayatGames/Free Platform Game Assets/Tiles/2.5D Tiles/Autumn ( Update 1.9 ) using Guid(e34e37d897c3f1845a8950e676c5f3d9) Importer(815301076,1909f56bfc062723c751e8b465ee728b)  -> (artifact id: 'a4d36bbba2b38ab587e425874217f675') in 0.007462 seconds
  Import took 0.231936 seconds .

========================================================================
Received Import Request.
  Time since last request: 0.522203 seconds.
  path: Assets/BayatGames/Free Platform Game Assets/Tiles/2.5D Tiles/Autumn ( Update 1.9 )/256x256
  artifactKey: Guid(51a613a84713ba445827f2fb81be0a6f) Importer(815301076,1909f56bfc062723c751e8b465ee728b)
Start importing Assets/BayatGames/Free Platform Game Assets/Tiles/2.5D Tiles/Autumn ( Update 1.9 )/256x256 using Guid(51a613a84713ba445827f2fb81be0a6f) Importer(815301076,1909f56bfc062723c751e8b465ee728b)  -> (artifact id: '6f914507488b9e90fbdd01cc55b3fbc9') in 0.030996 seconds
  Import took 0.049008 seconds .

========================================================================
Received Import Request.
  Time since last request: 26.679182 seconds.
  path: Assets/BayatGames/Free Platform Game Assets/Tiles/2D Tiles ( Update 1.9 )/Autumn/512x512
  artifactKey: Guid(736cc0352624c2a4c93ffd5bb238ffc6) Importer(815301076,1909f56bfc062723c751e8b465ee728b)
Start importing Assets/BayatGames/Free Platform Game Assets/Tiles/2D Tiles ( Update 1.9 )/Autumn/512x512 using Guid(736cc0352624c2a4c93ffd5bb238ffc6) Importer(815301076,1909f56bfc062723c751e8b465ee728b)  -> (artifact id: '1c8585be1f57b8a2d15306f1b6179610') in 0.012320 seconds
  Import took 0.040350 seconds .

========================================================================
Received Prepare
Registering precompiled user dll's ...
Registered in 0.001321 seconds.
Begin MonoManager ReloadAssembly
Native extension for WindowsStandalone target not found
Refreshing native plugins compatible for Editor in 0.46 ms, found 1 plugins.
Preloading 0 native plugins for Editor in 0.00 ms.
Invoked RoslynAnalysisRunner static constructor.
RoslynAnalysisRunner will not be running.
RoslynAnalysisRunner has terminated.
Mono: successfully reloaded assembly
- Completed reload, in  0.815 seconds
Platform modules already initialized, skipping
Refreshing native plugins compatible for Editor in 0.44 ms, found 1 plugins.
Preloading 0 native plugins for Editor in 0.00 ms.
Unloading 1788 Unused Serialized files (Serialized files now loaded: 0)
System memory in use before: 103.8 MB.
System memory in use after: 103.8 MB.

Unloading 12 unused Assets to reduce memory usage. Loaded Objects now: 2266.
Total: 1.601800 ms (FindLiveObjects: 0.164700 ms CreateObjectMapping: 0.049900 ms MarkObjects: 1.309900 ms  DeleteObjects: 0.076400 ms)

========================================================================
Received Prepare
Registering precompiled user dll's ...
Registered in 0.001332 seconds.
Begin MonoManager ReloadAssembly
Native extension for WindowsStandalone target not found
Refreshing native plugins compatible for Editor in 0.39 ms, found 1 plugins.
Preloading 0 native plugins for Editor in 0.00 ms.
Invoked RoslynAnalysisRunner static constructor.
RoslynAnalysisRunner will not be running.
RoslynAnalysisRunner has terminated.
Mono: successfully reloaded assembly
- Completed reload, in  0.831 seconds
Platform modules already initialized, skipping
Refreshing native plugins compatible for Editor in 0.44 ms, found 1 plugins.
Preloading 0 native plugins for Editor in 0.00 ms.
Unloading 1788 Unused Serialized files (Serialized files now loaded: 0)
System memory in use before: 104.0 MB.
System memory in use after: 104.0 MB.

Unloading 12 unused Assets to reduce memory usage. Loaded Objects now: 2269.
Total: 1.546700 ms (FindLiveObjects: 0.138200 ms CreateObjectMapping: 0.046700 ms MarkObjects: 1.286100 ms  DeleteObjects: 0.075000 ms)

========================================================================
Received Prepare
Registering precompiled user dll's ...
Registered in 0.001412 seconds.
Begin MonoManager ReloadAssembly
Native extension for WindowsStandalone target not found
Refreshing native plugins compatible for Editor in 0.39 ms, found 1 plugins.
Preloading 0 native plugins for Editor in 0.00 ms.
Invoked RoslynAnalysisRunner static constructor.
RoslynAnalysisRunner will not be running.
RoslynAnalysisRunner has terminated.
Mono: successfully reloaded assembly
- Completed reload, in  0.857 seconds
Platform modules already initialized, skipping
Refreshing native plugins compatible for Editor in 0.42 ms, found 1 plugins.
Preloading 0 native plugins for Editor in 0.00 ms.
Unloading 1788 Unused Serialized files (Serialized files now loaded: 0)
System memory in use before: 104.1 MB.
System memory in use after: 104.1 MB.

Unloading 12 unused Assets to reduce memory usage. Loaded Objects now: 2272.
Total: 1.754900 ms (FindLiveObjects: 0.207000 ms CreateObjectMapping: 0.063300 ms MarkObjects: 1.401400 ms  DeleteObjects: 0.082400 ms)

========================================================================
Received Import Request.
  Time since last request: 1327.421758 seconds.
  path: Assets/Building Blocks
  artifactKey: Guid(1a5702196f508ec4184112b1984ec94c) Importer(815301076,1909f56bfc062723c751e8b465ee728b)
Start importing Assets/Building Blocks using Guid(1a5702196f508ec4184112b1984ec94c) Importer(815301076,1909f56bfc062723c751e8b465ee728b)  -> (artifact id: '195b4fce1cbe48412ba1d360e94c8442') in 0.009439 seconds
  Import took 0.032424 seconds .

========================================================================
Received Import Request.
  Time since last request: 2.649457 seconds.
  path: Assets/Building Blocks/LeftWall.prefab
  artifactKey: Guid(517b960aa7c0dd1458735f8b90022491) Importer(815301076,1909f56bfc062723c751e8b465ee728b)
Start importing Assets/Building Blocks/LeftWall.prefab using Guid(517b960aa7c0dd1458735f8b90022491) Importer(815301076,1909f56bfc062723c751e8b465ee728b)  -> (artifact id: 'b50a8f79cbd1569db2fdd22d1d9e8793') in 0.162493 seconds
  Import took 0.181653 seconds .

========================================================================
Received Import Request.
  Time since last request: 3.004326 seconds.
  path: Assets/Building Blocks/RightWall.prefab
  artifactKey: Guid(76a1321a87679a449be40bf49eb74fc3) Importer(815301076,1909f56bfc062723c751e8b465ee728b)
Start importing Assets/Building Blocks/RightWall.prefab using Guid(76a1321a87679a449be40bf49eb74fc3) Importer(815301076,1909f56bfc062723c751e8b465ee728b)  -> (artifact id: '2ae704b4599aac661b7a822639258b46') in 0.017458 seconds
  Import took 0.129254 seconds .

========================================================================
Received Prepare
Registering precompiled user dll's ...
Registered in 0.001333 seconds.
Begin MonoManager ReloadAssembly
Native extension for WindowsStandalone target not found
Refreshing native plugins compatible for Editor in 0.39 ms, found 1 plugins.
Preloading 0 native plugins for Editor in 0.00 ms.
Invoked RoslynAnalysisRunner static constructor.
RoslynAnalysisRunner will not be running.
RoslynAnalysisRunner has terminated.
Mono: successfully reloaded assembly
- Completed reload, in  0.856 seconds
Platform modules already initialized, skipping
Refreshing native plugins compatible for Editor in 0.42 ms, found 1 plugins.
Preloading 0 native plugins for Editor in 0.00 ms.
Unloading 1788 Unused Serialized files (Serialized files now loaded: 0)
System memory in use before: 107.4 MB.
System memory in use after: 107.4 MB.

Unloading 12 unused Assets to reduce memory usage. Loaded Objects now: 2282.
Total: 2.051200 ms (FindLiveObjects: 0.239800 ms CreateObjectMapping: 0.061500 ms MarkObjects: 1.672400 ms  DeleteObjects: 0.076800 ms)

========================================================================
Received Prepare
Registering precompiled user dll's ...
Registered in 0.001354 seconds.
Begin MonoManager ReloadAssembly
Native extension for WindowsStandalone target not found
Refreshing native plugins compatible for Editor in 0.40 ms, found 1 plugins.
Preloading 0 native plugins for Editor in 0.00 ms.
Invoked RoslynAnalysisRunner static constructor.
RoslynAnalysisRunner will not be running.
RoslynAnalysisRunner has terminated.
Mono: successfully reloaded assembly
- Completed reload, in  0.841 seconds
Platform modules already initialized, skipping
Refreshing native plugins compatible for Editor in 0.40 ms, found 1 plugins.
Preloading 0 native plugins for Editor in 0.00 ms.
Unloading 1788 Unused Serialized files (Serialized files now loaded: 0)
System memory in use before: 107.4 MB.
System memory in use after: 107.4 MB.

Unloading 12 unused Assets to reduce memory usage. Loaded Objects now: 2285.
Total: 1.959800 ms (FindLiveObjects: 0.162400 ms CreateObjectMapping: 0.049200 ms MarkObjects: 1.666300 ms  DeleteObjects: 0.081200 ms)

========================================================================
Received Prepare
Registering precompiled user dll's ...
Registered in 0.001516 seconds.
Begin MonoManager ReloadAssembly
Native extension for WindowsStandalone target not found
Refreshing native plugins compatible for Editor in 0.39 ms, found 1 plugins.
Preloading 0 native plugins for Editor in 0.00 ms.
Invoked RoslynAnalysisRunner static constructor.
RoslynAnalysisRunner will not be running.
RoslynAnalysisRunner has terminated.
Mono: successfully reloaded assembly
- Completed reload, in  0.846 seconds
Platform modules already initialized, skipping
Refreshing native plugins compatible for Editor in 0.40 ms, found 1 plugins.
Preloading 0 native plugins for Editor in 0.00 ms.
Unloading 1789 Unused Serialized files (Serialized files now loaded: 0)
System memory in use before: 107.6 MB.
System memory in use after: 107.6 MB.

Unloading 12 unused Assets to reduce memory usage. Loaded Objects now: 2289.
Total: 1.892300 ms (FindLiveObjects: 0.282700 ms CreateObjectMapping: 0.103100 ms MarkObjects: 1.394800 ms  DeleteObjects: 0.111000 ms)

========================================================================
Received Prepare
Registering precompiled user dll's ...
Registered in 0.001489 seconds.
Begin MonoManager ReloadAssembly
Native extension for WindowsStandalone target not found
Refreshing native plugins compatible for Editor in 0.40 ms, found 1 plugins.
Preloading 0 native plugins for Editor in 0.00 ms.
Invoked RoslynAnalysisRunner static constructor.
RoslynAnalysisRunner will not be running.
RoslynAnalysisRunner has terminated.
Mono: successfully reloaded assembly
- Completed reload, in  0.872 seconds
Platform modules already initialized, skipping
Refreshing native plugins compatible for Editor in 0.44 ms, found 1 plugins.
Preloading 0 native plugins for Editor in 0.00 ms.
Unloading 1789 Unused Serialized files (Serialized files now loaded: 0)
System memory in use before: 107.8 MB.
System memory in use after: 107.8 MB.

Unloading 12 unused Assets to reduce memory usage. Loaded Objects now: 2292.
Total: 2.075200 ms (FindLiveObjects: 0.241200 ms CreateObjectMapping: 0.092100 ms MarkObjects: 1.655400 ms  DeleteObjects: 0.085700 ms)

========================================================================
Received Prepare
Registering precompiled user dll's ...
Registered in 0.001504 seconds.
Begin MonoManager ReloadAssembly
Native extension for WindowsStandalone target not found
Refreshing native plugins compatible for Editor in 0.42 ms, found 1 plugins.
Preloading 0 native plugins for Editor in 0.00 ms.
Invoked RoslynAnalysisRunner static constructor.
RoslynAnalysisRunner will not be running.
RoslynAnalysisRunner has terminated.
Mono: successfully reloaded assembly
- Completed reload, in  0.917 seconds
Platform modules already initialized, skipping
Refreshing native plugins compatible for Editor in 0.39 ms, found 1 plugins.
Preloading 0 native plugins for Editor in 0.00 ms.
Unloading 1789 Unused Serialized files (Serialized files now loaded: 0)
System memory in use before: 107.9 MB.
System memory in use after: 107.9 MB.

Unloading 12 unused Assets to reduce memory usage. Loaded Objects now: 2295.
Total: 1.871400 ms (FindLiveObjects: 0.198800 ms CreateObjectMapping: 0.062400 ms MarkObjects: 1.523600 ms  DeleteObjects: 0.085900 ms)

========================================================================
Received Prepare
Registering precompiled user dll's ...
Registered in 0.001435 seconds.
Begin MonoManager ReloadAssembly
Native extension for WindowsStandalone target not found
Refreshing native plugins compatible for Editor in 0.54 ms, found 1 plugins.
Preloading 0 native plugins for Editor in 0.00 ms.
Invoked RoslynAnalysisRunner static constructor.
RoslynAnalysisRunner will not be running.
RoslynAnalysisRunner has terminated.
Mono: successfully reloaded assembly
- Completed reload, in  0.948 seconds
Platform modules already initialized, skipping
Refreshing native plugins compatible for Editor in 0.40 ms, found 1 plugins.
Preloading 0 native plugins for Editor in 0.00 ms.
Unloading 1789 Unused Serialized files (Serialized files now loaded: 0)
System memory in use before: 108.0 MB.
System memory in use after: 108.0 MB.

Unloading 12 unused Assets to reduce memory usage. Loaded Objects now: 2298.
Total: 1.618400 ms (FindLiveObjects: 0.145300 ms CreateObjectMapping: 0.047400 ms MarkObjects: 1.345900 ms  DeleteObjects: 0.078700 ms)

========================================================================
Received Prepare
Registering precompiled user dll's ...
Registered in 0.001450 seconds.
Begin MonoManager ReloadAssembly
Native extension for WindowsStandalone target not found
Refreshing native plugins compatible for Editor in 0.39 ms, found 1 plugins.
Preloading 0 native plugins for Editor in 0.00 ms.
Invoked RoslynAnalysisRunner static constructor.
RoslynAnalysisRunner will not be running.
RoslynAnalysisRunner has terminated.
Mono: successfully reloaded assembly
- Completed reload, in  0.933 seconds
Platform modules already initialized, skipping
Refreshing native plugins compatible for Editor in 0.47 ms, found 1 plugins.
Preloading 0 native plugins for Editor in 0.00 ms.
Unloading 1789 Unused Serialized files (Serialized files now loaded: 0)
System memory in use before: 108.2 MB.
System memory in use after: 108.2 MB.

Unloading 12 unused Assets to reduce memory usage. Loaded Objects now: 2301.
Total: 1.799700 ms (FindLiveObjects: 0.195500 ms CreateObjectMapping: 0.074000 ms MarkObjects: 1.445400 ms  DeleteObjects: 0.083700 ms)

========================================================================
Received Prepare
Registering precompiled user dll's ...
Registered in 0.001366 seconds.
Begin MonoManager ReloadAssembly
Native extension for WindowsStandalone target not found
Refreshing native plugins compatible for Editor in 0.52 ms, found 1 plugins.
Preloading 0 native plugins for Editor in 0.00 ms.
Invoked RoslynAnalysisRunner static constructor.
RoslynAnalysisRunner will not be running.
RoslynAnalysisRunner has terminated.
Mono: successfully reloaded assembly
- Completed reload, in  0.951 seconds
Platform modules already initialized, skipping
Refreshing native plugins compatible for Editor in 0.42 ms, found 1 plugins.
Preloading 0 native plugins for Editor in 0.00 ms.
Unloading 1789 Unused Serialized files (Serialized files now loaded: 0)
System memory in use before: 108.3 MB.
System memory in use after: 108.3 MB.

Unloading 12 unused Assets to reduce memory usage. Loaded Objects now: 2304.
Total: 1.779900 ms (FindLiveObjects: 0.225300 ms CreateObjectMapping: 0.065300 ms MarkObjects: 1.403800 ms  DeleteObjects: 0.084100 ms)

========================================================================
Received Prepare
Registering precompiled user dll's ...
Registered in 0.001419 seconds.
Begin MonoManager ReloadAssembly
Native extension for WindowsStandalone target not found
Refreshing native plugins compatible for Editor in 0.40 ms, found 1 plugins.
Preloading 0 native plugins for Editor in 0.00 ms.
Invoked RoslynAnalysisRunner static constructor.
RoslynAnalysisRunner will not be running.
RoslynAnalysisRunner has terminated.
Mono: successfully reloaded assembly
- Completed reload, in  0.929 seconds
Platform modules already initialized, skipping
Refreshing native plugins compatible for Editor in 0.43 ms, found 1 plugins.
Preloading 0 native plugins for Editor in 0.00 ms.
Unloading 1789 Unused Serialized files (Serialized files now loaded: 0)
System memory in use before: 108.4 MB.
System memory in use after: 108.4 MB.

Unloading 12 unused Assets to reduce memory usage. Loaded Objects now: 2307.
Total: 1.623300 ms (FindLiveObjects: 0.156800 ms CreateObjectMapping: 0.043600 ms MarkObjects: 1.345800 ms  DeleteObjects: 0.076300 ms)

========================================================================
Received Prepare
Registering precompiled user dll's ...
Registered in 0.001359 seconds.
Begin MonoManager ReloadAssembly
Native extension for WindowsStandalone target not found
Refreshing native plugins compatible for Editor in 0.44 ms, found 1 plugins.
Preloading 0 native plugins for Editor in 0.00 ms.
Invoked RoslynAnalysisRunner static constructor.
RoslynAnalysisRunner will not be running.
RoslynAnalysisRunner has terminated.
Mono: successfully reloaded assembly
- Completed reload, in  0.945 seconds
Platform modules already initialized, skipping
Refreshing native plugins compatible for Editor in 0.44 ms, found 1 plugins.
Preloading 0 native plugins for Editor in 0.00 ms.
Unloading 1789 Unused Serialized files (Serialized files now loaded: 0)
System memory in use before: 108.5 MB.
System memory in use after: 108.5 MB.

Unloading 12 unused Assets to reduce memory usage. Loaded Objects now: 2310.
Total: 1.778500 ms (FindLiveObjects: 0.157000 ms CreateObjectMapping: 0.057800 ms MarkObjects: 1.485300 ms  DeleteObjects: 0.077600 ms)

========================================================================
Received Prepare
Registering precompiled user dll's ...
Registered in 0.001603 seconds.
Begin MonoManager ReloadAssembly
Native extension for WindowsStandalone target not found
Refreshing native plugins compatible for Editor in 0.39 ms, found 1 plugins.
Preloading 0 native plugins for Editor in 0.00 ms.
Invoked RoslynAnalysisRunner static constructor.
RoslynAnalysisRunner will not be running.
RoslynAnalysisRunner has terminated.
Mono: successfully reloaded assembly
- Completed reload, in  0.964 seconds
Platform modules already initialized, skipping
Refreshing native plugins compatible for Editor in 0.41 ms, found 1 plugins.
Preloading 0 native plugins for Editor in 0.00 ms.
Unloading 1789 Unused Serialized files (Serialized files now loaded: 0)
System memory in use before: 107.7 MB.
System memory in use after: 107.7 MB.

Unloading 12 unused Assets to reduce memory usage. Loaded Objects now: 2313.
Total: 1.538500 ms (FindLiveObjects: 0.160200 ms CreateObjectMapping: 0.044300 ms MarkObjects: 1.258200 ms  DeleteObjects: 0.075000 ms)

========================================================================
Received Prepare
Registering precompiled user dll's ...
Registered in 0.001437 seconds.
Begin MonoManager ReloadAssembly
Native extension for WindowsStandalone target not found
Refreshing native plugins compatible for Editor in 0.40 ms, found 1 plugins.
Preloading 0 native plugins for Editor in 0.00 ms.
Invoked RoslynAnalysisRunner static constructor.
RoslynAnalysisRunner will not be running.
RoslynAnalysisRunner has terminated.
Mono: successfully reloaded assembly
- Completed reload, in  1.020 seconds
Platform modules already initialized, skipping
Refreshing native plugins compatible for Editor in 0.48 ms, found 1 plugins.
Preloading 0 native plugins for Editor in 0.00 ms.
Unloading 1789 Unused Serialized files (Serialized files now loaded: 0)
System memory in use before: 107.9 MB.
System memory in use after: 107.9 MB.

Unloading 12 unused Assets to reduce memory usage. Loaded Objects now: 2316.
Total: 1.926600 ms (FindLiveObjects: 0.173200 ms CreateObjectMapping: 0.067900 ms MarkObjects: 1.603300 ms  DeleteObjects: 0.081300 ms)

========================================================================
Received Prepare
Registering precompiled user dll's ...
Registered in 0.001434 seconds.
Begin MonoManager ReloadAssembly
Native extension for WindowsStandalone target not found
Refreshing native plugins compatible for Editor in 0.39 ms, found 1 plugins.
Preloading 0 native plugins for Editor in 0.00 ms.
Invoked RoslynAnalysisRunner static constructor.
RoslynAnalysisRunner will not be running.
RoslynAnalysisRunner has terminated.
Mono: successfully reloaded assembly
- Completed reload, in  1.027 seconds
Platform modules already initialized, skipping
Refreshing native plugins compatible for Editor in 0.39 ms, found 1 plugins.
Preloading 0 native plugins for Editor in 0.00 ms.
Unloading 1789 Unused Serialized files (Serialized files now loaded: 0)
System memory in use before: 108.0 MB.
System memory in use after: 108.0 MB.

Unloading 12 unused Assets to reduce memory usage. Loaded Objects now: 2319.
Total: 1.748600 ms (FindLiveObjects: 0.148300 ms CreateObjectMapping: 0.051900 ms MarkObjects: 1.468400 ms  DeleteObjects: 0.079000 ms)

========================================================================
Received Prepare
Registering precompiled user dll's ...
Registered in 0.001481 seconds.
Begin MonoManager ReloadAssembly
Native extension for WindowsStandalone target not found
Refreshing native plugins compatible for Editor in 0.39 ms, found 1 plugins.
Preloading 0 native plugins for Editor in 0.00 ms.
Invoked RoslynAnalysisRunner static constructor.
RoslynAnalysisRunner will not be running.
RoslynAnalysisRunner has terminated.
Mono: successfully reloaded assembly
- Completed reload, in  1.061 seconds
Platform modules already initialized, skipping
Refreshing native plugins compatible for Editor in 0.39 ms, found 1 plugins.
Preloading 0 native plugins for Editor in 0.00 ms.
Unloading 1789 Unused Serialized files (Serialized files now loaded: 0)
System memory in use before: 108.1 MB.
System memory in use after: 108.1 MB.

Unloading 12 unused Assets to reduce memory usage. Loaded Objects now: 2322.
Total: 1.818100 ms (FindLiveObjects: 0.155900 ms CreateObjectMapping: 0.055300 ms MarkObjects: 1.527000 ms  DeleteObjects: 0.079000 ms)

========================================================================
Received Prepare
Registering precompiled user dll's ...
Registered in 0.001388 seconds.
Begin MonoManager ReloadAssembly
Native extension for WindowsStandalone target not found
Refreshing native plugins compatible for Editor in 0.40 ms, found 1 plugins.
Preloading 0 native plugins for Editor in 0.00 ms.
Invoked RoslynAnalysisRunner static constructor.
RoslynAnalysisRunner will not be running.
RoslynAnalysisRunner has terminated.
Mono: successfully reloaded assembly
- Completed reload, in  1.025 seconds
Platform modules already initialized, skipping
Refreshing native plugins compatible for Editor in 0.45 ms, found 1 plugins.
Preloading 0 native plugins for Editor in 0.00 ms.
Unloading 1789 Unused Serialized files (Serialized files now loaded: 0)
System memory in use before: 108.3 MB.
System memory in use after: 108.3 MB.

Unloading 12 unused Assets to reduce memory usage. Loaded Objects now: 2325.
Total: 2.009300 ms (FindLiveObjects: 0.211800 ms CreateObjectMapping: 0.060900 ms MarkObjects: 1.656800 ms  DeleteObjects: 0.079100 ms)

========================================================================
Received Import Request.
  Time since last request: 2373.819492 seconds.
  path: Assets/Camera
  artifactKey: Guid(1805718e634d7284c9514a160ab17c73) Importer(815301076,1909f56bfc062723c751e8b465ee728b)
Start importing Assets/Camera using Guid(1805718e634d7284c9514a160ab17c73) Importer(815301076,1909f56bfc062723c751e8b465ee728b)  -> (artifact id: 'a433aad93323a8cfce79b3d4ba728cb2') in 0.008071 seconds
  Import took 0.021973 seconds .

========================================================================
Received Prepare
Registering precompiled user dll's ...
Registered in 0.001455 seconds.
Begin MonoManager ReloadAssembly
Native extension for WindowsStandalone target not found
Refreshing native plugins compatible for Editor in 0.39 ms, found 1 plugins.
Preloading 0 native plugins for Editor in 0.00 ms.
Invoked RoslynAnalysisRunner static constructor.
RoslynAnalysisRunner will not be running.
RoslynAnalysisRunner has terminated.
Mono: successfully reloaded assembly
- Completed reload, in  1.036 seconds
Platform modules already initialized, skipping
Refreshing native plugins compatible for Editor in 0.42 ms, found 1 plugins.
Preloading 0 native plugins for Editor in 0.00 ms.
Unloading 1789 Unused Serialized files (Serialized files now loaded: 0)
System memory in use before: 108.4 MB.
System memory in use after: 108.4 MB.

Unloading 12 unused Assets to reduce memory usage. Loaded Objects now: 2328.
Total: 1.659000 ms (FindLiveObjects: 0.155300 ms CreateObjectMapping: 0.054400 ms MarkObjects: 1.372600 ms  DeleteObjects: 0.076200 ms)

========================================================================
Received Import Request.
  Time since last request: 6.889773 seconds.
  path: Assets/Player/player.physicsMaterial2D
  artifactKey: Guid(26230c90e781b7e48b5ed624be4fc86b) Importer(815301076,1909f56bfc062723c751e8b465ee728b)
Start importing Assets/Player/player.physicsMaterial2D using Guid(26230c90e781b7e48b5ed624be4fc86b) Importer(815301076,1909f56bfc062723c751e8b465ee728b)  -> (artifact id: 'e69290ec56863c4c3aef3648c4cca1ea') in 0.014950 seconds
  Import took 0.047845 seconds .

========================================================================
Received Import Request.
  Time since last request: 0.232123 seconds.
  path: Assets/Player/PlayerController.cs
  artifactKey: Guid(8a2a2cd7f8be25644a4594b4f35e8db8) Importer(815301076,1909f56bfc062723c751e8b465ee728b)
Start importing Assets/Player/PlayerController.cs using Guid(8a2a2cd7f8be25644a4594b4f35e8db8) Importer(815301076,1909f56bfc062723c751e8b465ee728b)  -> (artifact id: '373e46187010324722b67711eb5a9784') in 0.113142 seconds
  Import took 0.136381 seconds .

========================================================================
Received Import Request.
  Time since last request: 51.576332 seconds.
  path: Assets/Camera/CameraController.cs
  artifactKey: Guid(0eab3a9dc0b814f4cacf1ab88935f99f) Importer(815301076,1909f56bfc062723c751e8b465ee728b)
Start importing Assets/Camera/CameraController.cs using Guid(0eab3a9dc0b814f4cacf1ab88935f99f) Importer(815301076,1909f56bfc062723c751e8b465ee728b)  -> (artifact id: 'a9b8dcb128e8ffe74f503012ee4ae710') in 0.007725 seconds
  Import took 0.030575 seconds .

========================================================================
Received Prepare
Registering precompiled user dll's ...
Registered in 0.001393 seconds.
Begin MonoManager ReloadAssembly
Native extension for WindowsStandalone target not found
Refreshing native plugins compatible for Editor in 0.42 ms, found 1 plugins.
Preloading 0 native plugins for Editor in 0.00 ms.
Invoked RoslynAnalysisRunner static constructor.
RoslynAnalysisRunner will not be running.
RoslynAnalysisRunner has terminated.
Mono: successfully reloaded assembly
- Completed reload, in  1.045 seconds
Platform modules already initialized, skipping
Refreshing native plugins compatible for Editor in 0.52 ms, found 1 plugins.
Preloading 0 native plugins for Editor in 0.00 ms.
Unloading 1789 Unused Serialized files (Serialized files now loaded: 0)
System memory in use before: 108.5 MB.
System memory in use after: 108.5 MB.

Unloading 12 unused Assets to reduce memory usage. Loaded Objects now: 2331.
Total: 1.724600 ms (FindLiveObjects: 0.160200 ms CreateObjectMapping: 0.083000 ms MarkObjects: 1.401700 ms  DeleteObjects: 0.079000 ms)

========================================================================
Received Import Request.
  Time since last request: 12.662828 seconds.
  path: Assets/Camera/CameraController.cs
  artifactKey: Guid(0eab3a9dc0b814f4cacf1ab88935f99f) Importer(815301076,1909f56bfc062723c751e8b465ee728b)
Start importing Assets/Camera/CameraController.cs using Guid(0eab3a9dc0b814f4cacf1ab88935f99f) Importer(815301076,1909f56bfc062723c751e8b465ee728b)  -> (artifact id: 'caff1bd65d49c662012f8ffc7bf93b1e') in 0.006058 seconds
  Import took 0.026962 seconds .

========================================================================
Received Prepare
Registering precompiled user dll's ...
Registered in 0.001436 seconds.
Begin MonoManager ReloadAssembly
Native extension for WindowsStandalone target not found
Refreshing native plugins compatible for Editor in 0.39 ms, found 1 plugins.
Preloading 0 native plugins for Editor in 0.00 ms.
Invoked RoslynAnalysisRunner static constructor.
RoslynAnalysisRunner will not be running.
RoslynAnalysisRunner has terminated.
Mono: successfully reloaded assembly
- Completed reload, in  1.097 seconds
Platform modules already initialized, skipping
Refreshing native plugins compatible for Editor in 0.49 ms, found 1 plugins.
Preloading 0 native plugins for Editor in 0.00 ms.
Unloading 1789 Unused Serialized files (Serialized files now loaded: 0)
System memory in use before: 108.7 MB.
System memory in use after: 108.7 MB.

Unloading 12 unused Assets to reduce memory usage. Loaded Objects now: 2334.
Total: 1.861200 ms (FindLiveObjects: 0.179000 ms CreateObjectMapping: 0.051000 ms MarkObjects: 1.525800 ms  DeleteObjects: 0.104800 ms)

========================================================================
Received Import Request.
  Time since last request: 26.783034 seconds.
  path: Assets/Camera/CameraController.cs
  artifactKey: Guid(0eab3a9dc0b814f4cacf1ab88935f99f) Importer(815301076,1909f56bfc062723c751e8b465ee728b)
Start importing Assets/Camera/CameraController.cs using Guid(0eab3a9dc0b814f4cacf1ab88935f99f) Importer(815301076,1909f56bfc062723c751e8b465ee728b)  -> (artifact id: '34fbb68556a5c23780b58f57a9e84b58') in 0.004689 seconds
  Import took 0.012044 seconds .

========================================================================
Received Prepare
Registering precompiled user dll's ...
Registered in 0.001469 seconds.
Begin MonoManager ReloadAssembly
Native extension for WindowsStandalone target not found
Refreshing native plugins compatible for Editor in 0.39 ms, found 1 plugins.
Preloading 0 native plugins for Editor in 0.00 ms.
Invoked RoslynAnalysisRunner static constructor.
RoslynAnalysisRunner will not be running.
RoslynAnalysisRunner has terminated.
Mono: successfully reloaded assembly
- Completed reload, in  1.106 seconds
Platform modules already initialized, skipping
Refreshing native plugins compatible for Editor in 0.42 ms, found 1 plugins.
Preloading 0 native plugins for Editor in 0.00 ms.
Unloading 1789 Unused Serialized files (Serialized files now loaded: 0)
System memory in use before: 107.8 MB.
System memory in use after: 107.8 MB.

Unloading 12 unused Assets to reduce memory usage. Loaded Objects now: 2337.
Total: 1.759700 ms (FindLiveObjects: 0.174600 ms CreateObjectMapping: 0.048600 ms MarkObjects: 1.458000 ms  DeleteObjects: 0.077800 ms)

========================================================================
Received Import Request.
  Time since last request: 188.716423 seconds.
  path: Assets/Camera/CameraController.cs
  artifactKey: Guid(0eab3a9dc0b814f4cacf1ab88935f99f) Importer(815301076,1909f56bfc062723c751e8b465ee728b)
Start importing Assets/Camera/CameraController.cs using Guid(0eab3a9dc0b814f4cacf1ab88935f99f) Importer(815301076,1909f56bfc062723c751e8b465ee728b)  -> (artifact id: 'eb4980591ea98061588c9138e9a8b022') in 0.005893 seconds
  Import took 0.018551 seconds .

AssetImportWorkerClient::OnTransportError - code=2 error=End of file
